0
0
0
0
0
0
0
0
0
0
0
0
0
0
0
0
0
0
0
0
0
0
0
0
0
0
0
0
0
0
0
0
0
0
0
0
0
0
0
0
0
0
0
0
0
0
0
0
0
0
0
0
0
0
0
0
0
0
0
0
0
0
0
0
0
0
0
0
0
0
0
0
0
0
0
1 249
1 85
1 212
1 296
2 0 160
4 164 89 196 71
5 41 163 98 155 154
7 275 213 117 10 205 141 206
9 87 127 156 271 177 201 223 59 1
10 184 259 290 60 50 11 248 192 256 208
12 116 148 260 18 200 282 121 27 138 106 228 272
14 99 162 136 15 63 214 68 298 5 112 12 215 233 173
12 108 75 285 39 146 111 131 265 176 262 94 257
13 216 159 38 224 204 82 253 48 287 78 288 189 151
15 180 294 273 198 96 217 207 23 101 16 266 145 297 240 211
15 54 246 58 74 21 174 239 3 73 119 242 252 279 46 84
15 34 7 133 225 19 281 64 236 197 283 181 152 270 278 149
18 33 203 95 171 245 230 244 295 61 6 25 199 264 104 126 123 77 183
20 179 134 276 218 263 261 79 188 102 202 258 237 42 35 115 182 100 37 153 130
19 168 103 220 227 187 129 91 29 241 158 195 76 83 31 55 280 97 178 274
21 65 72 161 137 105 226 277 28 14 86 109 147 90 124 255 292 66 120 229 293 169
21 167 8 24 92 56 125 53 32 40 157 243 140 235 45 250 142 30 186 69 52 165
21 36 88 286 13 144 57 166 172 122 26 170 190 118 139 238 289 17 47 143 9 175
20 234 80 62 150 44 232 128 222 254 268 191 114 93 81 219 67 251 135 247 2
23 221 110 4 299 210 193 107 267 113 284 185 209 22 269 70 291 20 51 43 231 194 49 132
