9 2429 9052 8020 8285 477 498 1817 4476 1403
18 580 7287 1121 1518 2539 3583 3696 8394 5249 3062 1278 7412 6577 1748 447 796 8556 8222
29 9246 409 2649 4318 6900 9649 1030 5222 7631 112 732 6800 8691 6033 2398 2052 6094 6951 5487 6095 7755 8639 1096 4427 3093 4676 6637 5002 6976
22 5875 2537 7870 5158 8785 8951 3879 3461 4045 2626 7384 3038 1842 3163 4012 1298 2757 7128 6341 6754 8929 2007
29 4058 2791 1524 5829 9297 6000 6927 4246 1667 541 5120 2665 2228 4584 290 9941 6243 670 5038 3803 9285 8702 5469 3854 6611 3113 6978 4103 9329
25 7180 3490 3462 4008 5626 2291 5838 7446 1281 3307 1504 9130 524 3538 9578 7817 2472 1063 9812 6386 238 4864 1820 5373 6124
16 6255 9804 2230 1537 8237 9636 332 9055 3215 8977 5327 9998 9358 4820 7303 7524
27 5698 199 1353 6128 2600 5291 5748 5593 8160 6925 5959 2955 5041 4899 2560 1039 4076 3037 8050 9605 2391 1337 2643 9656 1161 7955 5561
3 7779 8659 2736
29 4170 3989 7666 3108 4024 482 622 458 9666 4718 3573 5962 442 5724 827 520 8928 2565 2997 5761 1719 28 5940 4447 9269 9214 3734 2922 1107
25 3424 6029 2424 9190 7085 4758 2714 1294 1639 9195 5567 7546 8796 6970 7619 3332 5347 584 5572 5357 7892 255 8561 6016 6099
17 6002 5990 3317 9640 4035 6196 7636 8426 3338 9388 2314 9159 6290 9469 9917 9357 4941
15 5769 2589 5710 601 1245 8094 6420 8981 1902 5366 2128 8750 686 1371 7433
9 9283 1177 8173 4405 7143 2198 1246 1706 5348
13 8950 150 4703 8682 7663 6261 1563 5965 2726 2034 5319 5834 3507
24 9187 457 2000 7847 5214 9813 9179 5858 3124 8564 487 8316 7608 7006 5097 8051 4454 6146 2522 3304 2879 6522 504 465
15 5860 6159 3947 6474 3433 9070 5054 5700 7812 74 6908 9556 6974 6581 5975
13 7064 6450 7567 2799 161 3867 8421 3493 6716 7361 3574 1365 3827
20 4154 2470 5579 5045 1248 7344 4046 326 6475 1668 6738 6883 6376 6320 2379 9040 9147 188 571 8825
21 6529 5954 9871 529 4344 6563 2979 4699 1791 3049 9837 5101 10 8105 7420 3639 80 9979 5986 3878 5254
15 3601 9633 5892 7922 9263 4396 8548 9566 3799 4248 244 4857 9252 7713 7133
15 448 2077 4555 6263 5238 2776 1692 8296 4159 7506 7801 6052 163 1225 2848
12 6961 2455 4782 6638 6989 7579 2857 3731 2323 4323 6312 1555
8 5971 7000 9681 5043 7140 9954 8704 3945
25 2782 2731 1587 2330 365 4624 2653 8748 1870 1896 4044 5656 6862 3796 9363 6887 9356 9908 8846 111 5215 7624 8084 1454 4747
25 9191 1655 9100 8970 7662 3940 9832 2190 3645 5635 5313 2841 8531 9161 5100 2945 3195 555 7096 8015 7839 3658 3609 1526 7459
26 2335 1186 4990 8189 8510 352 3811 2501 2504 8817 841 6504 6737 8872 2037 8627 2215 745 547 2733 2624 4287 1846 2286 1928 5404
4 8715 9382 9657 7110
12 8573 1252 8188 5957 7176 4291 8760 5915 6326 9442 3650 5513
14 4720 3783 9710 7043 6161 5514 233 1533 4179 8729 4513 8340 3837 2845
20 8277 935 7912 4944 4784 7967 4607 639 8597 979 7587 7927 7167 6478 9583 1162 1068 8982 9451 3224
20 1489 35 292 3524 5941 1392 3271 4992 5032 7879 839 9408 9575 4461 1413 8845 787 1849 1085 2334
20 4558 2250 8259 7769 867 7312 5451 3938 6366 3210 7543 8896 7169 1918 2796 4535 9730 6906 7354 7809
26 951 9209 8300 7682 1106 4806 9457 8960 4372 1702 4617 3919 6608 8922 2859 3918 7777 5288 4780 1490 7170 937 3715 7126 7977 8879
13 8477 4003 8298 137 6601 2596 2042 2892 2740 105 4089 198 9520
11 5699 6584 9809 2525 636 938 9150 3556 120 4163 1880
9 315 5540 6503 3802 382 7122 2654 594 6665
15 4150 5112 7102 7208 9923 1081 230 5123 4314 5031 1756 786 8788 1559 1207
29 3149 1024 9631 8368 1324 6659 1963 428 6605 1429 2179 2957 847 6223 5292 4651 3467 909 3937 8052 1184 17 347 9415 4456 8522 2550 2449 9448
23 7799 3396 5566 9171 6896 5803 7014 1431 3717 232 6116 9079 800 4822 8010 2340 6619 9502 9157 281 1435 7744 6087
18 4583 697 3512 8831 6512 1523 5021 3454 4658 9407 4250 863 9547 3082 9924 1370 1960 7909
10 7810 3510 4940 6062 3754 408 1879 883 668 4329
14 9543 6021 8079 751 353 6910 9288 1741 379 4074 8930 4526 2884 8596
16 8179 3991 4141 2304 7513 572 2846 9950 3476 4838 7233 4097 7591 6388 3189 9069
18 5885 2382 8546 3173 2702 4777 545 6442 6415 214 5738 9435 4571 9695 7247 3834 4814 9914
12 3866 3921 2927 2482 5603 7770 2515 643 3949 5708 5878 3560
14 2324 3403 1873 645 1443 2477 720 7633 2760 9333 8571 6384 8392 3927
8 1005 8447 3199 475 4744 9980 9985 2591
26 4066 3160 2118 5212 5620 3789 1453 5009 6771 5240 6181 3905 2645 8688 9816 3973 7333 4039 4694 8325 6671 9492 850 2394 1427 7937
14 5818 7874 6498 3636 9475 4006 7521 1749 1957 2946 1044 559 8255 6465
10 8766 5815 872 7483 8354 8096 9767 1354 3265 5264
19 9847 6360 5756 8609 6832 8617 8990 7668 252 3470 3593 2374 7726 8695 5963 8852 6531 9006 3638
18 9046 3092 2663 6597 2174 6268 1198 1681 8273 991 4358 8576 4655 339 1780 7664 2370 3288
23 4285 4938 6078 3785 8407 3648 7829 8324 4266 6163 5375 5307 3508 8853 5943 2405 9715 5115 9793 5630 3305 7597 7374
16 9487 2937 5008 3970 7724 6930 4566 2498 2119 2924 1493 6061 3714 3908 4845 5886
17 7876 9116 2900 4274 1852 4050 209 7732 1747 2033 7418 5042 5534 880 684 9713 1140
20 9620 4986 4119 8413 8099 4686 8938 9089 8359 1237 9853 1434 3293 33 2054 5209 1895 1462 5119 1633
21 8731 47 4854 7301 3451 7278 9410 9424 3992 4135 2025 518 1342 588 6275 9585 1234 9423 8515 1488 5828
5 7463 8420 3666 8768 5982
25 8395 2235 3370 4749 4696 9264 5393 8761 6213 6422 3 8103 6540 8135 2756 6712 1253 5298 2003 1728 1036 1383 9389 7242 7405
23 4495 864 1949 5837 6367 8798 2164 5844 6678 1932 52 7637 7698 4362 6557 7439 640 5126 3561 5956 1927 2155 5248
9 6815 4644 3181 7453 9519 613 451 9977 302
10 1689 5777 6392 3760 9798 460 1280 78 4215 8943
5 2079 4196 8192 4915 1018
23 5500 7172 4953 2355 2115 1455 1201 9082 5187 4770 9963 8909 1421 1977 6040 42 2749 236 7991 1497 651 8641 5150
22 6455 8816 3054 4213 4256 7857 1733 4802 3776 887 7510 7746 2473 9098 4999 8242 7022 1739 8142 7530 7079 7410
8 1399 5284 3624 7427 5923 1514 2113 6405
22 6493 6200 1693 4099 8800 9167 1628 2635 1937 516 385 817 1328 2093 9236 5303 2381 2812 4460 3703 7533 321
11 9045 3885 6615 4605 8263 7830 8843 3083 3910 278 3936
15 5017 3119 3685 4879 9482 2247 4942 6643 399 4682 543 608 9188 6572 4557
19 8073 4705 4652 3952 272 7164 5792 6251 8672 260 4198 1959 5739 3960 8281 4333 5644 5162 5376
22 7929 1251 7602 6550 6814 5679 1716 85 1598 7389 4635 8842 9111 5411 5005 2668 4016 2572 4596 2066 9428 2620
12 1734 2132 6762 3621 4645 5382 2958 6583 3923 7818 274 6060
12 3640 1276 98 8615 674 1048 6764 9118 9496 2899 2497 9824
22 2233 3104 3073 3740 709 5995 4366 7629 6756 3269 1999 578 9233 4084 8525 9984 5239 4237 5436 9056 9555 5775
28 5743 5757 3220 2126 1110 9632 4270 1355 3295 2386 5210 5169 7987 4789 6131 4360 5852 1196 9422 3309 9973 6055 5468 1144 4010 8488 246 1009
6 5161 1778 7534 23 8083 3422
18 6670 1838 2748 8915 2338 8854 3169 9346 6184 5488 2199 3800 5703 4567 5831 2976 5978 5390
21 3826 3475 1685 8973 1700 9859 1861 5913 4830 9444 2640 3345 7921 2404 7963 1606 6421 4272 6005 8891 6624
24 6662 7792 9586 881 7066 3862 9033 3537 7867 2938 1357 6882 3547 1169 5372 1182 9907 3219 2798 6157 362 1581 8888 5412
10 5466 2167 671 7245 2288 7258 491 8602 4808 1216
21 55 8823 1634 8272 8820 4384 1709 8339 5904 7179 6192 6001 1856 600 6812 9861 1792 5170 1238 7831 2902
21 8783 2216 982 5082 8827 5394 6425 2281 774 7370 8933 4335 4452 3873 9456 1934 650 2915 9541 6621 3388
14 739 6125 7193 646 4636 5495 7501 816 1889 7924 3401 3331 3247 7621
6 128 3566 9981 4300 6197 2660
15 1637 2975 780 660 2320 8266 1264 1860 9972 2771 2745 6932 9866 4497 7015
23 7401 1013 6168 7226 6480 2121 3117 6674 716 2246 2213 2048 5074 1941 7998 9582 4262 1321 4548 2131 9365 9129 3523
8 5491 5182 9158 254 8214 9785 857 1339
11 4546 9628 4869 607 2802 9284 8610 933 7610 1509 7206
21 7108 1004 2835 8624 9300 5692 8530 2921 874 542 235 647 6688 5770 7583 7336 642 8369 2728 1347 5825
19 7580 6818 3663 8876 993 459 8033 5188 4121 7933 5622 3494 7605 6996 9975 3680 5925 4856 835
5 7119 4404 3539 3959 3730
14 2399 4602 5433 2187 9019 1416 5330 3906 8483 5752 6050 1118 9099 7105
20 2928 7372 1580 354 4819 7762 2942 9103 5779 1050 2084 9902 6719 114 8403 2102 2004 9017 9470 4325
3 8640 2573 3246
8 8774 5888 9180 1415 2989 1051 4441 6544
7 2061 8739 5816 7209 1143 2177 8332
19 741 1194 9769 4245 9276 3839 4924 965 6319 3829 8512 819 9426 4616 213 8491 3143 9048 3749
23 1332 9815 2180 1062 2898 9000 4690 1768 2401 9879 8244 7796 8742 9047 9826 6635 9596 6878 5673 6194 3383 5202 8939
11 4877 8521 2352 7882 9186 569 5898 7736 3268 420 6600
10 2074 5662 5457 5684 4493 4317 3926 7642 5811 1374
15 2657 9712 8595 949 5569 5351 9229 8991 8492 1098 7322 4892 2099 8364 2363
16 1223 2967 6825 1942 3710 6407 9512 1218 267 2279 5268 5804 8416 703 3895 3341
12 9030 506 7342 2969 3225 1582 6788 5462 3180 8517 2886 8941
6 8207 2261 6969 4331 9054 5903
14 2523 6842 8035 9641 5709 4957 4685 3261 3450 8601 9458 9799 6238 5883
21 7117 7574 7686 9576 6672 2568 2754 5134 2468 7516 4137 1423 9344 6928 8307 3597 1847 7084 4267 2197 762
12 4200 9485 6356 1232 1738 3798 9694 1496 6703 5704 2212 8572
20 9463 1723 6538 708 7316 2241 2395 6567 3139 2602 2854 808 2051 9093 2092 9122 6787 2433 2593 2491
21 5425 2982 6871 990 8984 987 2248 8268 9734 6245 5094 6380 3397 8881 3516 3186 3390 4448 6959 3662 7175
13 6749 2952 3775 9272 9789 5124 4764 1561 5872 6813 5260 186 8730
12 6377 3774 9725 4051 8828 6373 7484 6881 4702 6844 5363 9465
22 5881 5663 7232 9897 1330 9611 1872 3865 7407 5092 2142 8018 5194 2676 1649 1029 2317 5378 8058 7409 2608 5646
8 9752 9920 8434 6984 3993 403 2053 4023
12 2717 7894 9405 9228 8431 2495 877 6262 8665 4055 1171 7760
17 7156 168 9065 7010 6907 4125 1913 9136 9882 4060 5116 8254 9062 1463 7107 4201 2951
8 8346 665 313 5405 8953 9881 865 9377
19 5369 3615 7203 1211 4209 5690 7502 318 7971 7550 9113 9235 1122 8764 6328 2336 9966 8663 7600
19 3430 7380 4195 2206 7630 8545 9570 996 1474 1687 7711 5624 2911 6617 3175 1152 2725 6158 4324
26 1564 7323 8042 6580 2652 3974 2397 6722 3228 8148 90 3221 782 9420 9080 6264 4527 1583 3058 1832 9516 5328 7859 7518 6210 3620
6 476 2583 4905 5876 2905 9350
18 6198 3773 8194 461 4117 1470 5305 4394 2513 561 8284 126 7635 4582 7805 1308 4169 5979
12 9595 2442 5799 9684 8257 1922 8456 189 129 4079 7402 9608
18 7628 5994 8952 6059 4105 3748 7081 4276 8650 1876 5552 7531 6469 9367 2065 6511 788 4321
13 364 7926 5532 8692 1071 7582 6728 1548 2779 4768 6895 82 7751
10 6633 3291 2031 8291 1840 8437 4858 2419 789 1545
14 2327 5213 4666 7916 5014 3851 4787 7684 9732 3109 6035 2469 7898 7938
12 5902 2641 6752 1729 7284 8992 9337 931 3392 3142 1617 3870
12 3651 1102 4070 2769 7076 7497 8017 4462 7165 8197 4510 8441
24 4781 6208 415 3793 715 8620 6085 8917 7562 9889 3701 9018 2205 5810 1464 7944 6347 2966 3563 4418 9431 3059 5274 2953
20 846 1884 5279 9823 8547 886 6345 1460 2122 5502 3136 8289 6483 1382 5448 7835 6049 5912 4925 6080
22 4260 4537 5996 4656 6967 876 4062 9810 6462 5167 6272 8926 2793 5452 5231 4912 4166 2860 2863 5671 2747 3111
9 8629 9613 9645 4937 4029 7679 6378 3614 722
21 5237 3050 2140 9537 3901 4293 3765 1199 3135 9821 1338 889 8643 2567 1197 5151 4176 9468 6781 5705 7182
20 4223 1997 6523 8806 2270 897 6708 9795 8560 4623 8493 9132 3894 2780 387 7729 9353 162 7672 3705
27 6689 9679 8840 8376 6012 6729 1250 6587 6865 2272 624 1779 275 4629 2741 5105 4131 4086 7158 5277 6140 1116 6973 679 3627 1909 3277
21 713 4867 2787 6247 7873 6751 1297 5541 7778 7285 2557 1917 6219 6578 7279 5349 6899 9338 9773 4401 7487
11 5304 8713 9696 164 4485 3326 4227 2648 5317 5958 9287
26 1407 245 6634 4615 7811 5001 8988 249 3667 3266 5323 4878 3116 4351 7308 5191 6027 5585 2842 7345 1506 3670 6760 9323 5735 1939
20 1142 507 9481 2220 8193 7793 9874 9330 3114 7149 5080 6416 1850 8689 2222 3379 721 31 262 418
24 7561 7891 7787 7840 3904 4594 133 1436 1393 5453 4985 6680 9565 4575 2524 5526 6183 5550 8919 7803 7032 68 3671 2993
23 7687 7224 4807 3807 1676 3278 6155 1907 3141 1471 3747 3395 1065 1499 2744 87 228 7734 386 341 7073 5257 8119
21 5359 5712 9738 2171 9474 8101 9043 2831 97 3750 215 1485 3874 4480 8983 2699 8867 6306 4458 9615 5819
12 8021 7255 3453 39 8111 1814 5039 8347 8577 4102 7538 9910
21 8848 802 6316 1046 1412 8401 6699 285 1042 3843 8357 6681 8469 3935 6224 1180 4541 5591 5806 9791 8618
15 8520 6884 4863 8187 2105 8719 884 334 3982 861 1618 654 5560 4751 1408
23 9449 5539 5263 3482 8486 1104 4667 3216 2882 9441 8081 9460 37 2012 373 1964 8144 5276 6673 9177 6046 5505 9960
21 1414 9128 3779 5783 3366 843 3466 6066 396 5163 967 8481 7455 7564 5824 8250 6299 7067 6838 5725 2445
13 1697 4011 4004 3777 2994 8500 2396 5800 3844 6827 366 1290 6603
8 3249 5377 9182 3721 6013 4496 8932 8303
19 661 5535 4875 6966 7808 7691 6898 4834 3565 7627 1921 2875 963 9490 701 7425 9662 3320 9530
6 1833 1208 6897 7397 7090 4868
19 6649 730 9735 5557 9106 2319 928 2479 2944 5648 4609 9142 2043 6852 8479 1481 9895 6545 869
14 2008 4352 4965 1981 3751 1459 8954 8475 3909 2435 5283 6791 6499 446
19 6663 8698 6745 3205 4147 2670 7503 3439 9237 6655 4100 3187 7291 3554 5345 2423 2895 2277 9601
6 2020 5808 8902 3193 9928 1159
4 7512 9144 9483 1546
12 902 5636 1994 9002 2930 6491 5356 6921 2959 6808 81 2887
10 9406 9830 8791 2207 2954 7334 1785 2088 3355 7458
6 29 6767 9473 9286 1491 4887
6 8198 8637 1272 832 4027 6285
19 5300 493 7434 66 4872 7080 2722 4093 9948 7220 2359 4144 243 2844 185 5058 4216 4506 9714
12 2143 9845 6985 1553 8968 8172 3981 103 4769 411 7758 5311
15 2681 248 4376 1222 1369 3623 6566 1424 7236 4489 6331 1027 6151 8221 2750
23 4788 1221 8575 9617 3746 7078 6713 5584 4776 8410 4491 6824 4470 127 7155 4294 628 331 4422 1648 2218 8218 9600
18 583 2738 8309 3966 9341 3393 2885 6848 5658 9361 2547 5479 2360 9077 5171 7003 9240 2866
3 7398 3202 7376
19 9402 7846 4673 9743 908 1695 6980 1985 2146 3506 7030 5185 9280 9437 8920 7845 1798 3690 8215
10 1113 8892 8940 494 1299 5040 8605 389 6795 6022
17 5245 9702 9262 8667 5386 6009 6164 4988 5909 6309 2071 6256 3942 8114 1623 51 7375
26 372 6877 6473 146 9165 4130 1282 8814 1804 5702 6558 8450 1235 5083 3498 2688 6336 1239 725 806 1124 891 2474 3015 3298 9967
27 4078 3596 9452 7379 1644 1831 6857 9328 7197 7392 2680 8976 130 4870 6277 8494 8399 9678 5966 6962 6841 5397 3357 1133 4752 4728 6995
12 1105 6173 6893 5400 2972 6437 8334 6669 612 9867 2541 5471
18 4586 4387 3334 7211 141 2790 1348 280 2 4523 7028 2874 3915 5851 2918 4574 7213 9693
23 9685 7097 7448 2415 4832 4884 6741 5674 2062 3416 4007 6859 4415 6679 6097 4083 8223 9124 9797 4288 1901 2097 5652
8 7948 8598 8286 3604 4897 5797 6257 4779
21 1630 3384 6836 9104 1755 8176 6657 6909 8182 425 1746 7274 5140 1591 1737 1656 2582 8998 1919 6445 6278
23 3579 5034 4109 3875 1500 4481 4966 3646 2315 5583 8440 4930 5582 4092 5166 696 8822 7500 4508 7905 2894 6576 7519
27 3990 5285 2639 4709 6850 6821 6413 1466 5981 1012 5929 7351 2901 5999 8034 6778 6604 4368 3352 3165 4222 5869 436 3448 7300 4553 7467
14 8323 2904 849 9273 7515 7843 7296 8903 9652 2351 7474 7231 1761 7632
25 957 842 5746 5554 6058 6739 2551 7309 6757 5879 402 2916 4297 2153 1307 8470 6030 8209 6081 2023 177 2309 2438 4322 1626
12 8213 3311 8328 3105 1601 1381 589 2506 7798 9260 407 766
12 1883 9495 5711 9044 7071 3004 6543 3977 3641 5687 430 8838
12 1135 7194 9299 3404 8027 6383 7200 5223 3677 5322 4971 1663
28 3239 1605 2426 2605 2245 6305 6280 6946 7045 1871 7394 8835 3262 4388 7735 621 8916 6043 3060 4431 2378 2161 4408 4161 6107 5098 5685 143
8 1784 4959 8274 9109 7548 7941 3469 2758
10 1227 6924 1326 5069 1263 8485 833 1844 5812 8113
23 7877 1406 8979 3833 348 9836 2467 8918 7282 8995 6806 5006 3319 6169 4569 2387 2753 1904 4516 2974 3312 2133 7878
6 9563 6329 873 3999 9225 1000
28 6541 3138 8040 266 3477 4664 377 4426 3691 4561 202 3231 2254 8419 9268 4710 4398 9001 261 276 5947 5905 2050 6830 6482 5942 421 1185
20 1560 2006 6409 1910 7535 5764 8502 2375 6772 826 2017 2299 5211 801 3736 3635 1049 9493 7068 8048
23 9313 554 3029 1970 9751 1256 5160 4866 1584 2021 2762 596 8813 7737 3673 8177 9050 8241 2403 5013 1567 7694 3861
16 7704 1527 4088 5012 7901 5553 4386 9036 4743 6352 5938 1103 4500 4316 4320 644
21 5920 9497 7150 9160 4443 658 7298 7536 1541 7578 7858 7159 3823 3598 4738 968 4610 2120 5657 4606 3633
23 439 9557 9761 7456 7984 7415 7594 3443 2715 1776 8883 3501 116 4152 3996 2101 4534 4126 4688 3040 7184 6079 4936
14 4525 435 922 4643 6956 5070 8150 2614 4906 2505 4852 9962 4850 9740
7 3167 4873 499 5503 1955 2613 4646
24 7709 1010 172 2464 9364 4353 4628 7440 3459 7286 1604 397 3027 1742 5528 6790 7885 3071 9189 6598 1990 4911 1483 2202
13 8290 8464 7246 2797 8062 7764 4224 4014 5780 2005 5431 140 2983
25 3276 9926 2992 6526 7191 3986 4406 5600 3101 4805 6283 5715 4064 5729 7273 8504 4590 2044 7452 1802 9877 3046 1398 5458 3324
24 5060 212 6340 8804 4888 9912 5256 9987 4204 6963 1045 7570 5050 1428 5639 5186 6286 4413 1126 5247 6401 2683 1570 3965
13 6843 4208 95 1529 6793 7212 514 9835 3511 6915 5337 4627 9515
15 7861 7864 8338 5602 4585 7135 4113 6451 5391 8093 552 821 6308 6802 5071
16 5934 9316 718 8747 2919 7558 7794 4087 3907 4714 5219 5701 3842 6940 6758 773
15 4855 2313 9255 2305 5371 5103 4800 6395 2792 9293 2369 5612 8999 1295 7753
24 4143 4882 419 4410 2181 7364 691 193 6885 4499 6730 6102 4326 6743 9880 1651 1058 5681 6510 5980 291 4364 5666 3856
24 8962 5218 5507 9947 2577 9429 9731 8644 4939 4264 6816 9774 5862 3232 6297 9943 8914 3260 7765 2965 8082 2258 26 3000
23 6965 9744 3325 6484 5250 7009 9298 7277 4289 5611 1612 7573 50 1535 517 7560 2367 5581 8574 221 4626 6616 4987
23 5970 2912 7889 8462 4207 3542 2781 7595 4907 7712 3672 1394 8793 6362 5228 551 6071 5589 6015 4252 9217 6676 3286
19 7040 9820 8786 3795 4520 1629 1233 1516 929 3953 5374 7262 2575 6468 3280 6664 5515 9308 2851
10 9409 4475 5480 7671 5246 8341 8619 5318 3787 3688
26 9291 8425 1100 3066 3270 6652 7162 1521 3314 8830 9392 3130 2644 3828 319 9665 1331 8056 3091 4684 4434 8781 7832 9253 8087 3792
10 3629 1735 7129 1843 9477 8882 9265 2867 6515 8330
18 9619 9207 3409 2293 5686 4544 2673 6579 9729 7267 6982 4043 4801 2414 8228 2362 2590 4588
17 1040 6485 3196 2711 655 3420 761 9546 2661 374 1595 3044 4711 1031 1532 3657 7061
17 2695 3697 9087 9011 9511 3732 9842 3669 7075 7947 1811 4357 3983 3273 1974 5474 4189
23 5868 7114 166 69 7174 4063 9478 7341 8590 4979 5632 8293 6389 5694 5660 9688 4175 6301 927 2679 7888 7100 2312
29 4090 7188 7451 8157 1550 2686 5853 2377 711 7422 9790 683 8616 7210 4989 8833 6471 4613 6353 9844 9982 4202 4391 1099 1303 4442 8409 9552 4145
18 9140 1384 4255 9289 5241 8869 6218 9574 9023 4840 8159 510 2632 824 7856 3933 237 1998
24 9166 2963 4630 6186 1430 1721 5933 3292 2116 2713 7363 7466 3763 2817 2295 2365 5365 8457 2598 8580 8165 8043 6233 7450
23 8566 9890 6903 9127 2240 1193 947 1834 6398 8029 9884 2580 217 3374 2302 9529 4797 6411 1262 441 1851 2139 8138
26 1323 3176 6942 5678 3190 9394 1930 4515 9462 1275 2345 7403 7007 2990 7935 118 62 3118 9841 7841 4468 6876 625 3932 2730 7688
15 5381 9090 9282 2036 241 1023 7113 363 5546 4226 3151 2734 5773 7725 7036
21 7020 5771 8653 9737 6426 2829 1592 5340 2178 3154 8181 6629 4730 6682 4773 1632 7124 2125 9371 9787 2502
8 3578 8505 8134 680 4921 1314 9510 180
19 2869 6199 5189 2973 5477 4139 704 6279 3230 8875 1759 2647 2985 5972 9200 7781 8168 5148 432
18 3655 9503 830 9037 91 5847 3845 6920 5976 3946 1647 8446 1352 7622 1790 3794 6225 9359
18 3030 726 4836 5437 7614 5523 4591 5559 1217 512 1875 384 3864 1544 9239 4504 395 2968
22 1794 7612 4706 2511 615 1863 2585 64 649 8864 582 2431 6620 4786 586 8415 350 6530 45 2569 9840 4181
21 8728 4056 2536 7428 5516 9450 6647 8038 2089 9114 7807 83 997 5076 7643 5619 4259 1531 2350 1265 4604
9 4536 8449 3557 4205 5695 560 4249 3077 5226
11 8184 2556 463 5380 9355 871 2451 3808 1061 1327 1288
26 6381 2742 4826 381 6809 4792 4347 4689 9800 3316 7237 3007 433 9101 2694 7498 3590 9856 999 3003 7027 4674 3192 3327 5142 7836
12 2559 7116 1625 210 6537 2260 9238 8063 1402 4420 8623 4005
15 8708 1773 4421 9705 9819 4593 934 1364 6642 6463 4052 2372 4251 7496 1507
19 8302 892 5955 633 9151 2393 8326 1597 8873 4828 4739 2558 2447 9081 3178 4438 1486 5118 8885
18 1170 4511 4815 1777 3057 5409 6902 7381 6888 9213 9224 4173 657 1508 1885 7797 4831 8253
21 5717 8055 7406 3816 1386 3414 617 1745 2809 2439 3625 5548 7626 8361 4539 1310 1179 1175 2466 1766 1114
13 5406 7347 6298 2407 7479 1707 8353 121 340 8356 9076 3407 7368
26 2828 6740 1908 4115 100 9564 7457 3425 4821 5464 9554 5537 3893 8656 4675 9143 4238 7715 3582 3831 981 470 5768 3434 1011 8490
22 3170 6202 5234 4913 1660 2622 194 4549 689 7588 723 3659 4106 1069 6174 2137 3744 9340 4463 9266 879 8900
23 4233 502 9680 102 9035 4756 1309 2234 2383 3340 4947 7551 5650 8662 9593 8408 8037 5153 6435 8809 8755 5935 9770
14 187 4194 7572 3585 9345 8529 3122 1752 9968 4279 2129 7802 5655 4471
16 3817 9626 6502 2520 3786 284 992 2706 6121 7654 9508 5444 2354 5302 8839 7673
9 3090 6786 3541 7554 1835 3418 8506 6190 7813
13 375 3148 3362 9278 1891 5734 1789 8732 6207 7719 3535 9661 131
12 7109 6141 5287 1725 599 6548 3072 1396 3924 4433 7248 9360
6 9325 1530 5295 5091 5891 3897
14 3442 4661 4228 6133 2543 6067 2444 9292 2231 1008 1750 9801 9969 6591
18 4494 9806 4048 1914 7217 7665 6064 2861 7949 7072 9991 6488 815 5197 3441 3250 8090 3850
9 9707 2941 3208 1363 8088 9609 855 1720 1356
18 5335 3564 3891 1986 3036 6216 5866 4327 9031 7920 9779 9939 481 412 4397 9348 9621 3491
17 8878 9464 1215 1109 9133 8945 6839 7148 1783 4712 27 537 3602 9572 7653 3668 6143
24 7956 8675 8458 3068 4657 942 3530 2548 1967 405 2016 7259 9724 2667 3339 6036 2150 8651 135 8224 9221 8097 8526 5020
21 5324 9411 1228 3976 6718 9071 7019 7048 6864 8212 122 7860 8550 7648 2236 8312 6254 467 5281 4339 3185
12 549 3358 6953 2041 7542 7331 5691 9607 7780 9660 1390 3028
26 8310 6160 8158 5089 41 3632 8681 6026 6639 9156 9192 2151 6513 7556 8603 7086 1498 5341 9386 2619 8815 2656 6958 8299 8089 2813
19 5598 7186 2357 513 3381 7250 7750 4098 1857 2428 8969 890 2789 9807 736 5342 6176 6229 3883
20 4346 8086 1984 6851 7355 8539 1266 9718 2417 7091 5733 2690 5755 8153 8974 5242 7896 1661 5774 2269
24 3849 5025 8868 422 8652 4206 3584 8007 9722 2684 8161 5027 8645 1457 5427 8496 6774 9535 8270 6542 7400 8442 7408 6520
27 8102 2512 9559 7690 9610 1968 6476 3157 9141 3436 4698 2264 219 1168 8562 4503 346 5421 509 8836 1183 3529 7424 1841 705 132 1439
19 5716 3426 6742 7092 380 175 5064 688 694 3704 3323 4964 3852 1117 413 2518 5762 7095 229
19 24 2026 2881 1627 853 3770 1433 7791 8599 2343 46 1943 5259 4763 8452 6145 3518 7382 750
18 6361 9137 8588 7884 8379 8782 5907 8534 8745 9175 155 7914 904 1151 7547 5338 6440 7522
26 4601 4842 2838 6536 8955 1160 6379 65 282 6858 7321 5023 9012 659 8763 5343 7727 6945 3917 201 1812 5419 9674 3415 1760 2940
21 8489 109 6307 2112 8412 1480 1271 320 6874 3550 1409 5350 2636 6683 6797 1893 4998 1683 3719 8327 3525
15 9733 8586 6804 4502 6645 9199 4528 7139 8604 2825 2833 2637 6057 3892 8278
24 4428 1869 6430 2480 7903 7900 4654 5730 9075 4085 6203 8542 3432 1853 6429 7495 7470 2621 8570 712 3214 6007 5918 6631
7 1803 6571 1513 5562 9750 7577 9736
21 1866 6849 3129 7243 511 92 6172 1710 4111 5486 6602 7417 8127 6089 2856 4748 1241 3634 7652 3144 2448
8 2316 5615 1054 1111 8445 2385 7445 4796
21 6123 206 4153 8856 9538 6618 6333 7077 4232 870 1724 96 4625 3315 5917 349 1703 3256 9955 3929 9025
25 6706 5387 2566 4973 5628 6237 138 6120 5472 6042 4876 4880 9400 8593 5992 3353 3499 4382 1070 3676 2024 8141 4118 4492 1293
29 3855 3245 9274 3830 3605 8155 8118 1862 1101 4677 6641 3174 6983 6414 4595 2461 2526 7982 903 4565 7620 5102 8565 5820 4991 9953 9616 6295 8877
23 5948 1090 4507 6101 1864 8373 618 8993 4970 2996 699 9185 8348 4722 4190 8706 1600 7132 6535 4945 2059 1128 2908
15 3692 8104 1267 9654 6182 7477 5426 1176 2332 2159 943 7359 6464 675 9058
12 7575 1325 7062 6369 4505 6106 3348 5740 3742 7295 6701 8501
4 3708 9397 2346 7391
24 1097 7088 7471 277 7196 6630 355 2710 8438 1181 6904 2808 785 6551 8474 9222 6599 317 5645 6496 4517 5494 7189 8654
14 5235 489 5654 9078 3411 7442 1557 9134 1494 7103 6596 2729 1316 6517
23 9670 7677 6922 753 7041 444 8028 9436 7098 2765 2850 5574 989 8524 7411 6276 2392 7544 9521 9307 2094 5900 7192
27 519 3555 3540 4910 3188 417 4704 7263 5193 1799 2601 6138 9658 1672 8233 2018 9598 5135 8537 8754 2703 6118 8859 9210 1147 9119 3713
16 8435 4717 3489 6332 5565 6324 4164 4371 7292 771 8649 4030 1334 5344 257 8625
15 4455 7373 9138 6248 7383 687 4306 2500 777 735 1166 1983 2301 8508 7241
25 568 1512 9306 3821 6338 956 208 4021 6805 5782 8551 9205 1286 5880 3930 5651 8807 5482 7488 6017 2925 1397 5401 9827 2251
13 6466 3321 5052 3212 2256 2932 7511 1940 4498 4927 9257 6792 868
7 7499 3647 1320 714 9244 1769 5742
15 5086 3281 394 4794 9869 8614 3468 7693 7234 6987 7525 9784 2348 7990 3755
13 2883 8484 6004 6327 7494 772 5809 9433 3772 7757 7205 1255 5968
27 6831 8559 5727 8203 7465 656 3435 8737 8585 7931 724 3222 6565 3360 6552 1145 9027 2303 5297 367 5206 2970 8834 5617 5946 7978 1426
13 423 8262 3608 6855 3328 6129 4647 5822 5251 6028 5839 5728 7239
22 672 3294 2538 6206 1206 9838 5262 970 4369 9709 7037 7507 8428 1684 2804 7532 9028 614 4963 6796 9646 2669
22 2720 8787 4693 1002 3722 3686 5835 5675 4359 4874 1886 5154 9933 5053 4146 3074 5595 4785 1312 4295 6294 5454
20 6031 8795 8367 1511 147 893 7004 6873 9929 3263 9378 7222 6038 9634 6823 8240 7806 8 6847 1713
18 2465 8792 6220 3047 2981 4532 8826 6165 173 8200 9366 8857 5085 7449 9091 7012 7545 3367
21 4742 6607 1674 9805 5719 7994 6698 8631 7490 3699 8314 7353 1154 1640 369 3502 5722 2283 619 538 5296
15 4071 3546 7768 7934 3729 6006 7782 6363 8944 9041 3179 7752 7136 6782 1306
10 2015 6575 1346 7613 3330 9343 4000 7828 2623 3021
17 1757 6424 7319 6003 856 1146 25 3308 1743 4621 8045 5759 6528 5355 6732 7029 7767
9 4307 2784 8784 6293 3531 9370 15 1980 8563
15 6695 9347 5856 6879 8821 7508 9687 6284 4533 4559 7669 6187 9331 3652 9726
19 5440 3693 4935 9349 9548 6149 536 1034 1590 2201 7852 3217 4765 4956 3283 8405 9591 9126 299
29 474 2603 3758 5887 7710 1079 300 2110 2910 2599 2284 9983 6357 9247 7738 1911 2542 8511 3521 5271 9762 7592 5385 8790 1014 4737 983 3455 7983
11 7965 734 2436 5983 5475 8092 597 9434 1859 6661 807
6 8758 9549 4450 5441 8345 391
19 117 2278 6139 4112 4980 57 2751 6452 152 3137 5793 359 2063 528 752 5392 3387 1249 1052
19 961 2297 9934 8261 7707 9153 6777 8039 5168 2646 6427 158 5075 2195 6589 8417 3039 1698 7667
13 9003 6189 7230 6711 950 3778 2292 8072 9321 9988 8855 8077 8824
29 6916 2986 1609 328 8832 3544 6119 4713 2453 1589 2082 3753 8591 3016 4221 4608 3022 4299 4253 4638 7786 844 4149 6310 9936 8398 2347 1659 5555
10 6822 7141 6239 306 2767 2157 7748 4236 8707 6365
13 273 6418 1372 9974 8370 854 8191 5899 1067 1007 778 2249 2203
27 2735 8406 4984 5049 119 8989 5766 6784 3622 8956 3859 7647 916 8283 6205 7680 1458 5336 3761 2014 9949 7571 1877 8006 9369 8461 1935
27 2135 2507 4648 7430 9042 2217 9561 2107 9038 9026 9335 3474 4587 1965 2274 8335 3963 253 5830 5165 4182 8095 5418 8735 1419 1764 784
25 3371 3197 271 2783 8128 986 629 3146 4072 9270 6008 6734 7849 4804 1839 9944 2931 3678 8026 3577 3660 595 6614 7152 8908
17 6412 7357 8803 6023 5576 799 3925 744 4258 6648 3351 3575 3209 3592 2705 1231 1022
19 9514 9996 9965 1240 4028 1319 4824 6083 7178 7908 3674 3102 8107 6460 7776 4402 8282 9940 8377
29 3549 1269 5282 8085 921 2108 9226 5201 9376 6025 1502 6975 9419 521 1711 5133 5099 7137 7523 9727 4487 9218 9667 6837 2011 1696 36 4273 1020
9 7657 1593 9459 9997 5413 9010 9145 3255 2815
11 2519 6228 3147 6582 8901 216 3709 7310 1822 5435 3035
22 9976 4948 7314 8059 8555 7988 8239 1123 1047 8143 7741 9498 8549 8721 9964 6287 4172 9527 6592 9383 5368 4580
14 3869 610 8736 627 3067 825 8219 3112 8306 301 7087 2069 3558 9637
18 4637 3005 2123 1313 1503 6076 9817 9022 4136 8247 6375 8987 5919 264 5924 8966 4926 3125
25 9305 2166 6053 497 6399 4247 5998 93 1345 5520 3211 6692 7651 9440 6449 4618 9149 8186 9905 294 8066 6335 9898 3464 4795
25 1515 3410 7993 5721 7190 8671 4958 9505 7366 9219 7650 5864 5522 6179 4871 7865 4903 767 3018 9911 6126 8391 4859 4904 9999
11 7928 5402 4467 728 9930 485 7414 6292 894 798 6610
17 1888 3168 8699 5205 3375 7253 5713 8694 9526 9319 7823 527 6833 2039 9629 6068 1855
29 1273 2531 8557 6875 975 3445 9202 1311 2072 4031 2907 7065 3487 9886 4356 2156 8030 3127 6282 2485 7055 4791 4946 7514 1287 1467 5122 6955 8217
16 3055 3025 5227 7104 3603 9925 5614 4036 7254 2239 3768 5785 7853 5521 1736 8895
7 2571 8342 7585 4225 4411 1236 8422
27 88 768 6735 9757 2999 1349 4355 523 6562 575 8009 2682 1996 8844 154 3437 7367 8911 1440 5015 9063 5022 5989 3716 3497 5607 6419
19 8175 8670 8121 924 2988 6556 1603 3177 7339 9085 414 1219 4952 9590 4896 9604 7772 7869 926
15 1867 3103 9691 6410 5668 6222 2366 7266 3123 473 370 2076 9060 2960 6527
10 5693 6913 8967 9231 3242 6553 2080 7034 2795 9909
12 2917 19 7346 2737 6939 5243 7365 6156 3682 8294 8961 2939
14 7957 2176 2642 4919 9009 4381 7970 9643 2827 6968 9241 371 6573 9317
16 7013 1551 1033 2081 6385 5310 6077 4975 3183 9802 3628 7269 2943 1607 8322 2463
12 1066 222 6321 2173 9539 8258 9372 5141 5787 4188 2219 2615
25 7475 4894 61 6912 3735 2141 8767 4429 6923 9183 2662 946 4889 7327 6497 7142 4380 1361 3683 9248 3019 1906 7416 6351 8333
12 5424 6724 2788 1995 6710 7438 7555 4068 4138 8397 5354 4732
23 6403 1845 1441 8243 7569 7493 5306 4365 456 2552 1451 6253 3446 544 6938 5028 1954 308 5871 5131 5570 4069 7742
23 1543 7911 5510 6296 2056 6244 7576 9303 1771 8693 9651 7661 256 4521 1854 9021 9862 1611 197 4518 2259 401 1035
26 4309 2356 6952 400 1200 9625 6024 9952 4302 501 5442 6574 8246 4219 5952 7598 3818 1775 3194 2186 2655 9501 8295 1379 4210 6870
29 9393 585 4437 6304 6265 4020 7692 159 2675 1220 76 9778 3251 3233 3961 43 9612 754 4890 8841 9989 8757 9318 3486 21 1259 8863 1952 8331
10 769 297 7716 9579 3548 3551 16 5613 3408 4432
15 1315 5649 9249 6709 2950 6472 2095 38 4917 7225 9373 7469 2629 9589 4022
23 1305 7862 2651 2696 4724 8664 2402 2244 1920 3483 1828 7360 2732 4409 7872 5951 9342 2811 7584 3485 9193 8880 2300
19 719 4034 3203 7915 4167 5417 8025 1340 5360 760 4430 1657 6929 7658 822 6914 2182 2019 3745
20 3607 157 2774 5332 2390 9072 5525 7749 5882 678 2903 6785 7275 9699 1391 8041 9783 2855 1894 6019
23 311 6402 1422 3394 4104 3267 1387 6020 1827 1715 1810 6162 5016 6072 3916 6640 6082 1678 6092 3600 3998 8581 2926
25 700 9581 6457 3024 565 378 7171 2275 8075 8023 1800 1041 9395 8705 1767 505 8886 6949 4681 3419 3995 5204 1400 8126 1813
11 6252 7816 5967 4981 5143 5184 5849 7504 4038 4477 9251
15 677 9216 8587 9768 7804 3752 5200 4053 1608 5795 8315 8205 3234 4390 7228
12 4214 1447 7553 200 3200 3616 8642 553 310 6397 4229 8994
23 3253 4687 5358 9401 7975 8146 9164 4914 1565 1912 4282 2078 6122 9194 813 484 9704 7775 1933 7454 9509 5637 8468
16 7070 9523 6269 7198 4761 4659 3958 8378 5861 6746 5289 779 9418 454 3198 3337
9 2920 6115 9901 7329 2718 7854 8946 329 6477
23 2432 3988 6656 1635 4349 3840 823 6971 3133 9623 5901 5794 6387 9102 2834 286 9892 5129 6697 9755 9986 2752 8230
22 5445 8204 6404 4414 5517 8448 7685 5601 9068 6188 8801 7763 1534 2634 2913 4835 7177 7047 4065 2692 7540 437
12 8329 6044 5991 3767 964 3766 7121 149 6585 3244 522 7623
20 6901 8965 9152 2285 7272 4847 6763 6171 7875 7695 7925 7646 9173 4081 6211 3070 8765 3447 8718 4392
18 84 7229 9864 4017 8996 3877 8343 5093 8583 9135 6370 3913 6075 4572 9683 5096 8389 1131
28 6783 3471 3333 3951 9412 4080 6438 8112 9846 4328 8444 9015 5172 7999 6811 9630 3532 11 6134 3152 4960 1401 1482 8387 5897 8151 6509 3478
10 5192 6456 7325 5384 8743 8380 8756 4284 5676 5977
9 9550 6132 2412 486 3957 8647 5490 605 1258
5 563 9763 6325 9603 7432
3 4379 7227 7678
14 8773 2935 2777 5827 9092 9471 6506 8657 6954 9095 755 9220 1579 9354
25 9888 920 8509 9935 3329 6547 376 7118 6098 7609 2805 5367 7101 2476 288 8400 7740 4562 404 6204 974 9746 1654 488 7042
15 8518 1528 6780 3257 9267 533 7464 5352 3161 9624 9551 6696 4844 5463 3914
19 5299 6039 4128 812 4395 4336 4775 9594 7754 1762 4061 5833 1148 8592 6568 6317 5051 5587 7338
13 6807 3743 3236 1192 8231 6886 426 3980 314 9958 8724 8202 8971
22 9675 6794 5744 9627 1830 9314 7759 9466 3373 7207 342 1774 1037 2510 4340 9518 3285 602 4976 3023 6177 5461
19 1209 7640 9698 8149 1874 196 9139 1132 1449 1469 279 8937 7387 8208 940 2545 3106 2698 4191
8 5018 7399 6694 9852 8978 9927 9569 8046
11 2384 5870 3121 8471 5763 8064 4465 2612 4564 3687 5669
22 3444 1978 6150 4848 3739 7134 4653 1568 6519 918 1078 7958 8779 3299 2712 2263 8248 848 4543 866 8005 240
14 606 7913 4171 156 2184 5208 6625 3939 250 2311 4278 1053 6235 8553
21 7429 2576 6654 6110 4833 4665 8133 3398 8190 4969 2893 3534 3053 8628 4345 693 7907 1596 6486 5164 5067
12 4377 7468 6274 5843 829 5667 2083 4265 4680 3724 8132 6212
21 9084 9020 666 9720 8799 5473 7645 3052 7528 6736 8465 6554 6972 7199 5216 1362 5750 1487 781 3595 4292
14 2949 8271 8024 530 8351 7557 169 6570 5087 3790 9513 3065 742 9868
12 8292 3457 8227 1411 9414 6588 1616 3094 7315 9115 2490 8740
14 4059 268 3527 9544 7249 4733 3051 3513 1257 9992 4642 1897 3377 4469
19 8703 1664 1993 8711 1944 338 3159 223 9894 3438 7743 7895 4934 1669 1971 6860 7721 9664 8722
23 4435 7293 1438 4885 2147 3972 8236 1613 5465 8225 3606 6799 239 4663 104 2214 3805 9479 1765 6034 4419 2693 5432
19 1138 1815 1492 9851 3017 7444 7153 3784 8318 2489 8140 7644 810 2194 2631 7959 1903 3505 8633
9 1992 2418 2896 99 8060 53 3385 3252 5821
26 4679 225 3364 462 8229 7120 3463 4843 5308 1796 6803 9425 3782 4851 2068 7887 7016 5329 3707 2282 9653 7800 9438 8714 1643 5176
15 3654 7962 8720 634 3962 7529 1916 63 6130 7419 9961 5623 4697 6748 79
27 5497 7952 190 945 4184 6069 2060 8167 3675 6677 4002 9671 293 682 6054 6747 7145 453 9125 3079 1754 791 1025 7639 9580 1141 6889
17 3580 2296 7320 5890 5090 483 1465 5751 775 7837 4895 6041 6201 4825 183 4736 1064
11 4094 9121 305 969 515 9445 2630 2400 7218 2454 3741
12 1335 7318 6135 2106 6765 2934 8071 1 7660 9644 1093 2540
20 3156 4829 9362 7701 3009 3495 4423 5906 3354 2086 6776 875 9155 5932 9074 6432 4134 6943 7718 6518
14 4839 445 8630 5113 3572 8382 9254 32 6048 896 1189 1620 1376 6441
17 1178 2578 1475 6393 4772 9112 9039 34 2803 4597 9919 2801 912 6936 1936 1056 5439
11 9913 211 8686 550 9421 663 6977 8889 4217 8632 2486
18 303 8578 4767 852 5689 1057 1224 4101 6593 337 3979 7443 5447 9978 8473 6214 2819 5047
12 8890 2977 2837 2380 8661 776 1187 3031 2929 3254 1158 2724
3201 5137 7005 1900 2581 9504 7270 9256 48 7936 2009 837 203 6560 1163 283 5481 4734 8297 9682 1947 8115 7276 2768 3788 3570 5301 6755 2209 698 9234 9403 5519 5908 5498 862 1686 4439 9322 3342 1203 5309 6863 9706 7656 5530 2948 7699 9327 22 9754 3213 3756 7021 3496 7683 4798 1717 2368 3738 7790 3145 357 9896 3429 3689 2413 8016 6359 9945 692 174 5136 5802 7552 1539 6744 1302 2947 8516 4529 8439 4560 3967 4727 3061 9447 2109 3406 5106 1945 2633 3997 4244 6609 8687 8646 4033 6856 8432 151 6137 907 9701 4512 2104 1781 5132 9686 9828 5627 3368 8498 6446 4746 878 1501 67 3888 3553 1538 7960 4330 740 3847 5314 8459 5605 2587 1690 8220 531 4123 9839 6382 7260 2232 3757 851 6337 3813 2111 4482 5220 1165 7848 7730 2971 7761 8679 4816 1610 3968 4385 4370 4762 930 3006 676 3421 5181 4932 8129 8245 7638 2341 6905 2160 7581 7616 4001 5558 905 7655 5801 1072 6829 4107 7923 8170 5255 6167 978 358 7352 9110 5680 2528 3382 2124 4478 3841 1260 1688 2956 2584 106 3085 2462 5911 9602 9232 733 2154 4343 1770 5969 1578 5706 4603 6727 8772 6686 5036 3164 7599 838 8749 2611 4449 4920 9053 9208 3361 2535 3428 2984 2778 2040 2561 1119 9872 4334 9870 8402 9899 567 8673 1450 9748 8963 4400 9453 7125 8049 3391 1679 1650 8819 3912 7940 6820 8958 1243 546 178 4440 6880 1989 2045 2085 7330 1816 7868 5383 3182 7195 814 5610 5511 6707 6753 1525 2766 8360 4407 9728 1671 8906 9163 1979 8003 2416 5914 9375 7461 7871 2265 7130 5183 1432 5221 5107 8466 3599 3045 508 4234 6459 2852 9833 8725 7294 8660 1461 5484 4902 8252 125 5765 8584 5483 4263 1368 1477 1714 2484 500 1727 3088 5180 492 3191 3089 8851 9506 2306 4810 4634 4954 972 3846 5430 7674 9416 2810 7271 9107 9083 5921 7890 7549 4096 3900 8074 2364 3272 5496 7187 8936 5556 6801 1075 1388 6056 8108 2268 5985 6714 330 3473 9822 3372 6215 5807 71 2075 9647 1444 2800 2761 7362 3086 7306 9480 6270 695 1666 9904 6636 1520 1505 4849 7147 7689 6431 9368 7815 2483 6868 490 4827 4933 1417 5261 4389 8136 5997 1988 5984 3810 2832 4639 1787 1519 5403 9385 6798 1017 2991 6704 368 6232 2546 5088 3725 4373 6259 820 8912 5267 6234 2420 9571 7340 2406 3515 3479 5007 1554 7747 5114 8065 5004 6561 7972 1032 2687 8287 3008 4893 8733 2058 8811 717 4486 2183 7060 6733 6957 9863 7025 356 9275 8383 5278 7897 7728 7883 8011 591 8390 6947 8812 8116 5199 7703 2891 3881 3649 3764 7326 9524 5156 4472 8668 9672 9310 6705 2923 9242 4547 8366 1556 3365 9723 72 3472 9742 8514 8004 227 9788 1094 5590 1448 4304 468 5152 8164 6622 4342 6726 5670 4026 1420 7945 2678 8697 4280 9352 7505 8544 9655 4793 3726 309 2430 6180 9320 5993 620 8727 7634 9315 9777 7462 4155 8362 4708 7099 6346 9073 6344 5945 4073 5145 1946 5638 6866 6142 7018 7491 4235 2434 1571 6240 3948 6103 9029 2328 8418 4025 4037 94 1821 8388 8568 1229 6047 895 1167 803 8759 1405 9858 3363 1016 5396 6178 6532 3824 388 1670 5139 2700 2478 6408 8125 6835 8513 5608 5155 9108 2826 4187 7745 7902 9584 9381 1924 4853 2570 335 2162 9848 4552 3552 9592 6894 5379 5529 6826 4211 917 8746 4453 449 5642 1819 9534 6861 1130 882 9230 5079 7866 5315 1344 3594 2574 3166 1317 2229 984 1108 4881 7265 5527 4417 2471 6549 7046 7942 1188 9825 3389 6114 6267 3297 7094 7939 8067 9245 7966 9951 6660 809 765 2549 5019 4436 179 2527 8288 2716 9758 5196 6372 7961 5061 4809 4576 6658 1807 7827 2889 2708 6854 2532 8752 5428 7299 4148 6313 2607 8032 2057 8635 6091 8776 3078 3282 9491 4619 9946 8031 6117 558 2743 9295 9588 952 5081 3815 2759 9553 7893 8600 7324 3096 5863 2452 6100 2168 8899 4168 2674 6646 9900 8621 3296 2562 9016 8476 8975 4550 6516 1806 9324 7435 7421 9857 8924 7033 6937 7256 2333 2459 1566 1915 9855 6454 8536 9708 6303 6628 919 7675 4740 3056 3955 153 5518 3155 167 6109 3201 2047 577 8794 5066 3034 9096 2440 5641 5420 2906 9780 3075 8871 14 941 3610 345 7082 3806 2266 8068 113 3258 496 6926 2514 2849 1818 5732 1283 5509 5450 9528 9618 5747 4114 1975 4818 5217 5059 4950 3509 9500 3207 7106 7492 2242 6590 8344 3868 8771 1289 4524 4110 2496 1389 4715 434 9261 3759 1763 1675 4313 5621 1112 1973 4514 7063 7280 9302 7919 1836 9803 7486 7910 3814 5564 5026 1899 9995 7773 4774 6406 503 8579 1125 9903 2533 6720 5000 7541 9064 3822 2739 8805 115 6810 9379 5258 7838 539 6892 8436 6834 5805 564 3964 1753 5823 3300 2446 5321 6668 3013 4949 4974 6090 77 5236 8472 6891 9741 3519 2290 7706 8935 7774 30 5577 2388 1358 2588 604 5 5104 1373 8355 8014 8904 4483 6495 581 4464 8393 7127 1631 4466 7240 351 8533 450 9689 5229 5640 6525 7819 6508 8047 2344 6846 2087 5786 6343 5422 5062 3832 1782 5578 4290 7850 5353 8655 3306 7607 8678 4632 3481 988 793 1028 727 6108 8427 4589 2517 6231 145 2721 9223 5478 3706 6501 9094 7447 985 427 4254 440 123 9843 9893 9258 3587 2672 9455 8495 8317 191 4283 8894 7659 7396 287 3011 9170 6428 429 3241 1021 8709 2534 8381 5326 8117 4519 6960 5580 2325 915 9957 2001 1673 8109 9959 2503 7886 2995 9587 3661 1468 1926 8256 3100 7328 4551 4301 1214 2763 8741 7520 2877 4995 6374 4754 2237 1797 4082 4312 6564 7482 3695 3399 5290 3694 2191 2978 2980 5252 4612 9772 7930 4668 8358 4928 2807 8264 6666 2685 7056 258 4573 9540 3568 2262 5772 7785 8985 576 8608 9105 9051 5178 1190 2707 2871 574 5922 6018 1059 8145 5146 9659 4579 1073 4997 6773 5796 8810 2555 2422 6447 1026 3653 8849 6436 9692 1442 478 1351 7880 344 9542 4721 2553 2189 9562 6845 2481 4707 1712 8680 1621 3227 4183 6443 1284 3896 2723 6195 8780 4009 2028 7031 9760 1296 6950 8829 6684 9697 8986 2091 134 5643 7050 5594 7377 218 4132 1956 3150 9174 7386 6236 3567 3876 4361 1536 673 9057 4174 977 5736 4367 2616 8858 9197 184 7932 6653 923 7369 101 4032 3235 8478 6037 5346 6594 3226 4581 7317 1793 3460 959 860 2204 5813 681 804 2709 5320 8769 5489 1270 641 312 4669 7478 8734 6281 7378 1991 4444 3720 2425 4257 3171 5056 5789 7788 7480 6391 7388 2331 8000 7717 3343 8206 3882 9148 5573 9994 6627 4860 3303 2013 3944 8487 4412 5533 3700 5826 8696 2933 5429 4943 6979 5737 9066 6217 5781 40 4745 958 3095 5128 7313 5506 8313 2149 4837 9008 2192 1155 2872 2460 9873 834 7473 3376 5195 7618 6651 7023 1925 1969 4598 3449 9212 89 7297 2458 7026 5492 1291 2775 9181 885 1077 5389 7995 6175 5893 6986 5767 9279 7697 8460 2067 8931 5634 1268 7563 469 3290 5568 6396 4403 3465 333 3581 3001 1795 2870 7423 4231 6998 6147 2727 3131 7385 5754 3452 7413 360 6948 324 7431 259 2339 2437 8385 6144 9204 4633 6318 4692 9883 5928 5910 9169 1588 1445 8589 2443 2193 5604 6394 3801 4162 1665 4230 609 5316 1585 2127 6166 4611 6988 540 1292 3243 4672 323 9301 6105 1882 1786 6070 8249 9162 1329 3728 2027 4015 6759 18 4660 6941 7821 2701 3681 5949 1517 6725 1484 6209 9446 9 2962 9597 139 5845 9154 110 1279 1572 9814 7596 6014 4375 7973 898 7216 8860 289 4620 8320 5109 4967 75 637 2592 5846 652 5073 8234 7305 3423 4199 9622 1476 1074 8482 3718 5177 570 1824 5927 2022 6779 8634 7332 743 8183 8676 8061 4862 9086 8997 6555 534 4019 466 8130 738 6990 9663 1638 5388 9745 911 5677 3405 3248 8180 5121 7981 1586 2823 7144 269 5207 960 6546 8110 9427 5741 1826 416 1772 9494 3318 3400 5625 5455 5203 4151 9489 9486 3240 6088 205 9049 3835 2046 592 8404 3206 6481 3769 4240 5325 171 6334 4459 593 1129 2719 7337 8305 192 8626 1953 1751 9014 5609 3853 6249 2136 4701 6489 8658 8751 5117 783 1522 8162 4570 4165 1890 3943 8455 2342 4731 2035 7822 3162 4753 1274 9271 5033 6769 2689 3642 4261 9007 3890 8396 9384 8076 5683 5930 4067 3336 9717 3920 2226 7244 9059 4 4275 2456 858 6911 932 7517 9669 6691 2144 4522 6065 5470 756 4670 6992 4977 4212 631 2475 598 6086 7074 298 1333 3898 2308 9560 8701 5147 2064 5233 8451 6731 8386 7436 2864 5095 3702 2349 3002 4457 5867 944 3301 4180 7051 4982 8567 7426 2987 3809 7974 4993 5936 7863 7604 9413 2310 5057 3591 6819 9332 1015 9942 4337 8433 4075 7151 1205 9818 3520 1172 5832 1380 8538 7131 1395 9808 8606 7720 3344 4994 4479 6867 327 6423 5024 3356 7722 3488 5664 6266 648 525 3098 6789 3684 471 13 7052 4303 2298 1341 9676 8139 1092 9775 5889 9921 3911 2289 2847 7485 1641 8070 5072 0 5950 7670 9764 6230 1562 6315 995 8336 1418 7268 1127 3903 5138 2858 7221 2371 2677 1614 8552 7844 5339 4771 2594 8837 2389 4281 4898 1318 424 8411 2267 1642 7526 1195 5776 3804 8554 2595 9756 6521 4735 6354 9700 5814 6358 9032 8683 1478 1682 251 8424 8927 5778 3887 6999 2411 8541 1652 3872 7946 7997 7771 3504 4122 4177 5011 6112 8808 393 3536 3010 1095 8762 6348 8913 2666 8080 4811 6514 3359 3229 7899 4451 6045 7054 6226 2638 8430 4311 8319 2158 8862 9168 5551 1088 2821 7083 3733 1164 8251 4127 2196 6500 4578 1385 8276 5280 9642 579 7146 1285 1156 2172 8527 3020 9865 9117 5633 948 4530 831 8352 6170 6127 5597 8934 6612 7784 5842 4823 556 472 5485 6322 5974 8726 136 7601 9533 1865 9351 1087 8948 1808 7059 4241 438 6 7161 1788 8949 2876 1615 5334 2998 9638 9558 6715 6644 1576 5272 6154 6931 6152 2806 3848 5157 5294 2499 1322 548 2070 7733 5653 5877 2337 1149 6311 1456 8372 5253 4678 3492 5198 1367 8137 1366 7358 6349 7954 6104 9184 5364 7053 2032 8201 9648 2487 9937 6470 702 4813 3134 5895 4900 1699 2010 2049 8923 5964 464 8156 4599 6417 148 4286 6687 2773 73 2255 2096 5508 764 5696 7476 6817 3611 2509 7069 1542 9146 936 4140 8304 9878 304 8454 8622 6291 7202 6371 1705 2294 8523 3081 2421 9765 1982 685 3737 7393 6453 6981 3099 6032 4812 962 4054 2822 6991 6717 9398 8613 4218 7157 2227 5961 7986 3889 165 1204 2376 8666 2840 5758 1645 4931 1878 6761 7904 6917 9739 5232 3503 1987 535 9635 9599 9567 6994 1701 828 7789 3132 3014 1019 1213 836 5840 9211 2030 7989 4716 9829 9639 7842 2100 8374 5531 6355 3335 4846 5010 8710 6935 1744 770 8947 4916 2516 3571 4799 653 5293 6840 3347 1624 5749 4972 1473 6241 3637 2936 4220 3126 2697 5850 9484 5174 3431 4600 706 707 7705 5270 2073 7115 3322 6350 2134 56 5536 4901 3679 9399 2836 9380 5720 1837 2772 3140 7979 4042 8199 3791 54 1722 5960 4142 710 7976 9831 8893 7700 811 6010 7089 6300 2326 247 9336 9004 4614 3771 6342 9721 3533 763 7252 7917 9668 9507 322 566 8365 7235 6768 5563 1923 1479 8870 1976 3643 7589 9849 2964 5499 9747 1139 994 8414 2609 1931 6323 4563 1060 6191 8166 3158 4723 9432 5084 6685 4622 9782 7731 7437 8959 3259 3026 3619 669 2865 1858 4968 6766 1086 6074 8019 3042 1646 9294 7154 5048 4157 4577 1350 6289 7702 1732 4691 2530 207 6113 455 7044 336 9677 5130 5003 2664 1359 690 4542 662 8507 3284 2529 748 9971 3612 3427 7756 3902 3063 1938 5661 5493 9304 5361 343 9131 7390 5549 3820 2820 8503 3994 7057 3975 973 226 2785 2627 4040 8777 1446 9531 5859 5416 4160 7290 5108 2329 8260 495 4631 1377 6093 1868 8122 7350 242 7404 6051 4929 7943 7261 3613 2353 5599 5159 805 8700 3630 8078 9024 6626 6148 3576 5173 7472 8753 7460 6606 4049 8275 4269 6595 6250 7968 5063 4133 4757 5937 9123 6242 5618 1115 1569 4759 4671 4350 8384 6302 7343 7251 8467 7996 5896 2225 220 4416 3941 361 9970 4983 2098 8532 3526 1304 7992 7288 4108 2287 9201 6096 1001 9290 9454 5973 5414 6775 5753 3559 2830 5190 1905 1594 1495 5395 7918 4298 3825 5370 4909 7906 3413 5745 3223 4766 7238 4556 4158 3863 2148 7017 1694 9834 6490 5544 9097 8053 6869 3076 2002 5836 1153 9781 7951 4554 9891 5331 7038 5312 2492 4540 998 4996 1573 3041 4490 6559 1805 9374 2494 737 8279 8147 5707 3264 664 3417 3528 9067 2488 3928 1599 9885 9061 6933 3204 8195 5714 3120 7173 5030 4193 176 8716 59 3012 1961 7980 7257 9517 4116 8265 1962 6221 759 1091 8964 2888 8866 4538 7304 1137 5953 6314 392 6368 5501 9178 1636 1300 7011 4239 5078 8778 9461 1043 1174 7625 9206 4961 4120 3289 3287 3985 5362 4242 8226 5044 4683 7168 5286 3956 7833 5571 5068 2691 9439 590 9176 5035 1622 3310 6479 953 4341 8154 4649 8453 9711 4363 3954 4640 4332 3302 2373 1472 9906 3899 9673 8349 2755 5596 8238 4700 7881 3184 7181 5688 731 265 8235 8057 3644 2564 9281 2271 3313 976 108 4592 8540 7183 9577 7201 4192 9990 8723 7615 3723 1378 5926 9467 4817 9716 7481 6721 3084 4568 3656 7676 8685 3043 532 8311 1726 2890 7590 6539 8921 4310 888 398 7058 5894 6487 4741 3797 296 9915 9606 9172 5682 4243 1083 7356 8528 2579 5855 5410 2794 4095 2257 4488 9259 2544 7160 5224 9034 2586 8044 7289 1948 9198 3543 5718 6153 7739 1080 3588 6467 7826 7606 5542 6569 3586 8611 5931 9792 2165 5545 5616 3838 3350 4962 5987 2961 9227 1210 8124 5460 2409 9391 6964 2610 2410 1089 5265 4354 2493 1708 443 2457 5760 2897 2839 4891 2361 5606 2597 7219 794 6723 5333 9854 3711 5144 5467 4057 9296 7093 4886 899 4473 5916 1602 7714 9860 1404 6650 1704 1301 8001 3934 3237 1212 3971 1343 9013 7593 2145 1758 2604 2175 747 2814 7565 5446 6993 3500 1887 1003 1825 160 4268 7851 5873 2280 3922 3480 5230 3279 5988 1730 6258 5665 2843 845 4308 3440 5884 1375 8690 5865 7649 5423 859 410 7214 4091 3978 8535 2880 7985 8497 5459 6534 1809 4755 4923 9488 8636 3762 4726 4725 3836 5443 2029 9277 1558 7307 8905 1055 5631 7586 2873 2221 8463 8008 2358 2200 9396 5788 9120 2868 6433 2211 307 3380 1360 3412 2152 792 1076 5055 1277 204 7527 6260 1619 9749 6271 2163 9614 7953 5857 3562 107 603 9771 2618 8847 383 1540 4077 746 2188 8429 3369 5659 630 1230 6063 6613 7001 3819 3665 5731 9499 6339 7824 6461 9703 3617 1549 1410 8280 6444 8861 316 195 8884 5512 8797 8363 8106 8337 2243 9650 4156 3349 4695 1437 9387 7138 914 390 5723 3631 8887 7311 1677 9922 1191 70 7163 8770 6185 5504 4641 4425 7489 2441 5791 4650 2103 4424 8972 7371 4484 3456 1731 8910 8098 1574 8069 9339 1552 6227 5543 1966 3522 1575 910 224 2818 7395 2114 9573 6330 954 573 7825 8423 6434 5225 2450 7559 4178 9875 7264 7024 3812 9993 8152 3618 5125 1150 9794 1006 2427 4918 2764 906 8211 5817 1848 181 8185 8054 8100 6918 3858 7283 3048 8120 1242 4760 1951 8898 5524 3080 3727 8480 5547 3128 2628 7039 3238 4750 4315 182 3969 795 1173 9404 5790 3218 1801 9525 6667 5647 7123 9916 7969 8558 3107 3115 8818 5848 4378 6136 638 4790 9250 7008 3884 8519 7783 6073 611 5588 12 8612 9326 5586 1226 8677 5077 818 4446 2786 1658 6288 9796 3860 49 8907 6448 7215 6853 3712 1082 9532 8174 3880 4047 7603 6193 6084 5408 3987 2138 9918 9719 2321 9443 7539 5029 6586 5046 7696 4124 1084 3172 7204 616 1261 1892 4978 1691 9956 7035 58 2117 9417 7766 6632 5434 5841 2253 270 8638 170 7834 3386 7302 7049 9312 8350 900 3484 4445 2914 9932 9568 7568 3545 790 6700 4383 5269 3589 9811 9786 1829 7335 5575 7166 6702 7723 234 2223 4883 8321 1929 4338 635 2055 6494 1740 562 6770 7185 5065 7708 4778 431 8022 667 2408 8443 4197 626 5275 5111 7814 8543 8669 3033 9753 1202 3514 966 7641 4013 6011 4719 3402 5127 7964 4041 749 6675 5697 295 2617 9430 8775 1823 8717 8216 4501 3064 142 3780 7348 7002 1157 9887 8210 2606 9390 7617 526 971 913 9309 7537 1718 263 8123 4955 6890 4509 1452 1134 6458 6439 8269 5939 8607 6944 2273 2238 9088 2816 8957 939 1577 2650 9215 6623 2878 5273 5784 925 5110 5476 1881 7112 9243 9545 7441 9938 8874 8744 9690 4662 6507 406 8371 7611 6872 2276 1336 4305 3032 1510 7950 5672 4861 6919 5629 7795 9311 4951 1680 5415 955 6246 3698 7223 6111 1547 623 8308 7349 4922 6505 5149 587 9876 901 9536 6364 5538 1247 9759 9522 4545 3886 9850 5438 4474 6997 6750 758 7 3274 2169 557 3087 5726 7566 5944 4865 3569 8738 4908 86 5179 8091 1244 797 325 6690 6273 3097 8712 5037 5874 124 9776 3346 1120 2625 8169 4319 2322 5266 231 4018 4531 1898 8171 5798 3153 2671 6400 6524 5456 5398 8178 5244 5854 8582 5175 3781 479 8131 8002 2704 4203 3069 7111 6533 9203 3984 2853 1038 8232 8897 8013 1950 9766 2208 632 1958 8569 2224 2185 2130 2770 6693 729 980 452 4271 9196 8865 3275 2318 3110 4374 3664 4129 3857 2170 2824 6492 3950 2746 4185 1972 1254 4186 9472 8980 8802 7820 7281 9476 4729 2038 8375 2508 8267 2307 8163 44 3378 9334 20 8648 3626 480 6934 6390 7681 2909 8196 60 5407 4348 4803 2659 4296 2521 144 8789 5449 1425 3458 8942 5399 8301 1136 1662 2554 5592 2862 4399 8674 4393 8036 840 2658 4783 8594 4277 8012 3871 6828 3517 8925 8684 8850 9931 2563 2210 9005 7855 4841 2252 8499 3931 1653 757 2090 7509
