0
0
0
0
0
0
0
0
0
0
0
0
0
0
0
0
0
0
0
0
0
0
0
0
0
0
0
0
0
0
0
0
0
0
0
0
0
0
0
0
0
0
0
0
0
0
0
0
0
0
0
0
0
0
0
0
0
0
0
0
0
0
0
0
0
0
0
0
0
0
0
0
0
0
0
0
0
0
0
0
0
0
0
0
0
0
0
0
0
0
0
0
0
0
0
0
0
0
0
0
0
0
0
0
0
0
0
0
0
0
0
0
0
0
0
0
0
0
0
0
0
0
0
0
0
0
0
0
0
0
0
0
0
0
0
0
0
0
0
0
0
0
0
0
0
0
0
0
0
0
0
0
0
0
0
0
0
0
0
0
0
0
0
0
0
0
0
0
0
0
0
0
0
0
0
0
1 7883
2 8980 347
3 3060 3417 1357
4 3873 2135 3508 7956
5 7937 5171 8476 5578 9028
6 1566 6669 9790 2373 4663 8729
5 8078 653 6989 2174 6019
8 4115 2195 6815 1797 9919 4780 5099 8809
8 701 434 3430 4079 3078 8626 6957 7669
6 8346 8204 2846 7816 8113 3397
7 9601 4126 793 1749 4572 4439 3597
7 8786 7650 943 3228 7963 9026 6662
10 4071 422 7790 1121 7336 8189 3853 1006 4253 315
12 8044 5233 598 9397 5010 9808 7257 9704 2216 5468 3768 8030
14 389 5777 6754 8234 5390 9231 2802 8859 8996 9597 5676 7303 5715 9950
16 1134 9988 6152 9669 2212 473 8577 4444 1032 1680 8878 5627 4133 3029 9638 8485
20 78 2766 7191 1250 184 1802 9327 4822 7267 9796 66 1977 5651 6964 2449 6131 9265 8275 3655 2796
22 8995 750 8339 1822 7976 3242 3300 2021 8840 5568 5297 8089 2656 2882 9823 1613 1910 6691 9578 7444 1859 8965
19 138 2847 9200 3746 3907 8798 3647 7046 4833 1166 3723 7069 9214 8054 3140 6913 469 3712 3580
23 7782 1377 4474 8027 5116 7116 6912 6221 1433 739 6800 3507 7072 568 4669 4819 9749 8735 6108 9374 8770 5698 1851
28 7148 1595 281 3560 780 3164 5058 7891 174 888 9660 6697 4032 2370 5259 8135 5594 2484 7425 483 9269 6880 8136 6909 6751 1714 6371 9697
28 7245 5262 6770 6231 9286 6000 4694 7598 6215 9267 7330 5603 7032 6552 8752 8140 361 8529 8900 1591 2831 1475 7600 4270 1237 3057 4058 2786
28 6392 7566 6819 3410 8471 8462 4828 9762 2289 219 4684 9862 7007 1046 8148 1736 381 8444 7582 2366 9840 7895 5184 3800 6159 3024 870 341
30 5014 9561 6600 6765 5696 5244 8418 1639 4137 6409 689 7105 1074 7328 2153 92 9 1517 5827 3535 650 1702 2362 3097 9062 5221 1454 2942 2907 5953
33 7674 4616 6488 6046 2599 7151 8820 6280 5637 1302 5862 4577 8877 5592 1023 5332 9411 9996 388 618 8720 6443 3539 7041 3900 1478 9715 5649 5380 818 1428 4556 9403
35 5482 2265 1415 4507 6168 1560 9268 3275 1996 5506 1525 2207 974 4520 9545 4383 123 2033 6471 9935 6611 4656 9471 6526 7168 5494 9493 4075 6465 661 3045 6784 796 2895 4254
32 4182 2198 7397 7581 9416 2323 610 1243 8532 743 5425 8206 5530 9035 4591 9222 1352 5426 4815 2290 1645 8643 5572 9171 7255 2486 3070 5225 714 5398 9438 2249
36 6197 90 8543 2524 3373 1178 3122 2106 466 2331 3882 7680 3794 8008 8755 4410 58 8329 9595 1488 6106 1376 9981 3276 3569 1850 4208 6070 6825 9176 9193 9637 8542 2523 7319 4962
33 3425 2182 3181 498 7894 8833 879 4628 7870 6267 1306 8262 594 5964 5998 8558 6719 2632 4226 1413 7779 8276 5825 5554 8868 1729 748 4029 8075 7490 8363 5285 6974
35 3709 3198 6578 8565 8624 9899 1515 9329 7605 9078 74 670 2947 3835 1215 8691 7701 4074 5027 1706 6438 407 9295 7570 1624 1084 2787 129 2210 7687 2883 8555 6447 8682 5178
37 7662 9440 811 9568 8464 1600 7769 81 91 6522 9186 266 5100 7942 6893 1460 3721 4992 6701 6757 153 8288 2292 226 4305 9085 8703 9226 8664 6196 6080 5305 4222 547 6012 8548 9860
39 493 5798 2351 4757 8778 7279 1465 1562 2801 2375 1344 2337 4190 1120 3637 7950 4882 4515 8035 683 5067 700 7200 7514 6768 2047 7143 1955 4016 1510 6608 3413 6636 9101 6141 7478 4502 6830 8392
38 3592 2711 5583 8166 2916 2755 2239 9974 5610 4703 7117 901 2542 9178 4579 8215 9983 6510 3368 9448 7146 7310 733 8028 5205 2492 9530 847 4269 6886 160 3578 9905 1930 4287 5950 7885 1627
40 3216 4581 9850 7011 7752 9735 4144 684 9302 7061 1898 1194 7869 1532 5429 161 8191 2780 9250 9736 4862 3461 6968 5487 3253 1625 8674 9965 1356 6126 29 6583 8393 6499 3157 439 8959 8945 2879 9154
40 7643 3968 3782 3899 6623 1772 8906 1390 979 8937 6727 4550 141 8458 3989 2068 3146 9072 8722 5808 7692 958 4814 3740 3231 608 9521 4731 959 5995 8202 2784 732 9953 6325 8068 3120 2925 2936 2504
42 4119 6603 4662 1691 8073 736 9811 9640 3610 8526 1009 8264 200 4031 3545 6138 4293 8813 115 3464 5820 5072 604 8295 2972 1156 4261 7314 9195 5469 7945 1514 3572 942 2953 7094 641 6673 9358 8151 9410 233
41 8424 1753 3235 3051 6493 1442 9520 7980 3318 8834 8679 3427 5802 7097 1290 4440 6145 7237 9081 5720 4157 9355 9570 8087 3928 5631 8973 6589 8312 3749 346 1153 6316 8772 1874 6022 6932 2716 5002 7555 8194
43 5057 7613 9589 457 9251 2384 8273 1631 5360 8569 0 9437 2525 1679 4785 4334 2260 1402 1742 8591 428 7682 1135 1453 4902 2798 649 4541 2702 3089 9142 401 1078 8738 9205 3154 5728 4407 8110 6573 2349 283 7641
44 3353 1109 7794 5241 7183 3919 4046 6516 2352 4393 8381 3297 7393 4724 3234 135 7450 2590 6224 76 1698 4215 9389 3034 1392 8095 5479 6146 7129 7064 4894 5625 579 8101 1529 1731 2778 4961 5231 3668 8771 4585 5273 470
43 1574 3860 5613 2000 288 5516 9454 2394 6027 3205 8488 7748 5911 8728 7876 715 2891 4914 2080 1701 157 1530 5565 2466 8667 2407 8321 2700 6734 5034 104 5722 5363 9610 1628 8302 6076 1181 8061 491 8640 9918 1177
43 2586 5354 2297 3503 854 6402 6150 6177 4716 397 4942 3090 117 5053 1326 7651 8894 1493 2502 7056 600 4288 8901 6365 1456 9297 7999 3378 2726 148 2543 7302 6290 7659 4155 2751 1786 5275 4437 624 9018 5410 8696
46 4611 8404 5467 330 928 1756 7986 5117 5896 6049 1689 6866 2499 6436 1620 4306 2320 5601 5420 1585 5497 954 3568 9024 4365 5775 8982 2564 1654 5640 4451 5920 9009 9656 5089 9331 8763 9342 5294 5527 8409 4762 4793 9786 3444 819
44 9435 4980 405 6245 9236 7253 2506 9484 7621 3667 7513 9939 3544 987 2183 4262 8573 9664 6213 2019 4723 9299 3525 1606 3869 5573 4860 9875 9516 4142 4920 8748 8408 9948 7520 5660 1209 7970 5559 6074 5970 4775 7996 5638
47 1826 9155 862 9791 3701 9940 4917 4529 2966 9489 4858 883 6764 194 6515 3850 3277 8222 6378 2833 3377 844 7656 8908 2951 4438 4482 1216 9511 5616 5754 1432 7736 9399 614 4319 9572 3687 8810 730 7050 8596 6271 6639 5284 9556 4659
43 6812 2563 7606 1247 8977 8052 5298 9754 9708 9540 1770 8463 2194 1549 465 9067 5192 9689 9964 5428 7620 7623 2970 8578 8221 8707 9551 6853 3433 1201 8825 151 1703 5449 349 9620 6431 121 4682 852 3279 3913 3504
47 3491 6845 3210 8432 7475 4067 659 3518 5585 2873 3346 4221 2774 9495 4938 5434 7661 5793 2924 7000 6954 9466 7312 2645 7702 5114 3129 8534 3068 8684 631 5061 9125 6071 7827 3002 5776 7048 7717 4297 4412 5849 2291 3826 845 3808 6441
48 4967 2648 5557 9366 4996 8120 676 2841 4175 1787 7406 7526 3651 8263 3018 3785 3313 4431 4153 6460 1919 2842 7001 7290 947 6904 9564 9040 3204 1240 4143 8563 2650 5641 3935 5888 5172 6517 6899 8084 5402 6833 8782 7741 5618 8443 7747 1363
46 2772 4398 1359 416 5965 3278 1152 2747 5783 8178 3348 6979 2680 8004 4500 893 8511 6705 5327 7873 8231 3926 1873 6418 2869 3102 2312 471 17 759 1803 2871 9663 1041 9722 1129 5300 6619 8955 4337 6377 2067 5789 3901 126 2480
49 9861 3827 1038 4259 3575 3951 3331 873 9241 1282 7800 5742 6615 6473 1007 4292 8391 3484 4019 1589 8721 3686 1261 9455 512 9877 3343 4623 6396 6315 3790 4056 3142 3600 4508 8405 7454 9472 9450 5515 5582 7923 5633 1967 1071 578 9544 8265 7911
49 5876 152 1938 1130 3534 7329 2459 6459 6410 5860 4355 6500 8791 150 4953 8042 3320 1256 7776 1754 2044 9311 2576 6006 1063 1598 1391 5295 595 7563 5078 4899 4206 458 3862 5452 6986 3224 1718 7618 181 9900 3601 5729 6496 6737 9724 6017 8909
52 3636 207 1143 7487 8927 3579 7060 9884 4386 5102 791 1203 541 2313 4145 6296 4272 5781 2100 3273 8413 5689 4930 6182 6345 4448 1726 2006 4934 5394 1225 985 1523 9611 9911 672 3965 5788 767 7140 6801 2856 3688 809 8174 7517 5870 9991 7997 3857 1778 3143
50 9014 5370 1191 2335 8134 7120 5461 9817 4976 7679 8991 6826 5433 4566 8460 8528 6572 1849 8260 5533 310 3147 5438 6721 2551 2704 3747 7271 5662 9066 5242 5419 2988 3255 9432 4781 7497 4013 2443 9819 7602 1470 2498 2170 3906 6755 6320 8360 9163 4915
48 5254 7324 5097 6687 8143 9304 7026 9190 8910 408 4076 7777 6652 8641 4831 8330 7706 1292 7443 249 680 8279 914 2837 2949 7499 2445 4946 5389 1366 4604 2827 853 7 2621 9225 4036 9661 5101 2926 8522 7788 5787 9748 5591 3769 8307 6301
52 4904 1764 6671 3681 9131 6699 6032 1505 338 443 9165 7572 7691 1151 6361 420 3304 7374 413 4921 2040 7554 8855 8115 4713 580 3271 2508 9852 6802 7248 3085 2488 7023 9083 3788 4982 8785 8557 6066 2160 1811 6293 889 616 3796 2911 5280 7593 2634 6164 9478
51 5266 2417 7006 3482 9202 2418 8890 5151 3680 5542 7607 2298 5170 800 4193 7390 3565 6210 4564 2184 2520 5219 3806 1507 7167 9421 3400 6953 211 2070 1578 7027 7964 9693 3217 6568 1513 6116 5437 8633 3478 7595 6011 7542 3734 2959 953 8387 3080 7272 3116
50 2922 6190 3169 5934 5545 1051 1059 6922 7436 1229 6167 3625 2613 9338 5146 2132 9548 4782 4375 3416 237 5817 1892 639 6220 9598 4027 6403 4596 2886 7225 4595 5458 8822 2172 9357 7137 6391 542 296 2553 464 4746 7521 480 103 7817 8784 1665 8465
49 9475 1813 395 1492 766 5555 8586 8130 4926 4152 4677 1994 9467 1917 9461 1767 358 8013 3110 4401 6582 2148 3246 1661 1458 4312 4146 7836 6512 5399 8921 1619 7067 2641 410 8881 6852 3521 2865 8940 1375 4490 573 4274 5054 119 6810 6413 4964
52 3766 8267 3505 9104 7173 6935 9632 3126 5400 9629 1165 7361 7872 1735 3905 8876 3678 6711 1233 1526 9012 8284 2887 322 5579 8426 9002 5191 7615 3641 2692 1763 1640 8156 72 1164 8473 5203 2102 8014 8789 8510 9978 3842 6059 127 3092 4699 4512 4235 1993 4576
54 2921 4114 1577 5130 1734 2649 6864 9219 1053 7845 1293 7022 8365 8249 1603 4413 5704 2009 3229 532 9654 6098 4179 7388 673 8650 475 270 8283 1571 6079 255 5464 7476 7762 9801 1296 7749 4932 7469 5824 9377 5575 5337 4584 7705 240 8195 9452 9866 7194 5561 6835 722
51 8172 7633 8948 1339 5345 69 3259 3707 837 1217 7185 6519 964 9310 4341 3086 4652 2513 546 8047 2826 1034 1459 3923 7962 9923 5718 1416 4614 1169 8133 2087 1684 2208 3751 6383 1755 4536 9550 9539 312 7287 7583 2667 1981 2105 9423 6513 6952 9558 63
56 6261 7576 3075 9157 4632 8026 2 1417 4622 2201 7773 1138 5916 1904 9380 3192 9851 5975 1248 8466 3364 3315 2382 1128 6388 5962 1905 5346 1221 9560 3890 5098 8233 8300 1733 7504 1696 2347 3538 4242 7902 3577 1974 3706 9170 9962 5569 3663 8225 1027 7066 2561 6135 124 1635 3595
51 3516 5703 8183 548 1067 7331 7351 2048 9139 9907 5307 8500 4350 4524 7163 2415 6872 8617 3494 6238 8939 7247 4546 8007 8341 669 4340 9323 7438 6400 9070 1286 9920 6314 776 2222 317 5872 4176 195 4150 6838 9353 172 8416 9505 7470 3403 8351 7341 2338
51 3187 660 3877 3551 9635 61 2971 8872 9772 2036 167 9989 2771 8423 5496 3481 8122 8369 7400 5701 2389 5417 9769 4218 7739 5727 8942 5737 7673 7437 7585 8304 2598 6987 8600 8923 3990 8962 1527 6631 856 3940 638 6008 3970 9650 825 6061 4014 9941 973
52 7320 4974 4574 3856 5209 7014 9732 1675 6275 3405 8765 2992 8417 7349 5639 4025 4229 4792 2509 6914 3548 907 8512 412 729 7276 4776 1114 5622 6714 2309 8313 2118 4618 4686 1180 4203 5961 3358 8010 5180 6569 455 4936 9579 8731 8228 8037 6240 8964 5320 6014
56 2234 4466 2652 4349 2583 3693 5653 1779 5349 3762 3696 6876 949 4627 5925 9406 1258 8251 4630 1477 6606 4140 560 8296 140 5611 5063 2014 4090 1838 8796 9673 5026 4800 2200 3046 8571 5750 7398 3395 2628 5684 3691 2669 1372 3542 8192 894 5386 9894 9474 4998 8062 4707 9354 2681
51 9053 4764 1752 6980 5846 5886 7042 7449 2037 3291 721 6822 6452 8933 9394 9795 6971 6163 7703 7268 4898 83 2325 529 3284 7118 5379 7044 8860 5485 6104 2379 801 7208 6604 1335 9102 5902 1018 7055 7019 2812 2257 5795 9542 3355 3421 8743 9161 2810 5707
59 3190 4753 8579 9718 7720 1196 6151 1066 3903 2252 5910 6681 1575 8726 164 9753 9362 4003 8680 2989 7847 9760 3191 584 8611 8956 1262 6174 2967 3054 8254 9712 7013 4207 7898 4406 5003 3594 9726 2460 4301 2458 1332 7904 8382 8252 18 3713 9124 3946 6490 9045 574 5774 7839 5551 5681 1185 4331
52 42 4634 8590 68 1818 2003 5940 2401 9391 9909 6616 3644 8001 4874 5510 4864 5397 7761 1647 7355 8106 8337 3095 2811 3382 866 3108 7053 2757 9276 6758 6725 1652 8016 591 176 8340 668 1381 6467 6774 8323 3752 3493 2862 516 4680 5375 4881 2952 8114 3818
54 5588 2636 7047 9136 7695 5156 9891 1049 5148 215 8266 5796 456 1238 760 4134 4880 5090 2071 5382 199 1630 4667 8435 6811 198 1885 9091 9609 9122 6119 2593 9419 1906 5957 6110 7495 4429 3296 1902 4283 9503 2978 25 6534 4411 7100 4352 8317 1991 1522 8470 7774 4329
57 6570 9714 5030 9031 6597 1365 9756 502 6889 1197 4391 9721 8281 3114 9864 9439 3439 8581 9451 468 1020 373 3863 6252 5000 9179 9434 3269 9381 7725 5943 4756 3576 4570 5688 5672 3621 1582 9532 5871 9834 1979 708 7933 5316 9508 4326 3351 8749 1762 3760 5491 9615 5361 6898 5644 2436
56 6613 8315 9445 5944 5245 3027 5031 8547 9836 1210 2358 2279 792 3741 996 9182 1127 8274 111 9363 7091 7039 9332 4316 9651 855 7809 1914 559 4167 4109 6078 6884 4704 912 6083 2602 8817 8380 9639 8467 6592 6254 2987 7754 2454 4369 4798 5196 9001 3173 6442 1533 3285 8753 5211
59 6198 9888 3611 436 5492 2813 1014 2469 4777 5182 1659 6753 4788 1854 5596 3480 8518 7993 5822 1427 2595 3105 9090 4687 3817 8335 7941 3849 7532 989 1552 3463 7172 2219 1886 6877 4752 7357 2662 8208 5164 1159 6081 1699 9486 459 7666 7972 1834 20 6783 4947 6823 4353 1106 9782 6173 7936 2451
56 2139 6227 1831 5041 7115 128 3099 9079 1597 5598 5724 9462 2057 6411 3151 6295 6312 8993 5763 1360 5175 4728 5963 3290 2316 6809 5782 8807 2739 8550 6048 5982 3418 8196 1502 7879 2045 807 657 3357 3793 3624 6342 4449 2824 4783 5764 2261 3354 3406 390 9071 5635 8180 4625 4275
60 8598 1048 1660 994 7918 5195 2205 4909 4436 6563 9263 5313 4314 7203 4948 7988 4387 1174 4185 9994 204 7419 3379 5304 7282 7560 5894 1952 5073 8436 8601 3692 5971 7778 999 5199 1611 7103 8608 2665 2898 3789 1945 2196 2934 3627 9004 4908 1580 651 5549 2448 1010 3074 2532 6587 4364 6121 697 6479
57 8854 5465 8246 6785 2365 1139 6509 1608 8445 2137 15 35 3479 6244 1368 6538 3341 9658 6708 5059 2867 4519 1182 3982 3356 7589 9845 6749 1146 7363 169 3287 6492 8336 755 6336 9758 5605 6525 1324 2471 4537 8127 7967 8902 5521 3369 5864 4973 8895 4600 1369 8744 4256 6179 1868 4347
58 9581 7822 816 8657 2954 4937 9052 3954 3898 5066 4181 7149 851 6446 5772 8812 9314 1193 2646 59 5951 6862 7213 1085 2314 3321 3700 6591 1719 9588 5652 3639 64 1073 524 4861 7241 8457 4606 2816 5762 770 4000 4613 2437 7220 1716 2990 2844 9705 4811 5548 2616 3758 2431 1268 496 2497
59 4467 9049 4473 4759 2496 3765 446 4214 5895 9076 1961 9915 5901 1547 5670 1944 1354 7597 2955 2243 7407 4504 4101 5249 7429 9618 1056 603 4578 5972 2348 7102 3458 9409 1403 7823 5393 1656 7127 463 7095 3178 1251 765 8998 9849 4468 6782 9886 235 2938 9698 378 6266 5928 2594 9555 2155 2994
57 1959 934 957 7175 5967 6857 2693 7244 2526 3620 1907 5726 4530 147 2129 9183 380 6535 1871 8483 7135 7815 1724 9703 292 6948 5854 2682 643 6338 2527 418 5013 398 6938 3244 9701 9401 7403 827 3032 4620 1966 1447 6139 7354 442 7730 9134 2329 3345 5432 6960 4708 7718 9343 6202
58 835 2209 3815 4922 4794 8415 9951 8003 1278 9384 2914 5705 7381 1674 5863 134 4089 7981 9853 4174 6385 3262 4178 4435 9780 2610 8821 9303 2589 1294 5581 245 3137 4434 633 4496 5806 5422 7410 4911 3414 9237 2742 4041 3053 6848 1297 9335 6040 978 566 2567 1629 1615 8941 7422 447 582
58 5832 6891 5535 626 9584 5206 2482 2169 2479 5423 5436 4302 3272 311 3429 7693 8974 9818 7037 6586 6927 5442 9372 916 6063 5122 3983 1830 6837 7196 6204 9525 354 2133 3737 2112 3485 7780 8212 1077 5364 723 8287 821 8742 9523 4631 1518 6920 7107 4895 24 9388 2493 6561 9827 2659 2518
58 2368 3042 7760 9727 6720 2442 9506 1520 8327 6073 4001 1133 2642 690 9898 5315 3802 4641 4095 4124 1000 6354 2897 9218 8605 8390 9118 4011 3026 9716 6075 3512 7221 6905 2910 7510 2344 3252 6132 1343 4675 5735 1989 3699 8243 2065 4008 8197 7192 1705 9422 3101 1638 3381 2957 1212 5674 5921
55 9151 8544 8407 773 8835 5903 3333 9042 6925 1558 8701 4104 5052 6676 6286 106 5878 848 7709 1694 3743 2928 7645 5347 609 9233 1761 664 7924 2187 494 2727 1161 9776 5816 7943 3263 4806 9319 9132 3307 1982 9652 823 6289 9022 5996 262 5536 7968 7246 4643 7537 9109 7559
57 9106 654 5524 8961 1060 8952 6655 3350 7742 7232 5020 9258 1441 740 675 513 3513 243 6230 5071 1671 9835 5096 1825 798 8844 7459 3136 406 213 4332 938 4240 9659 5899 4035 1565 7783 6381 3017 9341 3874 423 9318 1318 1841 9557 4196 2537 5215 4913 2999 3645 4832 5418 9510 2254
59 5959 4065 8698 9688 1348 3630 6664 4239 5632 5612 663 4009 9719 7974 2359 9356 956 5587 5274 1098 4289 8025 4163 991 2426 5291 4284 5441 5108 6601 4748 965 5842 5978 7159 6334 7273 285 424 992 9944 8086 8930 6095 890 6855 7905 2729 2732 6797 1449 8935 5805 2776 9723 2969 7806 5988 7021
63 3831 3590 1599 5336 4701 8934 2933 3201 9785 60 5005 1016 8663 232 6551 8737 2136 7927 8642 1971 2558 5547 9526 6707 8294 8552 5834 4295 3094 9160 6945 8883 210 6706 5956 6607 1828 6617 9717 1033 4299 9480 6839 2580 3566 9746 4216 5576 8411 4651 6501 3447 1583 4681 6907 8146 6169 6637 7002 2467 2213 4037 6405
60 2440 993 6557 4246 3972 8017 5462 3855 1124 2013 3347 3049 2920 308 1998 9133 2064 5183 3487 9973 1986 9917 9575 6999 7596 5852 5198 3390 7696 4829 5220 1353 5299 3370 9011 4492 8310 481 7141 6232 6394 1844 6934 4558 2579 4624 1900 3163 9074 1287 581 4026 4384 9164 5960 1559 946 6546 4747 7688
62 7080 445 8184 9213 6347 8740 5476 3005 8829 2253 5574 4005 8046 1760 5201 1222 3871 1299 2679 6750 3675 871 3398 391 9812 3055 1214 9300 2686 8384 5450 2893 8871 5443 7681 4955 8139 2411 9487 3031 9016 3445 4876 2932 6642 8229 3626 1183 6661 6478 8823 2885 3547 2275 3457 6184 9383 7850 6680 4605 7260 9577
61 691 570 9960 6543 7708 9743 6635 7384 130 1422 5968 9428 2126 7668 7087 8201 6686 7278 7592 4017 5843 1692 5314 6918 7863 39 9007 4430 1280 2944 1308 4317 318 7212 5642 5880 3359 302 6689 1058 6469 4846 165 7211 6031 9086 114 3498 2694 8685 4320 4877 6415 8750 1655 7837 9444 9841 4789 3748 8618
60 1408 7313 2607 7030 4797 2152 544 479 8438 5855 3391 6211 1794 9831 941 3335 3281 8911 7660 356 5045 7875 7284 4223 642 8824 1303 9365 6915 6996 1504 5270 1783 4727 3574 9046 5272 3615 6307 1101 122 8021 5743 7391 6733 4462 4848 2597 632 5819 7713 5985 6503 5032 2544 5507 5050 5365 6843 9837
64 1711 6638 5147 4066 314 5475 7611 7458 4442 5456 7482 238 6985 2391 771 2409 190 2281 789 7835 790 3330 868 1045 8907 9187 9739 8686 5306 2082 3609 3786 4421 7763 7888 7155 1013 5331 478 9779 3245 6193 3738 1384 9775 269 9306 5155 695 4907 8535 6761 5813 6360 4532 7214 5948 7861 371 6235 2901 711 7577 9895
64 8858 5500 6791 5326 846 4166 6265 6778 4650 8841 4607 2395 1430 7086 8564 3528 80 3934 4348 409 3340 5384 392 7522 7906 2120 8616 6018 9280 3730 6291 539 1094 8422 7184 2888 4538 4740 3004 2321 5980 7373 8 9000 944 7565 2240 7092 146 3676 699 8045 7601 4531 6916 3993 5256 5092 5712 5481 5897 2528 9204 85
65 6096 9543 8383 8386 9747 8481 9699 6363 3844 3702 9752 5949 4304 7637 1521 5167 6752 9583 1149 1730 3215 597 3908 332 4243 686 5405 3174 781 6192 7025 9672 3942 8762 1866 8031 6924 9140 505 1450 1190 8379 1116 5338 3809 6067 7862 2875 4121 8160 9977 5091 7505 5615 6222 2311 2749 7726 1801 2850 9330 503 6537 411 3082
65 3922 8039 1846 553 1704 665 7864 968 1964 4476 8714 515 3847 4722 9272 435 3745 5757 550 7455 5514 1899 7939 5488 6763 7157 6665 4180 2730 57 6072 3657 5746 3047 2740 6353 8158 4836 4654 8429 1291 4405 5194 1992 7627 4022 6109 9379 9602 2336 3066 5629 3015 1404 4479 990 3148 340 8978 6626 3540 9838 2661 6632 960
65 3183 4189 9194 4303 476 7015 9492 40 16 6620 7528 1239 4983 2053 8006 8913 7347 2738 2247 9415 8398 2624 1792 2835 8917 2522 5064 1709 1915 4100 2262 2390 6684 6208 1142 4414 8190 6977 2341 8519 8702 6288 2453 7283 3666 9711 1463 1388 3593 2575 9691 4485 9903 1877 105 2478 253 47 166 145 1678 8240 7153 1793 2084
64 7849 9371 1833 27 4392 9695 5917 2263 170 2756 8530 7383 3292 4639 3783 6427 9235 5784 7356 8377 2403 7629 1118 4679 7536 1708 7195 8857 7830 1044 1972 7792 1249 6696 5373 2283 3886 2224 7834 6962 9647 9465 8537 8198 4499 829 6333 4233 3338 4173 2162 4012 2434 3998 3237 9934 4820 8916 6029 3474 6542 2016 6088 5486
66 9141 1204 2086 1424 2330 7496 563 1275 7230 9123 2085 3036 706 5714 1412 6437 3420 1167 9044 5769 1083 5028 9562 4544 6997 6310 403 1489 6429 2235 9694 1936 5075 6156 5104 369 5505 775 2043 1351 5236 5131 4924 4879 8795 7797 6458 9275 7657 7169 3022 4267 8836 3948 787 4381 2094 9947 2385 7900 637 8589 1484 8879 98 5517
63 2223 1587 6956 8121 9992 8080 9646 874 4311 9382 1241 7249 3755 4903 6622 1865 2238 7675 1836 9798 1519 323 4726 6856 4732 7531 9092 1618 116 225 8185 2657 2759 6450 6743 9050 2714 2432 3319 324 2229 4202 8947 1075 935 5933 1155 6840 4296 3586 8576 8606 6943 1305 6327 1881 8776 8918 7362 2296 900 1921 6491
66 6933 9488 3288 1312 2785 4944 2715 1700 1325 3139 8549 1604 5499 9955 3079 1784 7960 5512 6550 6331 5900 8593 2230 8067 1548 7009 1405 510 8248 6024 2675 5994 7035 3096 2251 6841 6991 6180 6940 4103 4010 248 4372 438 3475 4333 4154 3206 242 2074 8104 8433 6103 6335 6248 1594 1396 5685 3816 2273 3062 6955 1946 7460 419 6422
65 2734 1999 3123 2765 8207 2241 1842 4660 7969 6961 7699 1737 2168 4018 4192 5229 1677 8958 4969 5457 6874 1064 6236 5074 3176 5687 718 8245 7345 997 3453 865 4402 7860 1223 5606 6670 2372 982 9830 9169 2425 4453 9162 3773 6247 1561 7548 162 3673 9631 7197 4505 8777 4020 415 6305 2041 2985 3106 5851 4418 3375 531 6148
70 3039 2805 4852 9594 5383 7222 1956 9075 702 3618 4279 3735 2430 2664 9678 3332 3443 7375 6990 5850 499 36 2233 1304 9093 8325 203 7767 9857 2946 5352 1934 2121 1870 1829 3828 305 8490 9252 2326 3213 3499 1537 2663 6343 8491 8271 8199 4786 3337 7716 9519 118 7263 3613 9036 2025 6053 1576 5936 7106 4695 2902 3366 1739 7978 4097 7908 4821 969
70 45 6423 3562 4671 8440 5984 6294 1140 5237 9352 3462 4186 1025 9027 5671 8050 9546 6359 3489 8645 6162 5935 9153 4691 8794 8862 9127 9029 9871 7877 2017 6143 5993 2428 1494 7012 6100 9232 1713 4549 3971 8461 8034 6387 6739 5655 8056 3714 6571 7825 7535 2773 3726 8456 2545 2884 8112 1347 7477 3649 8979 9535 1464 8374 8619 966 2809 3555 1298 2894
71 8103 9168 666 7205 9248 6796 1021 7394 5129 9224 8261 3992 4784 9761 9777 2677 163 8754 4069 2591 1245 6205 6744 8292 9240 437 4388 9317 2909 9720 38 384 4582 2539 2998 3771 6908 4602 6772 7018 8713 4328 5643 5447 1117 4557 8116 8269 6958 761 3967 9386 4225 1814 8102 7339 783 4038 814 7457 8533 717 6921 9064 2881 1916 7934 8819 8631 5392 8636
67 2635 2098 9890 1568 7639 5503 8170 3471 5794 5153 3866 5520 571 9096 2912 3267 8924 385 4377 1888 4799 5278 4110 400 6364 5906 9593 1799 1389 5766 7989 8278 8509 1103 1409 3211 8610 6594 2226 9513 8414 9653 1931 1471 6054 6140 913 9234 7420 3270 7451 3469 2284 8308 1978 2962 7604 509 5907 5526 7435 2807 3038 7315 537 1651 3767
64 577 9446 8447 8870 2005 4802 850 1890 4227 6485 4278 8410 5228 9622 8920 6978 8005 2843 7765 1096 7727 4818 872 2857 1003 55 7308 4382 7005 1498 9800 7058 2549 4258 4737 6306 7591 9534 3371 9144 8459 6043 6549 2081 7434 2356 4427 4342 3994 2483 3559 8788 7125 9285 4702 12 6303 9003 3008 3472 4419 2217 9784 9604
66 4891 13 1387 5608 9942 910 8875 896 2860 4200 919 8651 4183 606 8968 7369 2310 7111 7755 5838 9883 2552 5659 8760 3402 9247 2412 1747 1948 5691 7321 7588 1853 4213 1054 758 2889 4149 9999 7829 5628 1623 3007 2974 5087 5626 1949 786 5145 142 2363 6489 5657 2360 9032 2269 8117 5344 5586 6762 4548 2380 2556 9847 7886 9307
70 2717 6950 8546 9887 6001 5952 8399 5938 487 4717 4 7543 3323 7147 2339 8954 3731 5682 2301 43 8673 3803 2161 5821 6277 7462 7610 7503 4990 3515 5770 6025 6082 430 8886 2845 6175 3674 3067 3939 4693 7889 5614 6760 2319 7684 8839 3372 1901 9137 4007 7686 3561 8635 5019 8632 3135 5009 7683 2976 9208 1798 4981 2904 951 4268 8514 5991 3107 7887
66 6056 4768 3265 1573 159 5532 656 5185 6474 8950 6102 3009 9937 6966 9825 1198 9599 5157 2232 4465 5406 9149 565 4958 8944 8318 7082 5309 7958 3839 3819 2354 4161 382 6433 5356 8168 6653 9209 955 1195 3184 5617 6695 7624 5335 5094 1722 2461 293 6771 7619 7376 5560 218 9759 1266 8164 65 1022 8501 5372 9645 3918 6279 9914
68 7851 2378 5160 6982 6154 7787 4170 7689 6092 817 1429 6556 8966 6554 6304 320 1440 4692 2027 5439 8700 4158 4647 569 1723 6813 8861 5869 1102 6457 1401 8109 2540 1457 5409 8175 1616 830 7365 7231 2128 3261 6789 1043 5047 7940 4073 1617 1455 7562 4210 8852 6799 2302 2991 8203 2721 1800 7807 196 2572 2737 3404 4516 362 4871 9481 7820
71 2758 746 4049 3025 7343 9591 6640 6482 8717 6407 9095 678 7430 4030 704 4975 2748 7840 7561 9324 3654 3167 1693 7062 21 3546 7753 7983 6585 4547 4985 3449 8066 4420 5152 585 9290 2125 9312 9630 8614 4164 6946 6039 5060 7350 1563 7826 3012 6937 7057 5892 9682 8065 7658 7101 3424 5538 6832 8708 5110 2514 3197 3962 3072 6633 696 5930 9404 8395 2507
71 3448 1965 7256 3756 474 9826 1437 7402 6416 5997 3763 7416 5460 4156 6767 7176 5867 8970 3669 6902 2794 2158 4575 1028 3532 615 7484 2030 8253 6648 7432 4658 3360 2977 2404 3585 7112 6414 3963 6451 7909 7626 3376 4738 1732 7285 9316 1252 7646 4863 7814 6831 1922 9305 2503 7987 7998 6260 3098 7332 5882 9563 8880 4954 3931 5621 3633 2956 2406 5208 1199
66 2584 9111 2146 4501 7511 4338 2069 1192 3149 9378 6910 3845 9625 3186 5706 5348 8285 6128 7379 8506 3711 1310 9203 3813 2629 7802 4988 8350 8507 2416 2790 9414 1314 5504 3894 3152 1535 6930 903 7676 834 2660 4389 4653 4886 260 4939 4626 9245 8521 7567 2392 8179 5599 5665 4664 4367 3196 3959 7731 448 4461 6947 2668 3021 6787
69 175 9282 280 9288 7494 551 271 6258 3682 273 8936 1462 5654 5883 5166 6634 9745 7489 484 1485 4457 2689 9254 3336 8147 6574 4127 2948 8801 6367 9490 8371 5761 5132 6502 693 6439 9794 8599 5484 3891 4404 9345 3718 763 6870 1569 1605 4744 3980 4729 5243 5873 7512 3084 2405 1957 892 7991 806 9828 8060 2306 1473 4135 869 3188 9969 5738
71 9822 1769 4077 2191 3076 3929 7946 256 3640 6871 1809 2965 3557 158 3881 8865 3019 1322 7296 3520 1253 2039 9733 1307 6666 4489 2760 8815 8769 9906 6352 1147 4603 2413 4551 5786 4488 3677 1876 3650 9893 803 5810 3885 840 599 4023 8303 3976 6896 9271 3564 3658 4859 9013 5358 6858 2072 2197 9082 79 426 7677 4872 1079 6189 1399 9296 2134 9799 4188
66 3660 8220 1386 8394 2793 8710 89 3694 3932 2293 8193 3412 5318 6618 7299 4282 8022 3604 4044 3130 1259 8988 1226 5329 5292 9158 5367 9279 376 4918 7099 5804 2278 112 2653 8758 583 6124 4609 2754 4187 7573 9946 3000 5620 7530 5814 1953 9364 7486 113 2115 8672 4138 9143 5809 6495 4561 2487 3589 8298 9188 5204 6596 4171 4131
69 2150 1579 4760 9360 8364 8654 5528 2836 5669 9606 6382 432 3764 4250 5144 2024 3722 3091 1593 7866 4251 7316 4889 290 1431 6820 8889 1908 2913 8899 9228 6993 4919 8334 861 3220 7831 3180 9325 6223 2245 5493 1581 5415 9641 4649 5111 7226 4245 4816 1162 7301 8739 8556 5232 3527 8567 2866 5466 1820 4735 5543 8236 1136 2215 4111 9802 7134 694
64 3155 2091 6668 2795 1285 7636 7516 4219 8699 3177 4655 3716 8681 7016 5683 319 6057 8741 1657 6300 9949 9436 925 7670 8602 881 1002 1069 778 564 5847 986 9464 143 5839 6228 1137 2741 981 9047 56 7994 9998 9867 7479 4670 5866 1534 8508 3861 880 1112 2063 1728 7770 6153 8830 9687 2789 4714 7608 8932 7534 1766
73 3249 9211 5837 8205 5334 5213 8356 9755 9559 4560 1644 3266 2775 2569 682 8093 9315 9936 9172 2470 3770 8783 5502 8040 9634 5749 7131 2062 2935 2124 2685 709 2004 6508 3393 8675 1667 8475 2324 2872 8051 2821 5539 8319 1632 3293 5773 355 7262 19 7640 6349 3966 6536 206 2421 9945 6239 2282 9686 4105 4615 7280 6308 3607 8272 7008 6157 9995 1954 7775 7162 519
67 1808 9328 3171 9037 4503 8797 477 1863 2535 8162 593 8884 9963 7158 2468 5435 7110 2744 8553 8349 2142 4325 3069 6715 3742 1158 6191 359 3127 1321 6298 9824 4943 920 6629 3662 1673 4555 9553 3325 5357 9626 2592 6788 9512 2073 9048 9369 506 7445 4409 5624 9201 5158 8032 9112 7152 5937 2828 5918 451 2481 7294 5227 7907 3386 6207
73 5455 3153 2517 4447 6425 6879 8286 3643 2399 6117 7020 1024 462 4084 7180 3118 9242 9504 1487 8239 4116 5396 5302 1882 7483 8874 619 9376 8652 8677 7275 7108 6773 8455 2066 5118 799 1406 3646 8630 7265 5214 7515 449 8867 8226 9262 8420 7628 3822 1426 6949 7372 4198 2002 3689 4569 9569 8929 6317 2964 9025 2731 6533 891 4224 2516 7772 6498 2530 9643 9770 6906
69 7136 5062 2414 3704 7704 3911 7380 3385 3598 1926 7442 5829 629 7144 8421 555 9121 5759 9393 2562 6740 6567 51 833 7122 300 5289 6115 109 8639 4343 3061 1461 1636 2225 7307 6644 4970 5958 9674 6494 8396 8186 1480 6685 7366 6373 2455 4849 3221 1570 6579 6602 1017 8802 5812 7396 7413 8660 9030 2189 3161 2670 2781 3422 1990 8009 6588 7527
67 5634 1472 625 8472 4989 3772 4808 5815 2614 2815 3744 2746 7715 221 4323 6099 6994 9880 5760 5159 6160 4542 8358 4064 7068 2188 5803 8352 1483 8925 5093 8489 6895 8362 4280 4080 6530 1469 9683 3805 884 6249 2420 5799 3973 7550 945 9333 1019 3023 1443 5719 857 4959 6251 2211 8218 9463 5859 9580 4586 1345 1551 6647 7947 2611 9741
75 5260 8097 5955 8504 1468 528 34 1205 429 6756 2578 5308 294 5 2138 8634 1750 3854 2450 2797 8541 6675 576 4929 8224 5413 2547 4374 7525 6454 2355 5024 259 4423 4098 1774 2939 5752 7033 611 7795 4525 904 1346 180 7428 4498 2022 967 495 5979 9926 6194 8719 8951 4463 3947 932 2109 4721 8520 2095 4666 8081 882 7261 5609 3349 3468 8092 8216 1791 2582 1596 4901
70 7653 2823 2996 596 9417 2554 1751 6463 5247 2140 3612 404 931 6348 9097 1276 7408 7910 1342 9975 4205 6559 3777 1610 7745 5490 8055 4665 4774 7188 9855 8604 1176 8826 4986 6044 1856 7088 9547 367 8373 379 2110 2181 5212 4868 5043 1806 8800 2490 2127 7446 867 725 2377 6101 9167 4999 983 8779 3214 6356 1227 2834 1288 2444 7805 8816 3952 5255
73 187 4935 3581 3179 8523 5973 8297 26 7552 8885 9130 9120 229 5713 8250 6746 8257 4486 7878 8478 5556 6854 7405 8904 7664 878 6318 353 5083 3846 1319 2900 6728 9068 5840 877 5048 9060 3753 7556 2315 7912 8333 2299 4706 9928 326 6087 8403 9566 3964 7599 6259 3223 7250 5922 5932 607 4790 3352 9766 344 4271 7164 6052 5678 9094 9829 5021 1690 277 2494 3708
76 9351 3423 558 7855 23 6931 7569 6888 108 7698 8745 2640 9129 4249 4834 375 9590 2167 2439 2868 2745 4809 3984 8000 5301 4370 1676 5121 5597 9173 2050 5404 9497 2276 331 7300 8775 1467 231 5800 2982 5095 7385 6521 4843 4509 461 8119 1845 3248 535 4972 2861 1476 6700 728 7954 3864 1646 2619 9063 1633 4741 8058 2691 7791 6929 8376 1015 9293 1270 2099 3059 6625 5723 2423
72 102 2452 7642 2090 7574 9336 4238 7358 8919 7982 3172 3306 5826 3050 4697 9773 9537 6007 8831 6112 4478 8256 5401 2960 1883 1207 9921 4047 1867 7059 4696 71 3879 9844 8137 831 8560 998 4883 1840 5590 3895 3820 5154 2113 9528 3728 9730 3945 5444 5362 5563 8301 7269 2764 9259 1110 7224 8622 9181 4510 6713 251 9642 3451 4683 1607 1928 4526 8167 1397 7456
72 7318 7584 8372 3452 7235 8434 5908 5134 9592 7323 3442 8237 785 1740 971 2838 572 7896 107 3299 2983 3715 5235 7401 5070 9375 5311 8214 6672 9502 4136 9057 832 6272 9367 2683 7431 264 6134 2034 193 3043 2975 6487 923 2402 5431 7070 7959 6529 3843 5004 9744 4971 4484 298 7897 7306 7524 3208 3909 731 6358 9080 4518 937 8928 1150 1350 3334 2630 2288
70 6885 4322 9858 1539 612 7395 4088 5511 3781 9956 5207 779 6677 7485 2218 9856 2609 7359 4734 9725 4545 4885 9737 6268 9690 6357 7209 2011 6590 8976 4952 1371 2606 9458 1744 7077 4371 4637 7171 3470 4129 9427 414 6965 5186 1743 9294 279 4464 3792 5623 5143 9479 7665 4426 3996 5017 3450 8219 8100 6972 1385 7789 7852 6269 9015 2565 9982 6051 5885
75 327 4960 671 6257 1425 182 4807 8592 8431 2012 3264 9073 1080 1448 2768 6242 4567 970 1414 9477 5424 3830 4452 4117 3156 8912 6256 8668 2725 648 7935 67 1320 6368 5080 9792 1029 9256 337 5477 492 4125 6621 297 3960 241 3754 6863 8331 179 6270 5271 3617 1200 4772 2190 5319 2566 8647 8648 9221 5946 3239 6002 1975 1263 2357 3138 9731 936 4767 2587 3642 1911 4361
71 5604 3233 7297 1035 9820 8971 1186 2777 747 3476 7161 3150 6113 8277 7667 220 930 5079 8328 4315 425 9006 5403 5035 753 6287 7928 6449 1960 9833 5874 3812 8149 8338 4276 4177 5695 4839 6539 514 5741 3602 7189 3088 7433 508 549 4770 3282 5893 3933 8173 4810 1827 6420 1500 8706 2294 3141 1254 6577 1543 9679 6901 7223 8891 8070 6722 1875 8887 7690
73 6975 1817 7186 1271 4766 1531 7694 8503 2228 2573 3953 5226 8584 4817 6566 3917 8442 3486 7227 3904 1821 9084 8469 8211 9126 4888 6609 8153 1395 3563 3310 7949 6187 8038 6892 3889 9326 6462 7124 2475 5790 101 8837 3596 4070 7079 4842 4399 4359 2696 3365 2035 3924 6370 1232 1481 9514 7128 4108 3510 1682 5391 2709 940 9113 9916 4422 8539 6149 8715 1773 1637 5453
71 7833 2993 482 3209 9498 3119 328 8850 5898 6155 3064 8282 7295 7625 304 738 393 5125 9892 4745 8517 841 3912 1555 110 8689 2931 5647 4443 3490 6693 9750 6882 8666 9135 777 3132 3175 8621 5577 8759 8999 2364 7733 7881 7813 444 3329 7732 6020 1649 6023 6468 727 9574 366 9603 9608 6273 149 2927 7508 6203 3583 1446 556 9152 4956 2007 8314 5823
71 1785 2672 7901 7179 839 7448 1491 3383 5127 9385 4415 4710 3671 6292 4495 9229 9184 9395 6747 5084 9854 6523 2511 5023 7409 3925 3670 5124 6814 8536 8538 8482 2984 1482 4851 9453 3344 5546 7378 4700 3837 6628 7292 247 5038 6527 4086 8138 5923 7160 7786 4102 9210 8344 9680 9813 2427 485 3459 3588 652 9912 7930 4197 7938 7921 4963 9607 977 7540 6614
76 295 8453 5673 2864 8177 8903 3501 3921 4535 4480 4966 906 5999 2555 5416 6868 7842 1300 590 7065 6393 6218 1759 5343 3865 3774 6069 1688 7925 3431 4290 8437 2699 567 4081 7242 4045 9207 5230 6483 99 2060 274 1122 9098 4838 5056 756 2173 7578 7133 8230 8098 3052 1026 8361 9373 7182 8157 712 7498 8985 1686 4360 6201 6709 6136 843 6397 4592 1540 282 265 4875 4977 7417
75 9392 1141 3902 8085 3632 8152 9257 3656 3339 1148 9019 5566 2186 5258 6278 4082 4252 1373 6341 2770 8572 2433 2322 5887 2477 9531 4736 7304 4241 4130 84 9677 4456 5905 924 7740 5427 2761 1452 3477 4471 8882 7757 4113 5076 3927 2419 3109 6712 9509 9929 5977 9846 7634 4285 136 7085 8430 6679 898 5286 3081 9065 2626 4688 6867 9778 7856 5161 9573 4897 6038 6133 2623 1648
80 6507 9872 8299 8545 8730 4433 2890 336 4091 1410 6983 7367 4123 504 1236 6779 7239 8609 6036 8620 9107 7392 7916 2303 4432 8477 5508 8628 5412 3955 2825 4428 1126 189 4743 2171 2615 8348 6624 6998 131 8764 645 6850 1 7181 744 2684 3222 6827 4991 8525 2515 154 5165 3115 3725 1687 6926 7073 6981 4733 7052 4416 2533 486 7518 6654 497 9927 501 3664 8270 3202 4345 3159 6656 9192 7215 7234
78 6130 5046 7229 3832 5388 8366 554 1924 5942 2876 540 3396 7575 3380 6520 6794 8293 9494 6859 3040 4642 1420 9491 6328 3887 4900 6795 5879 4040 360 1309 4021 8892 1935 3795 6010 4294 6484 6544 9763 3514 3684 96 1567 2708 8960 52 4043 8023 2690 8291 5931 3732 46 4668 2958 4709 9684 3591 3165 11 8838 3841 3848 7453 1812 8018 4995 9244 8305 2119 1255 2059 9100 3530 5240 7756 3232
76 8450 1641 5645 8669 6683 5941 1330 3316 350 9128 6748 4455 2353 6995 6421 6379 4307 4394 209 7541 8793 7078 7038 4527 4997 3144 7472 4857 8623 7771 301 6434 4689 4379 2877 1962 6114 1188 4813 4128 7075 5519 2193 3073 6376 8210 4470 2806 3327 2026 5986 9901 9199 28 6107 4308 9206 5710 8126 5217 5981 8690 2250 4884 7119 8695 9517 6181 7156 9586 4552 3030 5513 6806 3531 3810
82 6340 7828 4260 1512 5008 5889 5721 4068 4769 5553 9984 6284 1220 7177 7723 6125 9147 8711 3033 7201 185 2334 7880 8076 926 3724 1081 6824 8655 5238 6033 3286 6976 6085 5200 6951 1929 8842 7298 6375 7882 623 815 9617 2658 3799 5248 3571 6724 9567 4812 500 8997 5139 8767 3342 7170 6514 9843 8676 9402 9146 2089 6548 1497 6702 5686 754 5702 9878 4646 517 7738 9023 3653 4590 1727 7322 224 5690 9418 1445
76 7678 4052 2830 1824 3628 534 188 8513 5881 7481 1175 5181 8615 5797 7327 3541 7751 1012 8848 9781 2937 9220 8238 8603 6860 1218 4201 4533 8144 5395 5830 9370 710 6337 8255 3028 2981 48 8597 1496 1887 386 303 2792 9174 6939 6195 6199 742 4330 4491 3969 6605 8069 8280 6477 5025 963 7139 5571 5677 2559 8043 5459 192 31 3207 3522 5317 6332 4791 2585 2386 1235 1864 7492
77 9832 8946 1187 9764 8568 4543 9441 5865 7219 6936 9175 291 421 5251 2236 908 2058 5619 5353 3858 6738 4589 4194 2001 3388 5133 1852 3608 3506 3298 911 8665 1490 5848 7612 2817 2204 9177 4351 9729 86 2206 6861 7803 6009 716 4865 2521 2246 244 9897 4711 1284 2880 4234 7274 885 3823 543 9789 7480 5120 374 8747 3111 2393 3938 1509 7090 8792 6776 7424 5877 6732 8898 2791 7368
80 156 7138 9180 3363 9814 688 8468 1364 3258 8969 1909 9933 8733 6374 3367 2147 8575 6464 8368 8756 9407 2762 975 2541 3780 4004 4247 5700 7812 5189 3362 70 3797 3058 1206 5694 5768 2408 6612 8345 7884 1879 4417 6873 4368 7587 917 4335 9400 1050 4094 812 1710 8827 6900 5179 6803 5858 8181 7254 3750 8428 1331 8388 316 5234 5016 3727 4571 6745 7544 3710 5430 5471 4827 4940 6969 4771 5033 4300
79 5835 6229 7132 1942 3665 8983 4568 1807 450 3260 7648 7744 5263 9621 9816 2144 1923 73 1093 4730 9803 630 3556 8828 3100 3500 8289 4638 6263 1349 3986 3194 5169 4212 1920 3798 6646 1418 5833 2617 2342 9666 254 7758 2462 6302 9103 325 2307 1338 7447 1087 3428 3915 6004 1984 6165 4528 7113 3200 897 8326 5558 7977 8811 1337 8527 8306 2264 8002 6704 9613 2848 3083 7764 8132 6055 6804 1289
79 6428 526 4469 8653 9117 1768 7529 5113 6250 5310 3582 6790 5680 309 768 5693 8375 4313 2637 4472 5376 1707 6793 1725 2707 5293 9274 9260 1683 9970 9110 1889 9993 5818 3131 1933 5913 9043 805 3944 1662 2369 3920 3437 4676 2387 2130 9469 1495 1781 1973 8804 6678 2596 6777 9230 8397 6219 5745 364 1843 8079 9108 4336 1374 2491 6339 2214 3988 8165 5926 4698 1891 7965 824 6598 7187 8670 7649
84 6440 9413 7995 2698 275 5595 810 6890 5675 9459 3867 3950 1398 5658 4629 2166 1588 208 6731 236 3573 1340 2687 1411 9954 1370 5976 6233 5222 5904 3280 1861 4657 7423 8967 7785 7370 1244 3622 7549 3807 782 8915 9959 1358 1171 95 1382 3961 6170 5239 3013 1224 3419 1213 1903 268 7083 1940 6894 2277 6118 8806 6047 9313 5753 1501 8905 7252 5341 1005 2383 9069 7154 3014 2703 205 2008 5374 7174 4540 2267 2719 4678
80 3117 8849 9054 9538 6214 2874 5472 6003 1614 2145 5333 2051 5448 6123 53 7719 33 3103 8718 2489 8154 3185 4562 1219 4363 7291 7305 972 5501 9089 5480 9821 4266 527 4147 9278 6137 3759 5015 7948 5716 6692 5540 8990 1832 5541 2568 8843 4321 1231 4787 2271 9473 8869 4778 2676 1775 5264 1107 7389 1912 4362 372 1878 3729 1281 634 8241 1474 1316 860 3289 1550 7926 3305 8583 1503 5473 4978 9212
87 9738 4523 6424 8090 6330 5801 7539 5771 5197 6959 8851 3519 3698 7724 2304 7890 9612 6283 1123 4165 4636 2221 5368 703 1804 4358 3243 5748 7202 9339 2722 1545 9056 9771 5983 1564 9793 8347 4823 334 9216 9655 6386 2463 2743 5330 3441 5767 4277 1664 5268 5924 2108 7206 1858 887 7210 7975 8259 9896 875 4987 5288 1394 2688 8064 7198 3230 2438 137 2199 9433 3374 7734 1790 6324 77 7386 9347 3985 7631 5216 4965 5836 8805 6216 6627
80 681 4141 9284 7382 9447 2803 7793 8227 191 276 3324 2472 4034 9967 9115 9549 8992 2346 216 1004 7028 3170 5739 2917 5969 2892 4483 734 620 1011 9281 4281 6183 3631 9116 6178 3303 1621 6026 7586 8124 2185 8688 9810 1173 8972 8773 4244 5252 8041 307 5708 5853 3466 272 3736 9938 5544 1663 7818 5088 2374 2079 3995 1997 6887 4366 9524 8845 5276 3226 8585 4354 3872 4339 1315 3071 7722 8694 7796
76 8141 586 9340 4830 1925 4796 6729 5564 8400 7922 9039 9966 4050 4573 3733 4867 343 5351 9665 2644 5218 6212 6274 9457 1810 2788 3212 6037 6185 3791 2943 2052 9952 5791 8659 7404 1796 3981 1847 7919 8761 3401 2300 8129 8497 5001 8425 1336 5150 6792 3776 1823 7710 246 1273 6346 2361 797 9449 8888 3977 6593 7714 5359 3943 7281 9788 41 7553 1184 9349 5779 1367 3876 6511 4644
81 4172 5919 1788 8406 2332 9361 5529 6928 2244 9804 5668 6237 5082 3836 5478 7412 4015 250 1932 3182 3195 5176 1602 8123 1301 4204 6171 9412 7824 2178 4873 3975 5890 2465 8332 3010 2056 9334 4779 9359 234 2015 3978 3599 8975 5037 4059 5287 4493 4162 5123 4475 9518 6682 4513 7685 8570 1438 7034 6158 8531 5785 50 4265 826 7228 7342 3614 1279 1958 6660 1361 617 9869 6435 5915 518 9882 212 9255 7502
84 3883 5552 8502 9740 4236 4057 7031 5966 9522 4327 8324 7109 357 6005 1264 1681 2519 7488 2154 6643 9565 3587 927 5312 9425 2318 2538 2457 6412 8258 886 9529 7672 3553 6849 5282 5974 4583 8864 3446 1451 9390 8780 6166 6786 5648 6518 7932 8847 8155 538 2839 3473 7003 4826 9783 1379 5697 5929 2605 3497 5663 1362 8163 6723 7465 876 7857 808 4993 5342 7647 2203 6506 4619 5734 3308 368 6094 3868 7270 7165 3006 5666
74 6781 8099 3240 3492 523 3878 1712 4481 1037 6970 667 4824 7867 2343 4248 5990 5522 5912 8494 3326 4950 6419 5253 261 4055 6329 6690 4062 4497 7387 636 1436 3241 6941 3065 9008 6741 7844 6846 8732 6350 1057 5040 9021 4054 588 5498 5246 2164 6505 1884 8856 488 3509 3526 5992 7892 6241 1311 735 9881 692 9633 6013 6532 6667 3979 5844 8187 5029 9768 2367 6065 6172
81 2849 306 7609 2713 4878 6610 6200 4773 2604 9797 9930 5128 7707 7985 8751 5868 6481 4887 2429 8012 2673 7467 2410 8389 8441 902 5861 6276 363 2286 8499 4945 1329 5699 223 3124 4132 7150 8963 2534 1170 4633 7893 1052 6453 9483 9264 2111 8217 3884 536 7848 9706 5463 774 8692 8524 1234 6144 6903 5190 8188 2340 1108 6769 9277 9582 2093 749 9320 6798 8024 7966 120 8774 2968 3829 3554 7348 8385 7010
84 7277 3145 3384 4805 5149 7251 1407 5751 1499 3524 7579 3623 1985 3757 5051 2101 4093 2622 7464 9456 662 4672 4385 2961 8182 9270 5012 7955 2799 9976 5440 9908 5550 3434 6456 5828 2818 4425 909 125 1968 2424 6426 1070 1439 9197 1536 2697 8757 9671 5385 3056 8495 2723 6736 3916 6558 562 7193 7311 1274 9859 9623 6541 7360 4705 7644 1378 3930 5725 2054 453 1486 587 5667 4674 2814 3957 8268 7533 5269 6576 2103 4087
84 8725 4804 8595 9038 7216 9868 1805 9227 1036 5112 8049 1421 1776 7603 5945 7721 1042 3225 2782 1160 9648 2435 8914 8322 4264 6472 5068 1104 1228 6651 7076 2020 3456 8938 1091 339 2165 3003 1145 895 2077 9876 6282 2979 6323 8401 8029 5884 4191 440 6476 1246 5927 3549 6035 454 7051 1334 1008 707 6805 757 9605 5011 2905 10 1546 88 2046 8554 4984 8559 8244 6068 9987 3840 8290 7474 6564 1738 2157 3048 5065 7207
83 6430 6808 3236 6021 3247 4060 8678 7871 3302 3044 460 3295 4910 6504 8072 7865 2258 8727 679 9571 2674 9059 22 7931 3784 1317 2654 5856 1837 7071 3825 8505 545 4892 3834 8661 9287 8020 9501 9185 628 1771 9552 5732 984 9430 9424 2581 6111 1272 9734 4106 9596 762 3432 1941 100 2639 2192 864 8580 2733 8091 2159 3294 2588 8169 7440 4593 9020 2398 8803 1937 1943 2501 7804 5736 950 4923 1653 3870 8629 2388
85 2822 6042 8551 2156 3104 3775 9913 7439 9685 1590 8949 9636 9751 1380 3851 5744 8176 9961 4298 9943 5296 3037 685 4640 7045 9442 7784 7743 1189 2735 452 3606 9728 9051 2720 2852 1097 3629 6176 5265 5135 5947 5202 6321 9616 5378 1383 7546 7236 299 6649 905 2131 3638 4853 9807 9614 6285 5283 4220 6243 8354 5339 1658 8427 7461 8088 3438 1685 6086 2618 1626 5261 2510 9099 3041 9765 769 2915 7123 5717 8683 7471 5987 592
84 5371 7914 8724 8607 2550 3496 7096 4122 915 5740 8118 1100 5534 6351 5086 8697 1257 9874 5126 2840 4231 5446 2908 2574 4083 1897 9499 7580 1089 1872 7473 9815 3603 2986 1880 4002 7990 8989 3705 7663 2500 1553 4199 2671 30 3389 3897 2631 4051 6963 1950 2899 1265 6967 9337 9644 3999 7547 3787 7293 4024 2317 217 5792 1086 6209 3426 6 3112 9865 7616 3936 1939 3779 396 7951 2441 6821 1327 7841 7655 4690 3436 9346
79 2870 1717 3256 8896 1062 552 2557 4318 6234 9702 1554 952 1715 4739 5210 3703 2710 4597 365 4356 7240 6186 2175 8588 3648 5142 5119 168 5350 2474 644 2397 2923 9628 5162 345 8446 1642 1721 6716 7557 9707 7238 8926 2287 9292 6726 3814 2945 4648 5340 646 8984 5778 7506 9105 7971 5414 7920 8357 8474 2529 6281 9301 6659 37 737 6717 2505 2712 4380 321 2371 6217 6650 6942 3570 2149 6575
90 9145 7418 3511 4107 6897 6062 687 7421 3679 4896 4151 6445 1758 9980 3411 3238 6262 4096 8746 1542 9238 939 6389 2853 6470 8235 1895 4521 4446 1082 5366 1516 4941 8943 8562 1172 3134 239 5451 6829 3199 2973 7258 7130 2010 9931 3896 6380 3301 1927 7622 6807 1848 7808 4085 3408 3162 8671 2259 6875 3690 5602 1230 2750 5807 9541 139 4968 9972 5381 9348 1061 6077 9253 8343 6828 8516 3274 6988 6028 2123 8574 2620 6390 9873 7049 3634 3517 5193 6091
80 2446 9321 8561 377 1125 9166 6595 4169 7929 8625 3322 9806 8063 627 8439 7957 289 6580 6710 6105 9055 745 7915 5875 9675 720 9289 9870 5277 8493 472 7190 7243 1168 4720 4344 5137 5411 4601 6129 7346 557 7493 2151 9196 3672 2753 8200 7630 4610 4310 1789 1780 8171 9266 7333 3394 4554 8059 8209 622 1782 4209 8716 3483 7799 1479 859 1947 8712 9710 1115 8077 9904 4890 1697 764 6865 1508 7326
83 2995 3387 9742 9246 4397 5049 4754 1556 5077 1860 3659 2963 3268 3 1855 1795 6844 4553 8320 2918 173 8873 2950 9619 252 4588 9885 1242 1269 1668 1622 2651 7811 2643 8145 4835 4599 4749 6253 4160 2114 7953 6742 4139 802 6565 7750 6466 8480 8587 9709 7040 7832 4357 4837 8161 9088 7874 6372 5321 1355 9298 4563 6089 6455 8853 9198 6911 7523 9034 4061 8736 7617 6041 8893 3652 9767 2400 5845 7004 7854 4594 9138
92 2603 3440 962 7735 9662 1896 3833 4951 9470 5914 4870 3987 6030 6973 82 1260 4408 4053 784 2295 1131 3804 2096 6309 8646 3821 2179 8627 2919 3254 1039 525 7614 8131 1435 5279 2255 5106 9249 3635 1144 6486 3317 4617 4598 2220 4761 4148 7126 6698 8498 5531 5081 6050 2333 842 3880 9922 2473 9429 348 5267 4725 7571 329 6122 4445 8342 8449 6917 5589 828 2285 2376 197 4042 2248 6818 1393 5747 9398 1105 8986 7371 5489 3956 2456 7399 9431 6730 9932 5107
89 719 7426 602 929 4949 8128 2202 9460 3937 1816 7309 4458 1835 2570 1745 9150 3536 4718 1283 1055 3949 6299 8790 3997 5303 2536 7338 794 383 980 2274 4263 6630 9889 6531 5509 5584 1557 2808 2116 8448 2092 3543 6735 9010 863 9902 3063 4120 3495 4373 4072 5731 7737 5755 7353 4847 8866 6417 705 6127 3550 7325 7821 155 1072 7594 3133 8451 1669 1277 3219 4450 3661 8247 7746 9148 2706 6311 3328 3697 7801 9971 1313 1001 5007 8096 9700 8311
80 2038 8709 4494 5939 3128 5069 9787 5377 2769 3811 9515 2049 6322 7286 8594 6658 3001 8454 4487 6919 9990 1839 4931 5523 6344 7415 5055 4856 995 3892 3407 7377 8931 4612 1650 133 7104 9261 178 2666 6398 1894 6362 4845 635 8370 4893 613 5989 8082 6058 772 1970 9396 4854 1157 921 1208 284 9496 1506 351 3838 9291 640 9713 3859 2819 4291 7166 4841 8011 287 2075 7697 4685 8479 7063 8799 2107
93 9058 2851 8057 9696 3720 9243 4390 1040 3460 8781 8566 4006 2396 9273 8074 6313 4587 795 7259 1095 4514 5857 9585 93 5177 9986 6562 9554 5369 8486 5355 1980 9420 2097 4460 9500 7352 8159 741 3020 2495 4092 3415 3893 8142 522 7233 2464 9344 4230 1819 6226 6851 9119 6384 263 3552 6326 6045 8367 9676 9985 6555 8452 6034 2180 1528 8071 3087 3309 2655 7501 3257 3910 5408 9667 2422 1119 621 2308 5650 2345 7029 3467 1323 6524 561 5042 2804 5562 1099 4539 7364
81 820 9215 2381 9692 6319 726 4994 1113 6475 4099 5387 8083 2767 9627 3283 8108 62 5022 5580 2242 6369 4048 2728 1777 6553 7468 9308 6847 257 6225 4844 4028 6674 3454 5290 394 858 2724 3778 8814 32 2546 6448 9668 3250 3605 7700 4750 5187 2231 1341 2227 9156 2625 6528 342 8705 6984 201 5656 7017 7452 9536 752 2896 2638 7551 1815 7121 2718 1765 2571 2088 3168 4237 3719 6404 4866 4635 7899 3399
89 333 2600 1466 724 7545 6497 7984 4765 2855 7979 1983 144 1976 9408 8613 9033 6869 4933 2701 1969 5525 1076 8957 1592 5138 4621 674 6547 4758 5168 8638 431 4559 313 1643 9482 933 4565 4906 9309 3695 7509 2903 6399 8378 533 278 8223 6545 5730 183 4033 1088 7218 3193 9405 2270 5733 2941 4719 2997 9005 5630 4928 5421 3189 5607 7145 2476 267 2117 6355 6560 4039 4927 9576 2627 8981 5593 575 2268 6161 8353 1211 8412 6663 2783 9958 9600
94 8033 9191 3875 7427 804 7781 3991 8492 49 2512 1862 4217 7084 2930 605 6016 1612 489 4795 5323 402 8897 4273 9533 1541 3465 530 1609 230 8150 5322 7036 1092 8808 4168 2122 4869 2548 5661 3121 4825 2577 5600 8015 922 2800 5006 6147 6540 5758 9757 4378 4232 9387 4522 5174 4645 7217 2929 6120 7961 6775 5636 1400 97 5891 8704 6923 5328 1202 4912 4403 9657 1031 1857 4850 7074 2328 7289 8515 4459 4228 7810 427 4346 1601 3958 5257 7654 655 4063 511 75 647
90 1179 1572 601 5325 7337 1893 8125 1746 6093 4803 5115 2305 2042 5483 5109 4715 1267 3455 7992 9322 6657 813 132 6703 8111 7054 3203 5223 177 87 7671 6097 5474 9842 2763 9839 9979 7766 5811 2076 1695 6581 2859 3685 3251 6406 5909 3941 3801 7199 8355 5646 6432 1047 335 9624 5692 6759 3852 7632 9239 4159 8656 658 4211 6641 6834 988 5250 9879 6694 5085 4979 4255 7868 4608 7711 9805 3717 7858 4840 9774 6881 6883 1672 7903 7178 6480 202 1154
92 1434 9159 4661 2163 1030 698 3361 5136 4751 3312 2858 4957 2350 8053 4195 2633 8693 4286 6255 1913 7952 5224 899 2608 7944 7441 5163 5105 5570 8316 3683 4396 5407 6188 2028 9910 9087 3392 1444 1524 2705 228 3488 387 3011 8094 3502 7973 2560 2032 713 9681 4112 14 2695 222 2327 4118 3824 1720 7635 4763 8496 3761 1090 3093 433 7266 5141 520 8922 5140 2612 1869 948 6688 5173 8637 5711 4517 4580 8953 8487 7729 788 836 6142 5044 4184 4916 6090 3227
96 6599 3016 9189 4801 94 286 9957 3533 6461 6992 417 5537 2940 2736 8540 2141 2752 6718 171 589 6816 7538 6395 9350 2266 9848 7317 8036 8687 2832 8723 6084 8309 1423 2078 9368 3035 7334 2647 258 5281 7340 6206 6780 4511 6878 5664 7043 9217 838 7491 4855 1068 214 3616 7558 3409 1918 7500 3113 9426 4534 2029 490 4742 976 4441 7098 2023 8612 6297 6645 7913 9649 3739 5518 1328 5039 2177 1951 4905 6366 8846 9476 8987 677 7089 1295 2143 8402 6264 3529 4712 2678 6246 7264
99 9670 4078 9925 8644 9443 352 5756 5324 227 1670 7638 7335 3914 961 7798 4400 2906 7519 6444 8766 6766 3537 2018 9223 3619 4395 7768 3558 8649 7142 3158 6584 2176 2280 1419 5036 521 822 1163 5018 7838 4376 7846 1544 7288 6060 4925 6836 7114 751 3888 2237 4477 4424 7564 8242 3567 2485 9077 2447 507 1584 1741 5841 8107 370 8419 1748 3077 8662 8048 6401 1987 8863 3523 8359 9468 9061 5765 186 8818 1538 2104 6408 7411 1333 2779 1634 3311 8582 5780 8105 2031 2829 6842 7568 9527 7652 2980
98 2820 5831 5454 2854 9997 4506 7759 8019 2863 1666 1111 7590 5679 8232 5954 3160 7728 4309 5188 4673 9485 2531 6817 4454 6944 2601 1132 2061 7024 6015 2083 3166 2055 8213 7466 54 8832 1988 8734 9809 3314 3435 2878 3584 7712 3974 918 7344 1963 7859 8787 7853 9283 2256 9507 1511 7081 5567 9587 3125 5495 9017 7093 2272 5103 6064 1757 7507 1065 7819 9114 4755 7204 4324 1586 5709 5445 441 1995 9924 399 44 8994 7463 9863 9041 8658 8484 467 7843 4257 3218 9968 8768 5470 849 7917 7414
