3 34 89 182
2 162 106
2 156 289
6 246 129 61 31 86 117
3 198 35 26
2 242 299
4 133 16 3 65
6 260 225 40 81 115 191
4 296 112 56 193
3 210 219 64
4 11 90 51 166
5 200 29 269 55 263
2 218 104
2 60 67
3 18 223 187
2 99 12
4 85 181 53 291
5 168 50 147 45 66
3 13 236 176
3 75 44 155
4 0 277 266 122
4 204 250 118 230
3 4 196 222
4 249 91 292 221
5 7 98 22 93 286
2 62 256
3 80 73 279
2 57 206
3 105 158 215
3 54 207 262
5 203 205 24 172 267
3 127 177 194
4 243 238 38 109
3 125 157 297
4 161 197 264 179
4 216 217 124 46
2 110 141
3 137 160 120
3 88 102 71
3 63 128 228
2 148 152
2 170 192
3 273 83 280
3 107 298 30
3 113 163 47
3 114 255 33
3 294 188 142
4 95 202 139 17
3 212 14 145
3 41 265 253
3 184 119 211
2 245 135
3 159 82 97
3 180 32 208
3 214 23 132
3 276 232 233
3 144 237 77
3 164 261 154
2 213 94
2 224 49
3 290 190 173
2 171 272
3 72 27 189
3 146 254 240
2 258 149
2 284 252
3 134 25 278
3 19 283 165
3 174 6 251
3 150 70 130
4 15 239 235 229
2 271 178
2 39 143
2 96 151
3 8 140 84
4 167 241 195 2
2 136 288
2 10 169
3 121 5 175
3 244 76 247
2 74 126
3 79 138 183
3 226 287 100
4 185 20 36 234
2 92 293
3 220 209 69
2 103 59
3 285 28 123
2 111 37
3 259 131 52
3 108 101 9
2 21 1
3 116 201 231
2 227 43
3 87 48 186
4 275 295 248 270
3 58 42 274
2 281 257
2 68 153
4 282 78 199 268
