27 9563 6208 1459 9541 8048 8935 4530 1341 7252 176 652 1403 1648 1982 2607 2942 3211 4099 4756 5328 5459 5946 6553 7106 7793 8556 9179
20 9449 7458 104 1796 2078 2517 2965 3454 4115 4543 4741 5150 5600 6145 6788 7311 7920 8191 8745 9527
26 7779 3508 5000 5842 784 6371 3737 317 796 1167 1684 1955 2344 2963 3393 4318 4815 5443 5856 6296 6799 7135 7553 8259 8822 9634
26 9252 2678 9621 8341 8526 3679 1446 7606 351 909 1299 1773 2696 3471 4247 4677 5037 5256 5501 6288 6818 7354 7932 8624 9194 9696
24 8788 9301 4716 9891 8925 471 724 1368 1709 2317 2870 3380 3962 4817 5304 5847 6398 7078 7572 7846 8395 8957 9196 9457
22 7468 3028 9827 4671 5179 267 825 1451 1692 2072 2264 3113 3640 4265 4921 5585 5869 6067 6331 6800 7022 7270
21 8890 7600 2840 3984 369 792 1311 1721 2661 2850 3441 4085 4482 5270 5913 6657 7617 8008 8380 8689 9275
26 3936 9601 4140 7235 3954 434 681 941 1171 1544 1891 2381 3457 3949 4782 5524 5848 6231 6652 6884 7548 8234 8569 9009 9566 9799
25 3055 8564 1695 6520 702 9639 1156 7968 221 493 1112 1516 1805 2209 2637 3206 4119 4755 5366 5857 6716 7420 8291 8970 9239
23 1880 4 1137 1598 1820 2210 2490 2691 3045 3498 3913 4245 4728 5267 5713 6024 6485 7263 7946 8474 8617 8973 9811
17 8727 82 2409 2778 3268 3952 4656 5537 6073 6556 6760 7134 7664 8206 8847 9248 9690
17 5226 19 1871 2636 3205 3799 4283 4804 4944 5703 6206 6779 7114 7563 8126 8993 9293
30 1143 6988 2499 8561 8441 6355 1350 5596 426 558 1078 1589 2010 2277 2642 3477 3636 4183 4722 5535 5760 6070 6449 6870 7451 8117 8439 8744 9131 9641
28 8605 2298 6074 4116 274 521 676 1057 1488 1738 2121 2598 3168 3697 4028 4539 5234 5854 6047 6434 6719 6964 7441 7610 8644 9016 9166 9654
21 3371 9693 55 1148 1643 2175 2570 2958 3219 3866 4235 5043 5555 5853 6084 6391 7195 7914 8350 8687 9322
23 4525 8111 4005 6470 3591 220 2625 316 813 1596 2142 2768 3726 4166 4584 5277 5771 6309 6853 7310 7965 8344 9266
26 1785 1751 8862 8238 338 585 1162 1647 1883 2435 2871 3376 3938 4156 4514 4905 5241 6202 6608 7155 7550 7945 8500 9073 9320 9727
22 2519 4317 8080 6019 1377 4041 424 972 1424 1895 2471 3006 3808 4406 5103 6134 6667 7331 7841 8293 9085 9452
26 7122 5533 2697 1359 4592 230 992 1593 2004 2719 3034 3599 4072 4590 5300 5620 6059 6734 6970 7225 7612 8187 8932 9370 9590 9871
17 5245 4604 76 1001 1274 1806 2534 3278 4047 4686 5290 6146 6659 7309 7768 8437 9363
28 4420 8718 4392 405 520 703 1004 1581 1888 2304 2692 2997 3522 3967 4202 4598 4916 5360 5727 6138 6401 6749 7177 7525 7885 8557 9222 9502
23 5991 1427 7036 136 621 806 1055 1345 1689 2460 3023 3744 3988 4625 5227 5495 6209 6842 6966 7886 8179 8667 9439
22 8520 2709 66 1590 2318 2542 2889 3680 4452 4933 5271 5611 5927 6017 6324 7159 7318 7938 8369 8684 8805 9250
30 6403 5919 8568 6099 1144 5431 6545 5707 345 640 1101 1530 2020 2313 2831 3434 3885 4314 4947 5591 5924 6194 6446 6691 7251 7674 8145 8505 9082 9674
26 1138 5979 6127 132 618 853 1279 1557 1675 1901 2213 2682 3195 3375 3700 4421 5187 5545 6014 6846 7222 7583 7993 8601 9518 9936
19 2758 8 1109 1443 2023 2378 2948 3387 4088 4840 5689 6151 6783 6986 7380 7928 8656 8989 9538
33 3253 8792 9735 3530 3135 4438 5072 4991 5664 2251 5531 8618 164 769 899 1329 1730 2017 2421 2937 3674 4039 4408 4560 5087 5698 6225 7151 7677 8323 9020 9352 9591
28 6252 8599 4412 6214 1435 5505 2353 410 462 729 846 1303 1904 2328 2776 3164 3548 4330 4780 4984 5764 6537 7107 7469 7732 8696 9046 9438
24 8303 8278 7437 2225 8942 459 710 1281 1996 2477 2848 3439 4322 4987 5567 5942 6347 6555 7012 7489 7795 8235 8876 9366
25 9121 9750 2933 4735 7192 4142 4193 475 902 1524 2296 2727 3208 3667 4185 4612 5258 5790 6460 7366 7801 8495 8977 9193 9445
34 3629 9920 2074 6762 350 5705 4763 9184 1919 6010 4929 4883 404 606 898 1449 1810 1963 2258 3024 3459 3677 4111 4461 5129 5748 6236 6482 7333 7861 8100 8514 8798 9660
29 2541 879 4779 5563 3965 134 1030 1331 1832 2222 2563 2775 2946 3664 3904 4410 4627 4960 5276 5588 5906 6287 7144 7398 7981 8194 8781 9233 9722
30 5868 4586 5295 9436 2619 8230 3179 762 188 3612 4363 210 920 1325 2063 2885 3661 4093 4400 4610 5153 5626 6468 6836 7029 7495 7870 8180 8843 9603
30 7379 137 1286 7330 8881 5062 26 5961 1456 8700 160 754 953 1147 1415 2126 2577 3124 3292 4478 4725 5123 5817 6077 6660 7188 7642 8079 8588 9562
29 6745 4523 3337 1229 5877 5176 8837 4977 5361 3110 465 738 1382 1687 2234 2741 3293 3924 4164 4781 5124 5829 6690 6973 7430 8141 8800 9399 9786
21 4793 117 2738 3010 3328 3538 3803 4311 4696 5259 5440 5841 6192 6866 7232 7605 7963 8536 9224 9368 9747
25 9483 4181 4820 4042 8147 162 788 1464 2107 2688 3071 3720 4386 4920 5034 5458 5921 6157 6624 7567 7922 8221 8751 9089 9720
28 7347 3389 5597 258 7157 9831 9677 7405 163 830 1358 2079 2590 2930 3449 3919 4790 5156 5768 6155 6860 7619 7890 8049 8425 8583 8868 9757
31 3008 7020 9289 313 5557 2777 71 9257 7524 8468 495 119 671 826 1157 1469 1902 2306 2832 3437 4121 4654 5594 6045 6386 7003 7630 8507 9062 9517 9710
23 8253 7713 913 283 659 1119 1967 2572 2995 3458 3625 4509 4849 5297 5529 6162 6389 6856 7268 7983 8455 8829 9458
20 1776 4417 88 1576 1802 2197 2656 3408 4161 4750 5127 5740 6289 6478 6869 7439 7912 8460 8884 9358
32 9864 3507 8632 8934 9659 4768 5174 2163 485 534 751 979 1387 1693 2195 2634 3009 3506 4059 4357 4632 5275 5521 6078 6728 7226 7955 8335 8833 9001 9426 9853
23 7119 5573 5190 337 814 1233 1863 2220 2943 3396 4209 4911 5398 5582 6003 6628 7006 7422 7781 8360 8629 9029 9565
24 6541 8422 9398 396 500 677 747 1139 1487 1928 2358 2796 3648 4105 4504 5081 5779 6388 7087 7431 7782 8584 9327 9620
30 6901 2166 1959 408 3650 687 4572 3492 4510 4846 140 741 976 1352 1819 2553 3097 3582 3843 4201 4575 5029 5474 6038 6708 7129 7438 8178 8458 9390
15 6744 7835 548 4751 9756 8199 7390 204 203 3798 7800 8398 8759 9371 9478
25 9140 2099 1088 1905 275 530 937 1282 2048 2513 2817 2941 3422 3785 4300 4499 4932 5667 6016 6641 7170 7774 8277 8899 9220
21 187 9360 40 949 1212 1574 1925 2439 3021 3563 4456 4734 5433 5963 6472 6877 7411 7994 8589 9165 9606
21 6544 6285 167 822 1453 1934 2780 3363 3955 4291 4764 5350 6100 6528 6896 7237 7544 7926 8782 9246 9888
33 3167 9090 457 6825 1016 262 609 2858 3227 1579 8740 9794 373 689 911 1580 1960 2426 3072 3746 4289 4633 4967 5494 5815 6770 7117 7416 8017 8531 8614 9298 9982
19 5968 34 1531 2050 2789 3224 3756 4356 4912 5356 5666 6097 6574 6942 7356 7900 8406 8867 9412
30 2695 1421 7534 7971 819 5658 2476 9609 2310 669 7992 161 662 863 1154 1694 2228 2715 3440 3781 4124 4468 5213 5754 6369 7277 8037 8642 9086 9397
25 2384 389 3688 6342 194 810 1196 1390 1975 2737 3242 3732 4109 4273 4669 4870 5157 5879 6326 6666 7102 8015 8371 8609 9270
30 713 4842 6633 6735 6293 7609 6298 7703 5776 8828 9765 8870 4766 374 645 1123 1747 2670 3383 3789 4279 4881 5418 6023 6554 7338 8026 8713 9083 9627
22 23 5147 7986 293 981 1361 1954 2402 2781 3518 3932 4271 4626 5243 5873 6367 6928 7447 7706 8547 9032 9535
33 3708 6548 684 3091 4015 7836 4862 1894 6768 4747 342 525 765 1127 1608 1909 2168 2504 3150 3639 4341 4805 5220 5473 5571 6240 6598 6952 7374 8089 8390 8943 9604
24 9044 3964 4844 5463 3914 315 851 1238 1794 2199 2507 3217 3665 4007 4310 4965 5684 6402 7190 7504 8074 8512 9215 9715
31 9186 4465 6306 926 5850 5493 9404 155 1012 1170 1455 1672 2245 2428 3002 3448 3901 4658 5402 5766 6328 6494 6710 7065 7465 8256 8497 8911 9204 9536 9783
31 1002 894 905 5732 2549 8201 9146 3431 2098 9088 381 626 954 1412 1771 1983 2496 3064 3542 3874 4240 4816 5083 5691 6043 6549 7046 7644 8104 8701 9488
29 7684 8975 1322 4599 6384 298 4339 4865 406 575 875 1184 1480 2137 2459 2753 3189 3575 4104 4591 5057 5554 5797 6239 6962 7693 8355 8836 9433
24 9084 2177 6152 395 675 1072 1328 1815 2357 2674 3120 3731 4508 5001 5804 6363 7148 7570 7970 8488 8707 9014 9424 9951
27 1178 1037 3504 2491 4808 8411 2926 7011 305 844 1243 1745 2214 3180 4030 4427 5411 5660 6310 6569 6974 7573 8136 8289 8674 8963 9481
26 368 8679 6614 3503 393 226 1378 343 522 965 1318 1985 2564 3136 3841 4328 4857 5680 6317 6729 7427 8055 8602 9022 9300 9435
32 9579 8244 6382 952 9726 4174 9615 7700 121 569 1182 1686 2257 3011 3484 3728 4277 4692 5096 5435 5972 6266 6586 6881 7336 7737 8146 8310 8459 9173 9427 9745
23 1757 4736 1064 487 771 1041 1677 1933 2729 3463 4038 4362 4721 5362 6102 6821 7149 7622 8267 8548 9077 9570 9887
16 9752 5886 85 1861 2366 3313 4180 4720 5774 6169 6615 7394 7808 8533 9007 9437
24 2212 6207 1744 7731 4298 199 725 928 1508 2002 2687 2947 3482 4120 4667 5265 5783 6408 6997 7385 7707 8403 9063 9594
23 1105 8994 70 840 1100 1409 1833 2362 2675 3169 3842 4197 4462 4731 5058 5508 6012 6618 7597 8428 8677 9188 9543
18 773 75 2243 2809 3531 4089 4708 5355 5729 6110 6394 6919 7199 7424 7659 8454 8810 9408
28 4048 3635 3061 5621 5348 5232 7589 1495 365 778 1218 1783 2239 2545 3067 3392 3797 4219 4864 5399 5487 5820 6638 7030 7291 8205 8720 9175
31 233 6801 9471 2454 5198 9567 247 151 562 1104 1369 1932 2279 2671 2976 3424 3923 4518 4783 4874 5175 5719 6182 6341 6585 7009 7477 8095 8646 9141 9512
20 2887 44 2319 2881 3456 3905 4544 4974 5419 5835 6390 6592 6790 7328 8076 8421 8804 9075 9261 9573
19 9287 17 1924 2347 2790 3267 3707 4050 4244 4733 5423 5792 6368 6833 7093 7880 8470 8902 9595
17 9313 3207 145 2272 2643 2920 3210 3735 4869 5052 5882 6262 6727 7535 8423 8790 9376
25 1817 6644 2746 330 591 761 1075 1423 2075 2906 3447 3953 4825 5333 5881 6299 6458 6806 7136 7653 8283 8567 8764 9286 9842
26 9216 641 5471 1207 256 561 1034 1674 2154 2574 2757 3138 4188 4748 5310 5702 5901 6179 6479 6737 7326 7755 8016 8680 9110 9700
30 1040 908 4470 4100 4898 5346 3676 5758 8879 7833 348 615 1025 1541 2207 3019 3524 4033 4608 5235 6027 6519 6925 7351 8025 8362 8467 8849 9406 9669
25 2735 7362 2376 1288 445 714 1429 1627 1993 2503 2880 3188 3933 4063 4439 5488 5625 6185 6599 6931 7434 8116 8603 9061 9701
18 268 6834 103 1812 2292 2847 3327 4169 4940 5741 5945 6565 6993 7840 8257 8691 8858 9337
20 7075 1586 6087 4757 2170 402 610 1294 1741 2128 3266 3794 4638 5144 5662 6489 7071 8347 8743 9191
29 3193 8200 8394 592 2337 8971 2968 2276 378 1063 1290 1594 2230 2611 3112 3585 3899 4487 4896 5049 5579 6117 6612 7214 7708 8190 8627 9163 9534
29 1246 9840 4952 6761 1408 8893 8607 439 691 1085 1718 2182 2703 3335 3631 4044 4348 4583 4851 5341 5738 6443 6905 7010 7492 8166 8595 9369 9630
22 8967 6441 455 2764 243 945 1588 2033 2470 3060 3641 4335 5195 5358 5818 5925 6646 7066 7533 8211 8534 9429
24 4646 1452 376 1054 1470 1900 2179 2400 2748 3186 3743 4097 4526 4732 5074 5765 6120 6552 6773 7293 7872 8524 8877 9455
36 7956 7229 9649 7373 388 7501 4950 581 7050 5683 2096 5834 7742 1569 147 705 968 1404 1698 2073 2294 2520 2841 2857 3602 4207 4863 5724 6286 6805 7271 7714 8415 8735 9228 9712
21 2430 15 878 1160 1929 2267 2525 2938 3128 3566 4394 5095 5527 6064 6700 6972 7780 8220 8638 8936 9498
20 8596 57 2029 2415 2956 3226 3683 3921 4377 4866 5088 5610 6448 6723 7286 7791 8296 8630 8871 9153
18 3491 65 2226 2655 3037 3374 4012 4993 5496 5917 6731 7185 7541 7864 8612 8917 9496 9857
34 3578 5679 9462 940 3733 2806 2936 3042 2373 357 593 959 1441 1668 2039 2377 2810 3194 3780 4021 4380 5042 5429 5692 6216 6423 6815 7084 7568 8087 8690 8846 9432 9650
23 9954 437 106 800 1275 1565 2259 2818 3302 3527 4621 5026 5389 5737 6407 6923 7123 7409 7794 8305 8697 9067 9623
22 5693 7522 72 1271 1761 2000 2565 2949 3251 3786 4060 4507 5434 6227 6696 7081 7654 7915 8377 8750 9079 9537
30 7575 9519 1180 3347 6051 3107 466 656 1237 1620 1823 2284 3087 3316 3546 3888 4294 4712 5445 6175 6438 6892 7412 7616 7824 8149 8432 8880 9264 9832
20 4818 86 1758 2157 2455 3032 3301 3724 4004 4833 5109 5687 6094 6849 7724 8091 8242 8692 9100 9823
26 1027 9642 9336 5173 135 571 871 1835 2399 2743 3241 3584 4034 4455 5056 5723 6193 6510 6823 7301 7663 8214 8826 9185 9558 9905
33 4836 249 5950 7930 5412 1663 2815 2326 6626 1277 482 709 1103 1454 1746 2208 2303 2606 2837 3349 3597 4081 4670 5145 5648 6356 6852 7322 7817 8172 8799 9096 9324
22 8840 6143 60 980 1252 1957 2369 2706 3472 4066 4786 5448 6166 6546 6802 7389 7576 8169 8681 8979 9383 9741
26 3147 3694 3178 5828 438 4364 7154 5544 217 930 1090 1561 2388 2879 3717 4162 4899 5517 6040 6566 7112 7695 8162 9003 9291 9607
25 5441 8345 391 450 837 1193 1662 1848 2184 2884 3216 3876 4253 4776 4982 5539 6002 6316 6595 7231 7425 7941 8410 8931 9657
22 7929 9740 1087 1837 152 745 1338 1632 1857 2216 2805 3875 4217 4564 4892 5484 6243 7044 7722 8417 9148 9873
27 7108 8373 9021 8473 3702 2032 7057 4292 435 932 1892 2188 2483 3177 3908 4263 4620 5242 5615 6426 6938 7584 8183 8492 9023 9268 9988
24 5480 9569 181 252 793 1177 1856 2268 2397 2888 3300 4236 4675 5499 5876 6343 6699 7649 8309 8664 9181 9414 9482 9881
37 9675 2774 8073 7113 643 4698 6226 9865 620 5461 324 9599 4614 1788 3033 352 657 1219 1906 2394 2799 2923 3623 3857 4203 4458 4690 5229 6007 6280 6532 6730 6980 7790 8216 8863 9460
21 1339 20 1619 2104 2546 3162 3649 4170 4653 5167 5746 6176 6695 6858 6992 7216 7406 7848 8486 8988 9474
19 3696 3288 191 1937 2385 3236 3762 4374 4794 5454 5791 6210 6683 7168 7740 8098 8354 8699 9555
31 2917 211 2191 9258 9760 2474 3081 9895 2529 2271 392 938 1525 2260 2537 3121 3520 3909 4368 4828 5163 5354 5933 6346 6816 7073 7304 7876 8349 9145 9685
35 3580 6794 3557 3986 7153 6894 440 6291 9580 1931 6302 2554 255 801 1151 1457 1825 2266 2878 3056 4130 4503 5079 5522 5769 6091 6435 6924 7400 7557 8128 8686 8956 9290 9932
27 5970 8571 3887 9454 154 506 839 1391 1660 2389 2725 3026 3528 4246 4684 5040 5442 5947 6058 6893 7156 7618 7979 8725 9036 9127 9775
20 5059 45 1262 1651 2493 2970 3686 4173 4897 5408 5782 6703 7204 7598 7905 8212 8637 8823 9333 9830
17 4557 116 2863 3695 4213 4570 5046 5436 6026 6249 6916 7262 7889 8435 8842 9234 9681
30 7716 4361 1847 7978 4563 7996 1653 314 670 1091 1486 2084 2374 3035 3373 3704 4151 4970 5309 5489 6057 6457 6643 7096 7594 7868 8266 8889 9271 9581
18 7561 1998 59 950 1521 2242 2929 3419 3999 4876 5284 6516 7349 7566 7966 8457 9031 9678
32 6321 1670 7658 977 5320 7989 9668 5753 5538 335 715 971 1310 1691 1952 2206 2538 3146 3916 4014 4345 4806 5221 5814 6095 6297 7249 7474 7787 8506 9011 9918
25 8071 2463 1327 363 889 1375 1658 2054 2436 2973 3412 3673 4064 4454 4895 5185 5803 6213 6674 7364 7839 8084 8449 9094 9513
19 7061 27 1134 1432 1818 2327 3160 3583 4264 4546 4767 5171 5944 6567 7082 8002 8325 9051 9561
20 6228 3257 7314 8348 5169 5134 9686 5164 1615 8948 6603 5973 170 494 1223 1483 1700 2118 2581 6406
25 5562 4810 9076 5272 4261 5020 1254 484 817 1081 1611 2071 2844 3747 4046 4554 5117 5655 6376 6908 7274 7765 8203 8981 9485
23 7401 6694 8000 63 1024 1704 1999 2623 3098 3455 4184 4663 5041 5387 5806 5974 6188 6937 7297 7821 8574 9093 9556
37 4687 4877 9636 5382 81 3536 6320 6564 3957 1878 2836 5599 9637 420 658 1073 1558 1926 2472 3036 3564 3872 4226 4837 5036 5750 6199 6584 6797 6930 7098 7415 7834 8407 8887 9273 9812
34 6670 5161 1113 854 3778 6333 6245 7635 5635 5197 2300 1939 7980 205 1166 1597 1994 2094 2578 2982 3562 4205 5216 5863 6130 6496 6705 6777 7072 7353 7831 8367 8892 9707
32 8965 1411 3689 4774 148 2819 7667 3883 215 513 1133 1434 1723 2085 2401 2823 3218 3595 4165 4743 5031 5550 6136 6497 6715 7163 7485 7819 8097 8593 9226 9500
20 1555 9 580 1244 1528 1712 2141 2683 3343 3947 4639 5078 5685 6137 6812 7363 8014 8831 9299 9835
20 5982 3 850 1306 1602 2055 2779 3198 3835 4444 4701 5237 5793 6785 7503 8138 8443 8951 9280 9691
19 6190 3559 290 772 1340 1683 2018 2912 3355 3828 5008 5918 6562 7446 8176 8816 9207 9597 9947
26 2465 5969 8726 1573 380 1043 1231 1631 1873 2235 2393 2849 3621 4016 4413 4803 5111 5321 6066 6915 7278 7579 8271 8854 9279 9670
24 4588 4500 3741 6154 4416 126 577 1111 1898 2161 2536 2854 3214 3681 4332 4917 5335 5641 6063 6940 7569 8004 8543 9230
20 5071 67 2588 2907 3586 4067 4414 4880 5165 5352 6125 6786 7026 7515 7717 8041 8400 8714 9018 9647
36 7088 4084 9702 9737 9817 852 589 7056 776 7688 9338 257 8414 8036 332 896 1466 1822 2066 2406 2962 3323 4196 4609 4953 5628 6178 6640 7007 7500 7843 8223 8484 8761 9308 9818
28 8227 5813 3571 2203 2830 385 578 1176 1719 1958 2240 2864 3405 4132 4407 4966 5357 5781 6235 6828 7256 7518 7925 8186 8482 9035 9317 9759
21 8563 49 2694 3309 3551 4056 4448 5032 5451 5935 6273 6590 6711 7085 7396 7888 8452 8779 9213 9348 9815
21 7773 13 1082 1465 1644 2003 2723 3239 3461 3814 3968 4423 4985 5665 6447 7008 7629 8108 8650 9122 9638
23 5018 8402 8753 278 647 1267 1859 2515 2714 3377 3900 4366 5386 5874 6187 6542 7063 7167 7461 8064 8600 9281 9795
27 1206 5317 1289 1416 8949 2983 2862 386 731 1094 1641 2205 2488 2919 3400 3776 4495 4841 5178 5902 6314 6945 7545 7939 8181 8580 9152
28 4829 6319 1316 9748 8900 9608 1213 336 1962 223 638 845 1317 1637 2130 2450 2986 3979 4359 4923 5491 5953 6481 7126 7593 7830 8332 9199
24 6377 6499 1009 114 650 1203 1431 2076 2632 2984 3658 3920 4186 4498 4860 5177 5809 6505 7266 7697 8127 8864 9393 9859
29 8342 7383 5325 8202 4286 7115 1961 472 607 1249 1635 1941 2506 2699 3005 3715 3985 4372 4760 5170 5548 6106 6526 7111 7370 7536 8363 8812 9420
17 6031 5254 157 2037 2569 3119 4304 4724 5149 5391 6307 6645 7388 8115 8774 9441 9976
24 7453 5141 4678 7577 2049 7348 225 612 1097 1503 1733 1887 2229 2742 3344 4087 4697 5250 6327 7201 7877 8420 9000 9447
24 3381 3774 2876 189 2773 2530 7820 238 601 1389 1854 2514 3192 3550 4101 4506 5044 5916 6419 6950 7245 7643 8448 9524
26 306 8119 1680 237 557 774 1155 1624 1839 2185 2733 2967 3329 3764 4178 4430 4915 5569 5739 6444 6861 7023 7881 8418 9057 9557
20 6965 1022 95 1477 1824 2320 2686 3487 4206 4602 5025 5551 6370 6983 7538 7690 8174 8662 9274 9749
25 8088 1356 3478 1300 333 627 996 1578 2009 2756 3474 3603 4227 4589 5120 5638 6253 6747 6996 7381 7883 8270 8832 9265 9773
24 5717 835 69 1265 1618 1965 2355 2828 3331 3605 3969 4295 4607 5116 5808 6304 7043 7361 7845 7892 8587 9174 9646 9900
28 3086 7218 3959 6229 6631 805 5244 299 505 921 1553 2097 2497 2800 3238 3723 4179 4354 4642 5030 5532 6378 7350 7652 8042 8393 8978 9742
22 6822 7015 722 5449 467 698 1270 1797 2354 3013 3505 3871 4114 4635 5204 5640 6264 6813 7555 8523 9276 9758
30 4150 8029 5954 1676 4249 5589 1533 8251 828 3158 1726 295 524 1169 1595 2021 2657 3130 3529 4080 4827 5528 5978 6671 7002 7375 7871 8453 9142 9461
33 8292 8509 3758 7097 6480 7778 2851 7997 6274 4000 1225 5293 361 327 821 1029 1255 1577 1916 2241 2580 3154 3590 4375 5021 5860 6171 6575 7493 7675 8158 8786 9444
33 6724 1228 9744 8173 799 9848 4936 8819 4051 2902 5098 7842 1646 2617 232 546 861 1301 1600 2088 3073 3642 4274 5101 5786 6473 7099 7502 8101 8381 8807 9334 9692
29 2717 8815 9403 6072 2630 8702 6769 7436 973 1242 422 679 1052 1420 1914 2299 2663 3489 4280 5023 5624 6359 6878 7125 7934 8794 9095 9353 9935
31 666 4559 4191 8999 78 9211 764 5825 2659 412 1045 1261 1440 1886 2080 2489 2890 3467 3873 4008 4221 4730 5619 6427 6900 7324 8021 8645 8852 9209 9725
23 9459 6665 5130 2307 397 901 1168 1498 1990 2367 3044 3802 4512 4914 5468 5789 6261 6829 7143 8024 8933 9506 9963
24 9019 3298 6935 6113 9834 291 808 1126 1860 2892 3240 3722 4801 4951 5364 5938 6161 6755 7302 7851 8167 9034 9400 9846
23 1376 4177 195 827 974 1215 1750 2102 2437 2971 3407 4053 4652 5172 5647 6183 6732 7321 7669 8265 8922 9354 9789
19 2939 24 1226 1551 2398 2633 2979 3475 4431 5283 5674 6269 6875 7531 7770 8148 8653 9388 9665
21 2412 3890 2509 120 749 1172 1582 2518 2898 3352 3601 3992 4524 5154 5559 6561 7172 7626 8408 8678 9431
27 311 7239 4802 1513 7753 4573 1849 9714 9484 1732 128 655 1074 1915 2635 2842 3106 3490 4128 5142 5712 6181 7014 7901 8610 9124 9574
27 310 2747 2202 1060 3526 319 582 1121 1450 1770 2127 2767 3356 3973 4489 5022 5612 6082 6396 6787 7173 7687 7964 8294 9060 9468 9662
23 4138 948 8046 289 697 1132 1799 2350 2720 3116 3804 4378 4666 5552 5952 6720 7455 7975 8343 9005 9309 9539 9730
29 9349 9732 3810 631 4231 685 2865 4996 209 857 1183 1402 1649 2169 2408 2797 3287 3592 4316 4746 5616 6004 6835 7184 7586 7987 8466 9028 9571
23 6463 8581 1722 6221 235 794 1199 1707 2093 2766 3248 4024 4606 5183 5642 5915 6203 6627 7334 8082 8756 9238 9796
22 7913 7376 101 1210 1393 1947 2845 3365 4106 4552 4784 5128 5410 5826 6263 6602 7382 8109 8461 8748 9157 9532
22 2573 4476 9716 458 989 1397 1907 2404 2994 3369 3801 4134 4994 5401 5843 6573 6947 7527 7988 8635 9150 9578
14 7678 83 2508 2730 3280 3906 4904 5595 6189 6961 7976 8475 8848 9640
25 4528 31 6795 5312 239 604 1191 1444 2194 2532 3153 3545 3806 4198 4913 5908 6748 7001 7312 7620 7944 8300 9074 9218 9598
34 4758 4475 4255 9613 415 8809 5140 1610 1808 6687 7623 8374 5048 4490 444 696 1221 1605 1988 2261 2893 3462 4020 4516 5217 5744 6042 6570 6969 7499 7759 8426 8938 9415
32 7464 4022 5812 651 8641 4133 2704 463 560 961 1438 1729 2024 2552 2955 3270 3429 3862 4025 4641 5337 5795 5939 6173 7161 7359 7670 8062 8258 8729 9472 9790
25 8477 6090 3791 421 596 787 1309 1740 2158 2442 2969 3426 4222 4541 4988 5426 6605 6921 7445 7762 8327 8703 9180 9825 9984
29 719 9049 6845 770 9552 5331 224 672 939 1224 1572 2086 2417 2740 3479 3644 4159 4742 5112 5274 5576 6184 6837 7080 7639 7923 8502 9054 9717
27 1061 8762 4672 7898 1868 4399 427 892 1241 1527 1800 2165 2833 3183 3763 4270 4561 5338 5897 6339 6757 6868 7772 8688 9125 9384 9816
28 6879 9999 1699 9507 8195 184 797 916 1392 1629 2133 2945 3228 3600 4171 4562 4927 5188 5622 6329 6707 6936 7761 8208 8518 8897 9099 9882
23 957 766 80 1584 2152 2732 3053 3249 3568 3860 4199 4688 5038 5363 5980 6898 7728 8112 8337 8621 8734 9318 9586
19 4469 29 1068 1650 2131 2899 3338 4367 5115 5523 5830 6358 6871 7132 7730 8130 8562 9263 9778
25 7355 4390 8331 9311 448 919 1312 1622 2030 2215 2792 3261 3958 4083 4319 4594 5011 5708 6153 6594 7656 8170 9135 9635 9866
35 6381 5721 9804 881 6484 7680 6509 9862 9644 1659 1772 7337 1976 3927 253 608 1107 1517 1872 2352 2707 3199 3622 3966 4682 4999 5199 5761 6577 7005 7650 8634 9101 9344 9719
25 4058 174 7899 2820 3069 302 870 1614 2001 2443 2990 3290 3651 4153 4466 4603 5247 5904 6373 6862 7209 7775 8537 9331 9769
24 6466 8962 5975 2677 6934 276 539 1049 1543 2014 2311 2724 3295 3719 4282 4975 5632 6119 6536 7423 7776 7884 8570 9316
21 9515 30 915 1395 1840 2059 2610 3115 3283 3982 4624 5313 6000 6454 7200 7942 8465 8984 9195 9382 9889
24 6663 297 4949 43 1066 1268 1639 2106 2275 2935 3417 3682 4389 5007 5427 5824 6234 6736 7466 8131 8549 9013 9612 9877
32 4379 8546 9897 3433 6560 9231 3624 5895 3001 8947 9097 312 804 1195 1780 2539 3140 3817 4243 4555 4729 5106 5577 6167 6658 7124 7516 8193 8766 9260 9546 9703
23 6198 8047 7391 159 572 987 1383 2012 2370 3066 3714 4154 5099 5651 6056 6702 7131 7463 7798 8447 9037 9554 9852
21 1844 8490 9178 309 586 991 1575 2122 2911 3711 4123 4919 5279 5733 6313 6909 7033 7699 8586 9190 9645
31 3291 3163 2896 8356 5138 8838 1479 2148 260 567 860 1276 1592 1864 2523 3360 4331 4660 5263 5670 6052 6410 6939 7340 7853 8392 8625 9087 9277 9526 9898
25 8553 6348 3533 6242 2658 269 917 1257 1609 2117 2440 2959 3769 4074 4871 5201 5777 6278 6726 7197 7558 8065 8565 9305 9706
27 1319 3324 1367 4812 756 3063 5264 284 823 1346 2041 2330 3237 3716 4187 4538 4918 5568 5888 6204 6827 7248 7874 8196 8560 8914 9633
26 2176 229 8998 2922 3975 5390 456 993 1129 1981 2290 2631 2897 3421 3610 4284 4822 5336 6142 6743 7137 7715 8185 8493 9428 9791
29 789 7662 454 6692 5734 9253 1940 9878 9380 451 922 1247 1414 1913 2419 3094 3397 3657 4168 4937 5359 6352 6814 7083 7344 7882 8317 8940 9870
26 4214 7655 644 231 502 883 1264 1852 2322 2526 2838 3127 3525 4096 4484 4674 5050 5403 5999 6186 6487 7186 7897 8510 9326 9683
28 1803 3145 5639 4925 3742 6676 5745 294 532 1296 2162 2770 3159 3863 4327 4529 5136 6295 6771 7120 7526 7792 7921 8213 8489 8955 9330 9802
30 1874 7483 9055 1426 3703 1462 7051 2908 9172 277 781 1059 1518 1974 2201 2702 3319 3853 4443 4856 5291 5763 6791 7254 7539 7752 8120 8717 9136 9493
29 6607 864 318 2825 4744 9229 3312 5604 9960 3941 8850 341 550 1373 1784 2026 2913 3659 4076 4645 5092 5875 6669 7236 7571 8228 8456 8987 9531
22 9619 2008 6018 90 1336 1879 2867 3401 3561 3787 4229 4511 5257 5755 6275 6523 7203 7608 7959 8552 9187 9705
22 5934 6960 6080 193 556 986 1591 2116 2711 3185 3675 4215 4875 5200 5565 5785 6491 7004 7435 7962 8665 9341
17 8189 2448 113 1853 2323 2987 3845 4303 4824 5887 6636 7335 7816 8416 8739 9470 9911
27 8578 6600 3633 2822 8623 3820 2544 414 782 1093 1793 2365 2873 3273 3940 4556 5208 5701 6109 6488 6850 7865 8125 8383 8813 9365 9944
24 4679 89 111 1585 2077 2386 2485 2953 3274 3618 3996 4628 5082 5349 5709 6121 6784 7175 7554 7826 8286 8869 9128 9587
31 6913 4450 6910 8958 7815 9245 4172 3229 207 4108 4795 265 744 1484 2092 2900 3289 3983 4276 4536 5193 5696 6442 6985 7369 7615 8093 8386 8648 8908 9605
33 549 5858 6547 2654 4636 693 5997 6543 7788 6032 4971 8839 9374 245 718 1360 1846 2380 2839 3403 3930 4189 5033 5351 5677 6011 6539 7100 7918 8517 8855 9236 9688
24 6610 251 2608 2334 4649 400 956 1324 1661 2043 2335 2787 3453 4343 4902 5268 5894 6247 6793 8069 8658 9149 9577 9837
24 9847 5067 51 1197 1568 2301 2673 2988 3176 3917 4515 4843 4995 5699 6123 6315 6847 7320 8032 8521 9030 9522 9746 9928
29 4467 2710 884 3277 432 7241 418 8499 382 914 1437 1798 2013 2458 2713 2966 3606 4182 4637 5566 5686 6071 6420 6958 7814 8090 8451 9006 9583
32 1978 1512 2649 7152 8996 4419 5669 1935 4401 5003 7559 468 507 1330 1881 2113 2360 2918 3460 3773 4616 5246 5682 6255 6712 6926 7150 7806 8628 8853 9314 9995
23 7147 3755 287 564 1070 1430 2233 3070 3279 3646 4017 4979 5469 6195 6413 6891 7360 7754 8545 8772 9008 9379 9965
27 1192 2812 8156 6112 3359 8636 430 882 1445 1630 1845 2422 2927 3077 3345 3972 4668 5262 5852 6503 7076 7508 7696 8143 8708 9183 9807
18 9723 58 1739 2160 2745 3197 3768 4491 4861 5080 5931 6601 7292 7683 8246 8866 9242 9869
29 8184 9489 362 7450 165 4972 2940 483 730 1222 1505 1743 2178 2843 3354 4031 4296 4402 4749 5114 5759 6128 6688 7386 7879 8483 9114 9391 9780
24 7109 5742 4281 1020 442 743 1164 1522 2180 2622 2996 3386 3669 4384 4930 5477 5932 6668 7272 7614 8264 8705 9389 9971
23 7948 807 3630 279 574 942 1534 1831 2672 3139 3517 3752 4710 5231 5700 6086 6873 7634 8285 8755 9217 9516 9899
33 8670 9372 9585 3256 5960 242 1510 2090 250 527 903 1096 1571 2149 2387 2821 2905 3149 3509 3977 4429 4909 5209 5606 5943 6650 7486 7750 8010 8626 9177 9584 9926
33 3442 7196 2977 2125 25 7511 8153 9883 535 3771 8260 9568 407 529 739 985 1604 2348 2991 3581 4167 4545 4879 5438 5613 5807 6431 7490 8168 8399 8785 9267 9961
29 9249 4580 5470 836 8959 9123 146 802 1202 1490 2046 2309 2653 3142 3701 4086 4585 5004 5629 5936 6411 6874 7582 7811 8525 8972 9212 9611 9800
16 2528 62 2612 3534 4376 4792 5151 5839 6351 6714 7246 7727 8496 9041 9386 9893
22 9824 12 934 1173 1550 1942 2478 2985 3558 4131 4634 4854 5460 6268 6629 7067 7462 7763 8382 9053 9443 9841
24 2053 4023 266 862 1259 1903 2095 2324 2934 3234 3891 4480 4893 5070 5722 6305 6820 7491 8164 8434 8859 9210 9523 9923
22 7952 3861 84 1564 2135 2512 3339 3652 3859 4426 5064 6008 6375 6653 7103 7529 7985 8429 8741 9118 9695 9973
21 7632 110 2999 3812 4094 4403 5194 5422 5659 5996 6211 6655 6826 7470 7685 7967 8263 8835 9120 9680 9952
28 1778 576 7771 1481 21 1654 9721 1153 273 533 1083 1728 1896 2082 2721 3191 3725 4095 4821 5160 5514 5838 6281 7062 7860 8501 8883 9497
16 8824 54 2599 3220 3896 4404 5069 5479 6083 6588 7091 7692 8333 8736 9134 9501
26 2316 1956 8430 6250 6918 346 779 967 1526 1971 2083 2566 3105 3588 4144 5189 5695 6159 6568 6922 7475 7777 8105 8440 9070 9974
26 8329 9914 7601 616 356 733 1031 1305 1570 1951 2462 3131 3880 4254 4565 5054 5506 6053 6620 7180 7694 8053 8698 8952 9278 9991
26 5780 6060 5575 236 547 848 933 1669 2146 2452 2763 3245 3902 4578 4885 5339 5833 6492 6899 7395 7855 8045 8315 8716 9479 9933
35 8102 3334 6222 5909 1763 6259 1007 7859 6576 6792 3825 325 523 654 1141 1617 2035 2193 2341 2648 3306 3800 4230 4858 5407 5584 5971 6706 7058 7473 7825 8207 8738 9159 9788
28 9377 8319 8301 449 537 900 1388 1865 2349 2813 3058 3406 3788 4549 5012 5542 5865 6338 6596 7032 7442 7636 8005 8274 8930 9282 9655 9978
25 1626 4823 156 829 1334 1920 2351 2909 3141 3336 3815 3960 4437 4797 5047 5447 5810 6414 6882 7296 8013 8298 8856 9466 9876
19 2883 4483 94 1708 2119 2807 3078 3587 3991 4349 4852 5507 6041 6752 7233 8140 8469 9325 9943
27 9985 39 2954 4043 3926 1893 4241 138 910 1467 1737 2302 3065 3262 3811 4473 4978 5374 5912 6808 7345 7701 8273 8491 8712 9081 9734
24 3202 8722 5159 1006 377 753 1532 1826 2183 2559 2886 3221 3790 4595 5121 6055 6635 6886 7723 8027 8613 9033 9410 9916
21 4329 3903 7472 2853 326 723 1720 2382 3435 3970 4665 4980 5482 5994 6559 7028 7902 8320 8974 9312 9547
32 8290 2147 4405 767 4068 7528 1035 7497 6311 1623 1764 3613 6524 186 619 1014 1752 2167 2640 3074 3793 4333 4926 5417 5922 6165 6885 7403 7856 8224 9002 9699
20 9679 2869 7911 1546 61 1130 1556 2069 2731 3181 4073 4617 5203 5911 6404 6907 7671 8487 9197 9994
31 1973 8793 7280 4122 1056 4069 7954 2273 307 541 975 1355 1502 1753 2138 2596 3057 3450 3847 4587 5028 5301 5844 6308 6701 7234 7578 7933 8654 9214 9938
22 1315 5222 9910 98 1497 1664 2065 2280 2786 3223 3685 4569 5146 5956 6237 6582 7682 8225 8535 9015 9632 9861
21 476 5646 214 803 1230 1537 2114 2621 2978 3878 4091 4393 4906 5392 6220 7048 7718 8419 8820 9367 9896
26 4006 1478 5294 8808 3413 443 970 1372 1754 2124 2921 3382 3929 4422 4997 5462 5715 6034 6439 6765 7303 7873 8106 8754 9156 9614
16 7433 99 3294 3772 4152 4946 5340 6172 6767 7308 7689 7838 8007 8620 9417 9798
24 5324 3827 4778 370 637 893 1298 1790 2325 2603 2952 3235 3961 4351 5005 5547 5984 6551 6906 7094 7887 8516 9357 9821
21 3693 1190 115 1801 2145 2638 3137 3851 4287 4550 5017 5788 6048 6529 7250 8060 8324 8387 9113 9486 9975
13 7206 102 3663 3910 4664 5347 6009 6810 7633 8124 8904 9395 9822
32 5332 6129 3330 9381 6349 1645 707 2329 139 501 661 1028 1540 2151 2527 3182 3445 3995 4428 4814 5249 5375 5929 6507 6718 6979 7384 7893 8313 8783 9068 9785
25 4838 2481 7476 5749 3730 3931 282 755 1189 1834 2110 3171 3922 4302 4715 5319 5775 6374 6763 7031 7863 8247 8954 9560 9724
24 5091 1642 123 516 998 1616 2150 2391 2457 2846 3103 3485 4009 4611 5166 5866 6254 6538 6967 7665 8058 8643 9189 9771
23 1560 8330 28 855 1295 1877 2250 2586 3048 3770 4103 4568 5299 5603 6461 6774 7142 7734 8388 9052 9446 9776 9983
22 3607 6160 2265 35 951 1613 2218 2712 3109 3523 4451 5053 5798 6345 6476 6990 7352 8051 8732 9139 9553 9919
33 3608 6855 5910 2759 8923 3889 1813 5416 4013 304 573 1080 1386 1681 1851 2036 2464 3083 3410 3951 4223 4623 5158 6270 6838 7221 7562 7827 8137 8554 9017 9401 9540
16 1855 10 1949 3016 3357 3712 4148 4891 5845 6284 6982 7306 7585 8322 8912 9487
25 5371 9921 360 4432 3838 331 683 1051 1499 2109 2567 3122 3867 4457 5075 5472 5855 6432 6798 7372 7906 8352 8818 9065 9733
22 3090 9803 93 2089 2647 3157 3428 3784 4092 4943 5314 5681 5884 6248 7086 7479 7950 8368 8669 8896 9176 9718
26 4411 3111 9024 7603 480 511 924 1380 1897 2232 2548 3276 3547 4163 4761 5329 5704 6219 6617 7255 7812 8261 8544 8778 9302 9810
27 1023 3809 14 329 1923 5432 150 599 925 1283 1869 2368 3093 3342 3766 4418 4958 5481 6498 6932 7514 7977 8262 8573 9259 9616 9987
25 2736 5891 3897 292 583 927 1240 1665 2248 2645 3231 3831 4146 4800 5094 5990 6501 7205 7745 8129 8577 8763 9056 9492 9689
26 1922 1021 8619 4252 3643 158 514 843 1365 2011 2604 3015 3734 4057 4522 4964 5316 5767 6276 6864 7315 7624 8152 8424 8715 9295
31 8711 613 8297 9966 3296 9648 8218 5084 9465 213 503 717 1394 2027 2361 2785 3114 3807 4342 4798 5085 5609 6005 6508 7055 7402 8022 8542 8926 9378 9828
28 2418 9451 1473 5937 8874 171 602 1032 1124 1523 1842 2479 3155 3493 4234 4534 4752 5280 5706 6107 6456 6867 7276 7783 8121 8960 9269 9892
21 4471 38 1885 2286 2556 3308 3826 4582 5024 5673 6054 6713 6941 7417 7837 8269 8513 8771 9254 9450 9708
24 5478 3848 173 720 907 1519 2060 2475 3102 3565 3832 4385 5060 5543 5890 6422 6742 7047 7488 8250 8597 8776 9160 9731
36 5192 1866 7198 9503 5711 584 8031 8946 3320 7720 5580 4931 6895 1987 3617 453 660 780 1302 1765 2651 3258 3598 4155 4370 4630 5061 5393 5772 6400 6525 7165 7823 8541 9043 9761
28 1529 8886 7059 5653 750 1258 431 425 1039 1362 1946 2246 2752 3671 4250 4527 5077 5381 5728 6201 6780 7060 7298 7935 8248 8787 9285 9813
24 9346 4337 8888 2609 2492 216 955 1227 1468 1884 2252 2575 2916 3540 4204 5286 5885 6490 6902 7513 7998 8519 8906 9622
17 3560 96 3166 3823 4026 4382 4765 4957 5483 6085 6679 7505 7829 8175 8673 9040 9588
25 3539 5821 1185 219 528 1099 1417 1671 2305 2601 2750 3039 3570 4306 5015 5421 5794 6651 7283 7748 8103 8498 8860 9564 9993
24 3358 8982 962 6606 141 865 1401 1930 2379 3348 3589 3834 3989 4537 5027 5466 5957 6392 6689 7169 7510 8229 8964 9464
21 7025 32 1033 1601 2067 2332 2925 3470 3816 4190 4447 4910 5305 5714 6260 6857 7329 8226 8757 9272 9743
30 1992 4065 8661 5168 129 8845 3519 488 8113 4158 234 598 1042 1621 1899 2550 3466 3805 4571 5148 5388 5878 6471 6948 7507 7769 8177 8728 9362 9850
22 768 3367 53 888 1260 1748 2405 3196 3537 4136 4848 5453 5837 6325 7041 7543 7852 8378 8555 8961 9192 9704
19 6517 64 2701 3085 3468 4486 4889 5139 5726 5907 6483 6819 7532 8066 8401 8814 9078 9237 9596
20 4309 7760 1559 178 673 1163 1496 1875 2726 3436 3757 4160 4704 5384 6251 7040 7591 8040 8767 9713
19 1005 8086 218 108 1655 2414 2798 3411 3855 4149 4894 5180 5564 5959 6578 7194 8551 8937 9582
37 4078 7711 3104 6647 6904 6622 5255 1285 1542 5248 8365 9909 8012 358 515 1026 1759 2339 2626 2904 3129 3514 3687 4143 4618 4819 5502 6233 6781 6963 7238 7564 7931 8694 9080 9421 9949
26 734 5985 7733 166 497 1019 1287 1755 2356 2829 3100 3423 3713 4045 4216 4446 4737 5135 5752 6337 6733 6989 7523 8231 9144 9671
18 6527 37 2129 2524 3203 3573 3895 4239 4773 5730 6383 6637 6951 7521 8161 8682 9442 9962
22 3824 3850 8865 452 545 630 874 1688 2204 3184 3956 4350 4548 5430 6131 6981 7253 7849 8157 8413 9255 9781
23 3225 8606 2664 8163 401 653 1149 1520 1838 2139 2624 3151 3604 4029 4924 5710 6132 6883 7327 7556 8358 8875 9666
27 3647 1821 5404 6994 748 9396 344 665 759 866 1248 1638 1995 2584 3340 3656 4440 4613 4962 5598 5920 6984 7452 8328 8723 9345 9989
14 978 107 3577 3990 4714 5125 5380 6105 6531 7000 8316 8861 9162 9890
30 2015 5914 6581 7844 8215 2998 4220 9294 3012 254 785 1419 1727 1938 2254 2690 3513 4090 4882 5126 5623 6283 6865 7210 7710 8346 8724 9202 9469 9838
31 7891 2171 688 9663 588 6104 8304 7182 1552 394 623 904 1547 1816 2447 2802 3173 3882 4315 4693 5230 5928 6334 6863 7339 7638 8059 8575 8898 9170 9729
26 7657 4868 7264 206 508 648 1211 1774 2016 2395 2877 3464 4036 4532 5266 5526 5867 6230 6955 7494 7951 8366 8789 9133 9387 9820
32 1269 3739 636 5864 97 8077 5570 4175 7408 7069 6417 7288 196 847 1351 1969 2473 2974 3609 4145 4445 4976 5318 5992 6395 6758 7118 7414 7746 8339 9132 9575
26 1399 8397 2993 5836 320 947 1482 1807 2103 2533 3132 3839 4497 4711 5133 5671 6205 6639 7035 7273 7602 7858 8288 8733 9296 9626
23 2061 7482 46 832 1200 1606 2091 2628 3040 3247 3556 4200 4659 5261 5602 6062 6957 7587 7984 8351 8659 9411 9886
24 3614 1713 6322 6350 5618 271 963 1110 1413 1814 2587 3108 3596 4176 4771 5181 5694 6168 6772 7095 7729 8640 9147 9979
29 4520 5498 1108 8389 6817 6917 4577 7039 428 737 1396 1775 2449 2734 3004 3394 4324 4791 5240 5558 6081 6571 7193 8034 8255 8631 8990 9618 9867
21 2591 5 1474 2045 2410 2915 3443 3925 4581 4878 5210 5654 6504 6722 7269 7785 8279 8668 9297 9643 9906
27 5444 5811 7460 2224 399 509 816 1603 1828 2256 2531 2868 3314 3502 4194 4673 5367 5672 5823 6267 6804 7145 7478 8092 8594 9069 9593
28 1563 2359 600 3438 7947 2433 1705 7307 359 701 824 1011 1458 1607 2005 2432 2860 3326 3718 4496 5184 6111 6453 6943 7651 8608 9364 9977
26 872 4492 2698 2964 5896 8802 371 611 984 1917 2425 2826 3425 3692 4388 4963 5525 5870 6619 6841 7243 7448 7907 8379 9102 9709
35 4071 6424 6740 4830 5593 8326 9072 9385 5556 5326 8885 6046 1092 7017 286 540 783 1239 1766 2333 2992 3317 3881 4396 4888 5202 5743 6379 6796 7223 7454 7857 8585 9098 9542
22 364 1015 3749 192 603 809 990 1476 2058 2461 3286 3615 4479 4867 5400 6258 6778 7074 7588 8197 8784 9499
21 8730 87 2427 2755 3243 3554 3907 4383 4813 5196 5663 5958 6506 6927 7611 8011 8550 9066 9473 9808 9992
25 8719 5296 4799 3204 387 634 1245 1768 2217 2641 2931 3420 3765 4242 4713 5285 6006 6698 7213 7698 7866 8446 8649 9042 9930
29 6515 4275 5010 1086 6096 416 566 999 1491 1701 2190 2501 2972 3576 3884 4125 4502 5009 5415 5560 5998 6399 7104 7443 8118 8361 8655 9161 9505
24 3321 3252 7393 4049 197 629 1198 1791 2120 2700 3170 3510 4248 4601 4807 5439 5905 6459 6956 7265 7766 8442 8663 9559
30 1208 9509 1333 1354 4054 5977 4157 2540 367 887 1256 1781 2423 3029 3574 3993 4326 4787 5131 5452 5822 6068 6364 6675 7090 7726 8209 8676 9151 9624
28 9925 1442 8891 1204 4622 208 818 1142 1715 2420 2835 3379 3660 4139 4519 4695 5113 5269 5731 6088 6360 6971 7413 8067 8280 8651 8953 9495
17 820 125 3282 3579 3948 4398 4845 5345 6036 6425 6684 7208 7592 7850 8652 9219 9855
18 1000 47 2282 2808 3364 3864 4661 5118 5716 6025 6557 7202 7681 7982 8241 8760 9167 9711
23 7809 6015 9058 9004 6775 198 699 1214 1679 2558 2903 3416 3699 4533 4959 5302 5801 6550 7174 8396 8721 9413 9964
28 7862 384 605 6217 3844 7295 6323 2287 172 543 964 1506 1966 2255 2644 3117 3698 4126 4676 4973 5492 6662 7357 7802 8558 8796 9235 9839
22 4027 7813 477 842 988 1364 2087 2716 3215 3994 4195 4449 5378 5940 6318 6664 7487 8020 8675 8976 9602 9915
22 8950 1284 50 1044 1349 1918 2505 3213 3754 4256 4631 5006 5288 5718 6133 6704 6872 7319 8210 8941 9329 9682
26 2866 1118 7467 2650 246 716 982 1406 2006 2429 3017 3783 4459 4723 5253 5409 5751 6332 6621 7323 7805 7991 8385 8811 9130 9764
32 1194 8245 742 6124 8276 6725 441 3322 5485 8797 390 635 895 1379 2019 2600 2646 3079 3777 4137 4485 4890 5089 5379 6116 6851 7676 8094 8566 9168 9545 9845
25 1273 943 2172 7105 153 958 1234 1475 1921 2576 2914 3372 3877 4463 5014 5586 5993 6611 7281 7721 8072 8616 8901 9361 9826
31 5343 6200 379 2237 2510 8061 1077 2592 7917 6148 9203 447 877 1251 1657 2186 2788 3368 4113 4415 5132 5787 6493 6754 7079 7607 8001 8480 8821 9423 9819
23 474 2620 42 833 1220 1463 1804 2198 3018 3856 4391 4655 5073 5546 6022 6452 6944 7207 7719 8540 9012 9434 9912
21 9913 4321 48 1117 1640 2174 2771 3118 3796 4336 4615 5214 5645 5962 6593 7258 7574 8068 8404 8985 9544
27 3362 1789 1216 1633 5536 5859 185 646 918 1266 1599 2132 2975 3501 3980 4772 5456 6021 6366 6721 7139 7596 7875 8479 8749 9342 9844
20 8878 3870 168 1944 2685 3172 3670 3918 4442 5215 5757 6126 6673 7016 7686 8591 8695 8997 9409 9684
19 9868 22 559 1079 1320 2173 2855 3378 3721 4344 5100 5650 6354 6890 7224 7958 8576 9310 9941
21 492 11 1297 1760 2187 2482 2602 3082 3532 4233 4605 5369 5736 6141 7166 7645 8043 8312 8857 9422 9968
33 2944 2112 8035 8038 867 7854 1400 8107 579 763 9661 131 354 667 1095 1500 1945 2547 3275 3858 4129 4365 4990 5601 5987 6540 7116 7289 7818 8142 8657 9323 9767
32 1135 1706 6616 538 9787 4691 664 479 649 897 1250 1514 1782 2143 2441 2816 3101 3544 3946 4425 4718 5013 5219 5608 6303 7181 7648 8050 8529 9105 9610 9950
22 6238 1562 109 790 1174 1690 2115 2605 3299 3521 3892 4266 4809 5122 5457 6035 6946 7910 8182 9064 9508 9903
17 4941 33 1948 2466 3089 3512 4018 4703 4832 5368 5986 6512 7212 7974 8412 9511 9996
21 375 1545 105 2028 2535 2901 3543 3937 4453 5086 5464 5747 6469 6681 7259 7803 8165 8768 9200 9631 9955
30 7399 2589 9109 4709 7940 2760 4373 1936 2070 9664 2100 8503 4077 413 815 1323 2181 3007 3645 4035 4358 5105 5657 6147 6848 7365 8023 8873 9340 9836
34 4435 9463 3833 4493 7068 8830 6995 3552 2283 8006 3014 9849 7228 6623 478 526 812 1201 1779 2244 2811 3350 3690 4338 4769 5207 6001 6335 6953 7764 8171 8444 8916 9392
23 7227 4052 9829 8275 261 624 1307 1678 1977 3003 3310 3846 4268 4872 5446 6232 6678 7429 8353 8920 9091 9307 9981
24 9927 6521 7625 288 1125 1308 1830 2262 2568 2782 3465 4110 4884 5607 6140 6604 6954 7418 7546 8159 8710 8905 9339 9939
18 4948 240 372 1980 2375 2762 3391 3795 4061 4739 5065 5298 5872 6340 7187 8099 9038 9728
24 6591 2411 3259 202 642 868 1003 1405 1717 2031 2629 3254 3488 3963 4387 5076 5500 6174 6630 7547 8155 8611 9356 9970
26 4011 486 3134 7756 9967 460 518 969 1548 1927 2371 3062 3486 3898 4657 5406 5773 6265 6764 7049 7565 8252 8765 9241 9453 9940
25 9550 5281 9770 124 728 929 1366 1583 1792 2270 2803 3031 3706 3935 4441 5039 5414 6037 6613 6880 7317 7810 8295 9092 9953
29 2297 8895 8340 7784 2516 6976 9736 296 711 859 1357 1634 2105 2494 2728 3269 3753 4680 5110 5534 5778 6244 6968 7542 7828 8307 8806 9247 9860
27 9251 1131 7368 7053 5637 1858 4308 403 512 721 1217 1734 2236 2652 3222 3915 4433 4981 5395 5656 6044 6597 7377 7735 8281 9059 9504
28 5983 8139 6717 5676 9119 8222 228 491 625 1071 1714 1889 2614 3264 3775 4079 4619 5155 5630 6294 6987 7183 7552 8154 8834 9115 9321 9858
30 4644 3767 2615 3020 301 1347 3284 5476 259 912 1549 2064 2392 2874 3123 3415 3500 3869 4232 5224 5688 6486 6656 7179 7666 8081 8747 9240 9698 9972
18 4070 7519 2487 323 6999 7290 2312 490 680 1278 1811 2336 2618 3051 3736 4574 5137 7751
28 9418 3265 9448 5988 9931 244 496 752 1179 1685 2340 2722 3399 3830 4218 4593 4942 5631 5955 6415 7052 7590 8338 8579 8983 9208 9480 9946
27 3709 5334 3836 417 536 890 1013 1535 2068 2467 2950 3200 3572 3981 4460 4719 5292 5690 6429 7021 7481 7628 7999 8527 8945 9407 9809
28 1209 2486 18 322 3792 9476 355 838 1076 1398 1862 2238 2681 2910 3444 3628 3971 4395 4907 5455 6108 6876 7171 7647 8150 8795 9158 9874
23 8306 6911 9304 7953 409 849 1656 2192 3025 3499 4003 4650 5045 5831 6464 7128 7387 7995 8287 8709 8924 9155 9656
25 7013 3705 3637 270 628 1181 1494 2034 2403 2705 2961 3346 3865 4313 4477 4939 5967 6803 7217 7426 8123 8409 8980 9223 9673
16 7581 68 2571 2744 3395 4098 4381 5104 5697 6029 6353 7019 7916 8769 9394 9784
33 4494 3311 5377 3325 1422 3315 8780 5851 6362 712 5652 706 1115 241 811 1165 1418 1628 2453 2793 3351 4062 4305 4705 5490 5976 6632 6920 7305 7895 8188 9232 9917
17 1515 5578 118 1950 2056 2859 3152 3852 4596 4850 5530 6409 7164 8151 8504 8918 9529
15 4796 16 2468 3068 3678 4297 4762 5425 5893 6513 7419 8134 8647 9103 9772
22 8773 2669 100 1205 1673 2044 2469 3054 3662 4002 4269 4777 5306 6122 6739 6977 7560 8217 8672 9430 9628 9854
25 5649 3751 264 8704 7744 3611 3619 8321 489 760 1253 1742 2583 3281 3779 4551 5260 6103 6387 7178 7709 8391 9027 9491 9942
23 622 923 7641 429 570 886 1161 1538 2231 2561 3271 3684 4547 5303 5796 6393 6933 7285 7894 8144 8572 9351 9907
19 1344 182 2562 2891 3332 3668 4346 4647 5413 5675 6030 6163 6421 6859 7498 8431 9107 9425 9929
14 6686 74 2495 3353 3740 4474 5206 5627 6020 6680 7668 8302 9205 9617
27 3654 3272 7410 7042 7509 339 791 1120 1371 1943 2219 2424 2662 3095 3418 3632 4228 5238 5770 6139 6530 7219 7807 8232 8752 9477 9806
22 180 36 1122 1501 1890 2434 2666 3174 3854 4293 4531 4826 5510 5846 6115 6467 7287 7456 7949 8464 9221 9762
25 5513 9525 227 553 1175 1667 1989 2498 3156 3745 4112 4517 4707 5051 5405 5965 6271 6437 6642 7064 7551 8063 8511 9010 9653
27 1867 1140 7146 1343 436 519 885 1492 2111 2416 3165 3672 3997 4260 4694 5002 5511 5756 6440 6685 6998 7294 7661 8219 8615 9071 9792
23 6412 9901 1018 77 1263 1756 2081 2522 3250 3626 3818 4285 4855 5327 5989 6344 6807 7332 8030 8481 9137 9494 9980
22 7613 6365 994 4983 144 692 1017 1236 1911 2289 2814 3232 4107 4770 5428 5930 6475 7257 7924 8909 9343 9885
19 563 7432 79 1098 1625 2108 2390 2668 3451 4257 4935 5191 5592 5805 6218 6750 7230 7936 9797
26 2751 3246 6830 73 8633 143 8384 5311 470 841 1128 1493 1970 2834 3627 4299 4699 4989 5541 5995 6677 7371 8160 8927 9475 9843
26 3760 2502 5900 6991 122 682 983 1272 1725 2456 2856 3432 4278 4648 5228 5574 5861 6462 7358 7738 7927 8364 8706 9164 9350 9779
26 7506 6518 7943 201 757 960 1321 1850 2560 2824 3144 3333 3950 4347 4789 5225 5862 6450 7018 7440 7758 8375 8476 9111 9335 9851
26 2346 1652 7343 133 614 1116 1363 1912 2383 2639 3046 3473 3934 4237 4643 5233 5587 5966 6180 6634 7530 8311 8737 9126 9332 9652
27 6912 1433 6397 6114 3297 4320 4700 308 678 856 1504 2057 2451 2882 3829 4566 4922 5383 6118 6741 7054 7702 8233 8777 9328 9667 9924
19 1159 7 758 944 1554 2293 3050 3782 4267 4535 4859 5308 5518 6282 7300 7757 8427 8903 9456
29 7284 7767 4753 7878 2196 5661 3945 347 617 777 1348 1612 1991 2689 3212 3849 4434 4785 5236 5614 6013 6535 7092 7549 8018 8438 8939 9283 9768
20 568 4325 41 632 786 1186 1908 2754 3187 4288 4934 5832 6075 6746 7341 7908 8372 8746 9154 9751
21 7070 2951 56 1058 1786 2315 2827 3409 3942 4501 5090 5643 6277 6534 6975 7404 7822 8039 8485 8991 9801
25 3341 6170 177 555 946 1716 2042 2557 3133 3480 3978 4553 4908 5218 5590 6156 6625 7037 7869 8268 8530 8683 9104 9592 9904
23 7325 8433 7937 281 587 736 1187 1787 2597 3148 3414 3821 4355 5182 5424 6079 6418 6832 7640 8114 8582 9143 9755
21 7110 2 544 740 1010 1353 1636 2223 2784 2957 3496 4192 4873 5396 5871 6511 7260 8083 8882 9169 9814
30 8204 4629 2693 2582 7367 8986 8508 5840 7496 4540 366 704 1046 1566 2156 2804 2875 3476 4032 4726 5330 6092 6572 7215 7580 7749 8494 8791 9347 9875
30 4352 8028 7599 9880 1882 6256 7189 5373 2795 8019 5512 411 931 1370 1769 2364 3126 3385 3822 4481 5097 5497 5923 6164 6738 7160 7747 8685 9244 9672
27 873 9754 2269 6477 6465 6782 3928 423 727 1188 1870 2396 2665 2980 3099 3469 4238 4938 5504 6144 6455 7027 7457 8254 9206 9766 9957
26 8192 3388 5819 8078 5273 334 735 1048 1410 1711 2200 2801 3233 3593 4102 4738 5205 5450 5892 6500 6844 7244 7691 8436 8995 9793
23 7972 6514 4759 149 668 1069 1326 1910 2285 2783 3452 4037 4272 4754 5162 5509 6279 6839 7299 7679 8284 9551 9948
29 8758 2981 594 4727 6495 831 4901 7459 1293 285 746 1038 1425 1587 1968 2345 2861 3555 3987 4369 4992 5636 6223 6609 7101 7672 8370 9112 9805
22 7909 3620 469 775 1235 1511 2052 2407 3255 3750 4579 5093 5372 5678 5948 6380 7034 7313 7631 8272 9047 9753
25 9763 8070 6766 4640 433 517 906 1232 1509 1843 2249 2616 3075 3535 3976 4340 4853 5668 6177 6580 7089 7604 8009 8598 9625
25 5553 0 5889 4040 3084 419 504 935 1539 2221 2595 2791 3022 3710 4290 4685 5223 5880 6451 6759 7512 8334 8915 9521 9894
32 6150 6076 6197 5344 4135 5802 7127 6301 8666 7673 690 3043 321 694 1292 1697 2278 3038 3497 3886 4409 5019 5519 5784 6292 6649 7240 7660 8056 8770 9292 9548
23 2445 8825 481 686 1291 1841 2227 2613 2989 3567 4010 4576 4986 5315 5981 6357 6843 7138 7537 7786 8239 9227 9856
28 7990 5883 2134 5467 183 1089 1567 1762 2140 2555 2924 3080 3303 3761 3943 4312 4847 5102 5397 5964 6336 6751 7158 7627 8405 8969 9402 9956
22 3549 6583 4127 5370 212 936 1536 2413 2894 3594 4472 5212 5503 5951 6257 6654 7141 7704 7973 8357 9198 9833
23 700 7621 91 1696 1972 2253 2521 2761 3201 3370 3691 4117 4886 5289 5899 6330 6929 7421 8243 8742 9106 9510 9651
18 7957 9520 112 1827 2372 3209 3727 4258 5068 5385 5800 6215 6897 7397 7832 8237 8775 9256
26 7444 8929 464 2038 349 510 997 1150 1471 1829 2189 2295 2585 3092 3553 4082 4775 5799 6312 7024 7378 7960 8671 9108 9416 9697
21 303 9530 52 1332 1749 2291 3052 3541 3939 4353 5055 5394 6135 6756 7407 7637 8057 8450 9050 9572 9990
28 3307 3088 6158 3041 1507 280 552 834 1062 1384 2159 2511 2765 3304 4118 4831 5342 6050 6290 6522 6789 6949 7480 7799 8336 8803 9405 9934
25 1146 9048 8622 6191 7038 179 1008 1337 1702 2164 2680 3495 3879 4323 4505 5252 5572 6246 6558 6903 7282 7847 8693 9182 9922
26 7804 2007 9117 4662 263 565 1050 1428 2211 2594 3285 3616 3813 4259 4567 5119 5520 6061 6433 6776 7176 8132 8639 8827 9243 9872
21 4839 4788 3638 130 2101 2444 2895 3366 3912 4225 4424 4954 5353 5725 6065 6672 7449 7903 8528 9225 9738
26 3729 995 2749 5322 4600 4542 1304 190 633 1313 1979 2500 3059 3569 3998 4513 5107 5634 6149 6416 7316 7919 8314 8844 9355 9777
25 4301 8913 9739 6300 8122 222 542 1047 1460 1809 2338 2769 3634 4141 4681 5251 5516 6033 6474 7191 7896 8299 8944 9375 9879
24 4887 1 531 726 1710 2062 2281 2438 2772 3483 3819 4208 4956 5583 6196 6428 6682 7045 7428 7736 8515 8841 9138 9969
27 3230 9600 2136 6840 6093 7739 200 595 876 1314 1735 2153 2480 3305 3944 4371 4961 5617 6049 6888 7247 8033 8236 8462 8592 8851 9549
22 2660 4811 6533 340 663 858 1106 1485 2022 2543 3260 3666 4147 5016 5420 6436 6824 7261 8135 8801 9306 9863
27 499 2308 3515 5762 8538 3911 5633 8054 353 674 1102 1984 2263 2932 3384 3840 4397 4928 5735 6089 6587 7121 7725 8318 8660 9129 9676
18 5903 6 1777 2321 3000 3190 3481 4001 4706 4945 5540 6372 7211 7517 7867 8471 9026 9782
22 2288 6914 2144 2627 142 498 1152 1731 2025 2739 3398 4224 5066 5581 5941 6697 7162 7741 8539 8928 9315 9687
26 2718 2593 6241 5063 8308 300 590 1036 1472 1964 2274 2676 3318 3894 4075 4488 4903 5287 6101 7077 7595 8198 8604 8907 9629 9959
14 6753 92 2852 3494 4251 4745 5475 6224 6709 7712 8085 8590 8992 9373
21 6831 9359 127 2040 2363 2708 3096 3653 4211 4464 5143 5644 6272 6811 7130 7796 8463 8817 9262 9589 9908
25 8968 9986 6405 3427 9025 383 732 1145 1436 1953 2431 2928 3759 4702 4955 5211 5926 6502 6887 7471 7743 8559 9039 9440 9997
23 1067 1439 1374 461 695 966 1158 1342 1997 2331 2872 3361 3868 4689 5515 5816 6589 6978 7392 8110 8966 9303 9945
29 1381 9528 2155 1280 6212 4968 3076 272 1065 1448 1986 2484 3047 3244 3404 4019 4597 4834 5278 5720 5898 6693 7140 7646 8075 8445 8919 9171 9576
32 4717 798 8240 4212 8249 4210 3125 9467 248 554 795 1053 1461 1836 2794 3143 3974 4521 4969 5186 5849 6385 6854 7133 7520 8096 8282 8894 9201 9419 9774 9884
25 6039 3161 6889 5376 5108 328 639 880 1335 1795 2684 3175 3748 4262 4651 5282 6069 6579 6661 7342 8044 8359 8872 9288 9937
29 7346 1736 3516 446 2342 5949 7705 5549 7969 398 551 1084 1407 1724 2314 2679 3263 3837 4436 4998 5465 6098 6959 7484 8003 8472 8921 9514 9958
37 8731 3655 3430 6430 2343 3027 5561 1385 5152 4900 7242 7789 869 3402 473 708 1136 1447 1767 2051 2579 3049 3511 4055 4307 4558 5035 5486 6361 6648 7220 7540 8052 8376 8910 9319 9902
22 2247 1114 175 2047 2446 2667 2960 3446 3738 4334 4740 4835 5323 5605 6028 6809 7267 7961 8478 9045 9284 9658
34 3030 5307 5437 7275 1682 1666 9533 5365 1703 7904 6445 8532 169 597 891 1489 1876 2123 2551 3390 3893 4360 4683 5239 5827 6563 7279 7797 8133 8522 9116 9490 9694 9998
