25 2922 5030 9243 5116 6409 1589 245 6400 9335 9953 7234 1307 1673 2383 3162 3682 4552 5401 6122 6524 6801 7704 8388 8905 9429
30 4891 8724 288 7084 3283 8108 8330 7188 7656 5662 5692 3070 978 9724 2678 118 413 1650 2172 3019 3413 4230 4933 5243 5908 6849 7452 7858 8202 9120
29 2995 7760 6897 8227 2506 1865 8518 5059 5072 3960 1901 2160 8744 7456 971 1583 2316 3108 3648 4053 4489 4953 6018 6536 7306 8024 8625 9123 9451
25 78 8543 9811 1597 5598 6421 5125 9704 8762 6110 6490 969 1068 2125 2625 3468 4030 4750 5430 5949 6217 7190 8583 9091 9534
24 9446 6168 5585 1344 8206 2174 2902 7165 8392 248 638 1554 1928 3177 3679 4091 4405 4928 5558 6559 6927 8069 8608 9253
23 7427 5326 9288 8624 2343 243 1676 6433 6290 9903 3810 983 2301 2857 3354 4408 5056 5580 6308 6991 8018 8719 9068
32 577 7205 2263 5181 9115 4553 8469 3228 1329 512 7095 9176 2895 9860 9154 343 703 1267 1781 2176 2676 3359 4255 4637 5161 5736 6336 6939 7375 8028 8823 9427
29 1826 6578 8584 6816 4358 6419 4375 559 5554 5203 9748 7806 2952 9770 365 767 1294 1871 2490 3196 4028 4521 4723 5620 6641 7371 7893 8610 9529
29 4467 929 9251 4716 6971 5070 76 2589 2034 9331 1375 2275 3840 9958 642 1184 1885 2346 3338 3832 4378 4843 5242 6501 7265 7764 8359 8997 9483
26 820 1691 7230 9263 8663 739 916 1488 3576 6751 6713 5674 415 1332 2173 2728 3328 3776 4326 4941 5572 6319 6665 7627 8549 9128
26 156 7794 3316 7485 3332 2613 2590 5027 514 354 8965 7368 1044 2131 2450 3319 3998 4655 5376 5875 6599 6860 7164 7851 8721 9432
32 42 3179 3772 8400 4279 6983 9907 4079 4204 9365 4167 4146 3000 4695 7965 4635 4576 538 896 1501 1847 2892 3676 4121 4925 5328 5890 6528 7242 8165 8826 9485
34 6423 1568 1407 7715 7185 6658 141 5769 9173 9072 7779 2366 8014 2467 3918 4875 8360 232 646 812 1748 2380 3324 3666 4176 5006 5782 6316 7181 7431 7969 8759 9100 9524
29 1387 7793 4909 4628 4076 0 4383 9551 9195 6342 5305 149 6251 1739 8753 39 540 823 1783 2899 3752 4557 5035 5765 6184 7275 8019 8301 9171
27 3491 5147 3693 7026 2768 2313 5159 4497 2632 8757 7553 2783 122 1104 1509 1937 2881 3462 4281 4646 5187 5822 6487 7210 7773 8830 9696
31 9888 553 7790 7158 7538 6296 8296 1188 4305 6513 870 6017 31 279 485 735 1668 2493 2770 3217 4054 4324 4735 5419 6406 6736 7261 7952 8305 8920 9441
31 3256 5837 7581 2614 7349 5603 5428 9278 2540 7964 7945 5618 9768 7947 73 868 1069 1482 2137 2808 3103 3371 3975 4325 5157 5761 6272 7139 7975 8568 9357
26 4189 3704 4660 8526 9380 841 568 4614 324 8887 210 858 1431 2200 3094 3828 4850 4999 5504 5833 6298 7033 7838 8561 8935 9479
26 4574 7648 9625 565 4515 6044 7994 2662 488 3200 5380 7917 915 1521 1912 2695 3218 3409 4043 5268 6035 7071 7743 8162 8559 9040
29 6570 1599 8730 3630 2395 6112 1003 337 4109 4261 5623 5518 6281 1154 1163 1780 2462 2854 3323 3639 4548 5189 6029 6684 7614 8034 8508 8979 9614
35 3709 8669 4797 1816 684 4377 2928 2576 3458 3252 8287 3542 6076 3120 1473 3232 1110 1452 2097 2361 2939 3342 3522 4085 4731 5341 5726 6118 6427 7075 7493 8093 8796 9275 9797
26 5354 736 2479 1042 9394 8573 1073 160 9423 1099 38 278 939 1480 2334 2853 3390 3920 4528 5381 6052 6828 7474 8116 8503 9083
29 8085 4392 7120 1178 9762 2355 7809 6760 4301 3768 7017 8081 3607 5666 803 1543 2015 2666 3533 3895 4468 4969 5588 6136 6820 7226 8065 8811 9453
30 8725 6956 3076 598 2106 5176 4201 3147 211 7314 9638 632 4984 3979 1801 7502 838 1218 2123 2486 3434 3805 4513 5183 5957 6856 7693 8425 9306 9910
31 1359 9286 7891 5301 799 680 2428 4240 9262 6589 2222 9840 1930 7805 8479 9478 534 1065 1491 2004 2900 3492 4238 4851 5248 6468 7141 7892 8851 9348 9717
28 7148 9443 4066 3855 2141 4145 7942 8722 8288 1296 8690 578 6216 708 1622 1916 2628 3207 3778 4462 5136 5735 6384 7048 7749 8239 8619 9630
30 13 1466 8607 5865 8936 9494 5861 8369 5404 1050 827 730 6906 1190 2035 2400 2750 3185 3823 4169 4665 5019 5814 6171 6653 7619 8150 8623 8886 9382
27 7849 5535 3051 9632 7359 3724 7745 4431 1960 4572 1696 8173 5657 7417 1206 2104 2760 3069 4084 4409 5095 5706 6191 6595 7355 8283 8836
30 5233 4099 2201 9393 7950 8861 8996 4706 1884 9009 7517 8077 5092 7063 199 966 1346 1663 2566 2848 3942 4339 4864 5617 6097 6792 7407 7939 8881 9541
28 8246 5185 7724 8798 3777 3853 3890 6858 6717 8895 3226 5970 7555 6061 306 672 1842 2398 3208 4098 4849 5395 6077 6489 7596 8086 9007 9710
24 4049 3681 2384 8933 1402 6837 351 843 2994 695 1444 2094 2852 3695 4372 4609 5011 5697 6268 6797 7447 7814 8612 9279
27 8546 1067 8949 2353 4341 3464 1517 272 6852 2778 3868 2423 1251 1934 2598 3174 3859 4582 4923 5322 6111 6344 6842 7218 8211 8853 9531
25 6603 8977 5153 2992 9565 4564 7495 7440 7968 6787 950 1382 2001 2619 3163 3715 4216 4865 6041 6533 7093 7491 8401 9036 9574
30 9215 9740 4318 7867 5671 8679 1749 4147 6187 6106 7366 3688 2261 1010 7207 1091 1882 2063 2328 3144 3726 4211 4888 5602 5963 7036 7551 8371 9055 9509
26 8103 3042 5557 9868 5345 1390 4703 204 8067 5631 5418 1635 429 1260 2117 2304 2958 3582 3944 4736 5446 6396 7399 7971 8490 9125
32 3249 626 5886 5082 930 8365 67 2292 3718 4426 6273 4510 2927 5988 30 371 1005 1534 2724 3077 3801 4124 4839 5252 6147 6477 7085 7594 8074 8403 8981 9465
30 1408 3911 460 5945 9753 135 9979 8124 4335 2025 2667 497 5823 764 1295 1632 2159 2682 3408 3838 4599 5407 5710 6209 6807 7396 7857 8343 8787 9725
33 6781 3145 4671 1035 665 4126 1373 956 4193 3850 2743 1892 1866 5688 5961 4020 7214 8132 7348 276 545 1150 1944 2658 3706 4692 4950 5316 6404 7027 7808 8421 9030
28 2600 3181 5511 555 8876 6648 223 1845 7373 5625 3864 5190 8788 6625 185 715 1372 2302 2990 3967 4939 5590 6079 6386 7206 7989 8379 9386
29 7883 2524 979 6822 7240 6646 7836 2492 7208 9004 5521 7153 3116 655 1239 1618 2585 2815 3220 3536 4086 4676 5340 6156 6901 7544 8226 9063 9401
23 2139 5467 5516 7728 7835 4943 9587 9642 7260 406 865 1421 2043 2732 3269 3921 4810 5263 5630 6081 7212 8160 8923
33 8099 5944 8415 8797 3953 3898 6348 5296 5704 8769 7626 6649 1084 5363 6840 3493 5729 4556 8618 717 1304 2088 2670 3017 4015 4704 5312 6166 6642 7311 8294 9227 9507
30 1999 5388 8134 6925 3707 4181 662 9172 2120 8729 2942 2516 2661 137 536 705 1245 1798 2339 2909 3660 4004 4595 5352 6380 7118 7991 8683 9294 9927
26 138 457 3519 4050 6295 3315 1972 157 8809 8879 849 172 815 1257 1547 2344 3441 4162 4680 5126 5883 6584 7135 8112 8600 9249
29 2182 1285 4068 1278 8277 7667 4252 3858 6989 2019 1535 1225 3861 321 9510 286 755 1338 2299 3033 3585 4360 5173 6331 7236 7731 8309 8705 9312
30 7633 3025 9951 791 6606 5701 7321 7276 9026 5575 7050 6496 3554 3285 226 1076 1518 2204 2627 3651 4401 5267 5682 6067 6495 6868 7211 8127 8645 9375
28 2717 5703 8565 5705 3625 2064 8008 5249 4312 2581 8962 2668 3143 463 1148 1385 1927 2536 3165 3803 4224 5291 5894 6693 7152 7961 8436 9208
30 389 5552 1824 2000 6363 1025 6676 5090 9823 5422 1841 1079 788 697 633 1195 1498 1980 2622 3213 3564 4352 4711 5830 6262 6446 7543 8303 9197 9771
30 2584 2198 7173 6123 6817 6690 9214 6958 9633 7106 5953 2134 7460 95 499 1080 1626 2248 2642 3732 4232 4688 5464 6771 7281 7758 8149 8832 9281 9613
30 3117 7642 7030 9304 1639 1326 2153 4453 7350 8102 4336 3530 9932 458 1031 1765 2548 2919 3083 3650 4038 4853 5514 6009 6199 7078 7578 8291 8972 9402
31 2368 8184 4794 1772 2439 2542 9921 2020 8015 2729 2099 9404 8945 208 571 923 1703 2122 2819 3376 3894 4503 5457 6456 6655 6929 7229 7415 7890 8491 9504
27 9714 4349 2332 5895 9302 200 5803 7557 1611 2579 8932 1 264 1246 1775 2314 3037 3437 4314 5162 5756 6096 6777 7507 8060 8700 9533
29 4473 6785 6265 7253 7020 1229 1127 3298 7949 6768 8772 651 3404 7534 402 1107 2023 2551 3314 4180 4855 5110 5799 6651 7353 7761 8164 8951 9477
26 6424 7639 6493 1758 1433 9853 2011 2080 8380 7897 3279 9403 973 801 1537 2861 3407 4160 4739 5109 5353 5913 6977 7877 8686 9308
28 3766 3503 5537 9150 5637 3608 4612 2869 5778 7434 3980 6560 2719 134 720 1733 2411 3439 4138 4499 5290 6192 7082 7684 8079 8570 8922 9234
28 1808 9589 6509 3036 1340 6515 332 1621 831 492 5902 6782 3993 9916 519 1083 1707 2282 3086 4125 4818 5664 5933 6333 7068 8117 9027 9301
30 2870 3562 9117 7244 6844 266 2184 4376 5093 844 9333 7567 1594 1540 3913 7908 9410 201 1210 2128 2593 3735 4505 5364 6375 7180 7711 7987 8489 9655
27 5634 6791 1066 5713 5084 7328 781 9299 4133 4287 202 216 554 1057 1774 2165 2714 3255 3959 4630 5001 5724 6104 7228 7948 9079 9956
30 6950 2874 9790 9327 3481 4822 4343 5399 3615 8084 3645 2879 1793 196 787 1610 2066 2804 3485 4282 4807 5166 5484 5922 6311 7133 7766 8198 9044 9470
30 1134 8121 5334 61 610 5315 619 7522 5998 7882 4105 6783 4890 1185 108 350 1486 1894 2478 3223 3692 4353 5039 5848 6883 7131 7729 8345 8703 9720
29 570 9692 1822 4152 4454 3711 230 9796 5013 7333 8409 2528 825 246 652 1496 2208 2860 3887 4525 4861 5687 6520 7029 7501 8010 8634 9042 9709
30 3883 7855 5555 5461 6407 883 8687 3277 1743 7055 9523 4927 9358 9827 8 366 1037 1362 1667 2369 3286 4070 4816 5387 6429 6967 7900 8648 9298 9487
26 2417 1330 1175 9898 3678 4780 8030 1538 6865 5851 93 222 376 741 1140 1744 2448 3106 3849 4496 5576 6286 6742 7716 8852 9553
26 4616 9826 8120 2841 3741 2989 1034 7956 5936 1522 2155 60 372 1449 2372 3001 3268 4205 4709 5143 6466 7099 8033 8320 8760 9405
26 7245 94 7402 3987 1049 2018 5292 7620 3470 9550 7595 1648 1117 2052 2605 3356 3734 4478 5034 6200 6924 8072 8446 9017 9517 9733
26 1579 6770 2482 1608 5610 2609 320 7815 2893 3663 8465 394 1273 1889 2531 3026 3742 4561 4893 5226 5937 6711 7558 8354 8899 9469
26 9988 9814 7251 4710 5911 2320 310 4094 547 2904 6264 4087 1269 1723 2053 2603 2950 3343 3822 4562 5549 6060 6854 7308 8101 9283
28 1048 1846 854 4622 8381 1306 2931 292 1244 4862 7737 622 7319 9255 259 789 1248 2077 2669 3641 4463 5339 6544 6911 7811 8773 9499 9591
26 5014 3775 271 9378 2746 9267 7310 464 6637 4254 3529 960 867 1527 2272 2653 3301 3451 4150 4936 5520 6176 6728 7295 8231 9337
23 9561 1756 2391 541 6510 1058 1129 9918 9604 1097 1682 2475 2748 3382 4263 4844 5790 6357 6859 7301 8070 8957 9690
31 295 9850 9646 1465 5499 1767 7455 5192 7563 3751 8032 3668 7839 4235 5473 3634 186 786 1551 2154 2725 3239 3788 4526 5385 6063 6959 7827 8581 8925 9599
31 395 7439 2469 43 3078 1490 3981 3684 7999 2246 1252 7998 9109 1766 886 1313 1581 2206 2685 3442 3683 4198 4705 5051 5362 6242 6978 7484 8091 8869 9528
27 6042 7708 6416 2736 9721 3882 9051 1085 1439 3728 1335 9905 3351 3334 470 431 1393 2407 3369 4737 5525 6084 6705 7266 7705 8228 8999
25 2234 90 8717 8613 2375 9149 1261 8310 2444 6596 145 980 1658 2421 3215 3672 4452 5455 5925 6741 7160 7686 8214 8824 9330
28 6229 8453 8207 6664 8500 3167 3453 6757 4075 1209 3030 2149 696 1497 2142 2876 3336 4319 4906 5442 6043 6762 7465 7921 8419 8594 9077 9564
30 8579 726 5529 9785 8053 589 4722 8000 8558 1977 398 9582 5042 592 1208 1459 2031 2510 3150 3497 3795 4592 5067 6129 6726 7483 8107 8175 8756 9370
25 8709 9940 5117 682 9006 6471 6249 4285 1428 8395 430 890 1524 2109 3003 3925 4484 5318 5739 6846 7700 8208 8615 8985 9500
36 7576 9635 1192 9224 6313 3118 8050 8737 150 848 8511 1460 7388 643 4106 7041 8312 9167 8068 8443 2587 119 234 782 1371 2024 2403 3391 4059 5000 5684 6255 6805 7488 7904 8680
23 6021 7331 5783 9548 5417 7681 2488 6903 5527 7010 1315 2058 2834 3483 3992 4654 5358 6300 6914 7638 8337 8924 9648
24 3782 7611 2747 7691 6747 8752 4578 8770 8307 722 685 895 1860 2274 2803 3260 3852 4817 5694 6321 7293 8109 9013 9290
26 816 7894 294 6753 2260 6048 6170 6315 1619 5029 1637 323 866 1840 2393 2696 3604 3962 4570 5597 6323 7062 7470 8245 9023 9497
28 4065 8447 3746 9540 6312 2183 3892 9729 1101 8816 109 706 1219 1546 2294 2535 3360 3817 4813 5094 5636 6355 6740 7052 7398 8334 8839 9369
26 5500 5041 5298 2873 3170 9983 1701 2245 6923 5196 7021 591 1555 2167 2694 3067 3806 4808 5424 5972 6654 7224 7953 8324 8902 9421
22 8854 2163 1539 5008 6482 7607 5412 8329 1181 6898 4329 770 1726 2704 3546 4316 5391 6358 6921 7859 8641 9618
27 4764 9031 4994 4535 466 7401 7312 4112 8984 1061 1347 3570 165 481 985 1806 2730 3379 4120 4812 6013 6505 6984 7763 8487 9080 9580
26 9440 1807 9627 1032 5956 7673 9070 6506 936 9741 753 1615 2655 3337 4168 4949 5357 6282 6527 6915 7411 7565 7959 8480 8712 9623
28 9543 9498 2813 3044 4307 8263 9654 5817 5214 8571 2776 2936 4659 435 945 1516 2124 3189 3985 4586 5408 5918 6568 7671 8058 8831 9400 9984
32 4852 2156 3551 1437 8733 5307 606 1121 7701 1171 5232 616 6303 3403 6843 4901 749 1487 1936 2435 3104 3674 4691 5368 5679 5977 6499 7077 7713 8461 9396 9828
27 2378 3856 4123 7572 465 1103 5487 3750 1237 9645 8314 251 1096 1771 2180 3111 3540 4330 4913 5831 6341 6918 7552 8176 8873 9359 9863
33 2822 7914 7918 2330 9755 4415 3764 901 8215 2998 381 5931 151 5180 9161 2157 6737 390 1291 1949 2470 2973 3426 3622 4234 4905 5239 6134 6962 8118 8467 9175 9885
31 5955 8657 5545 1410 3610 4647 7345 4815 7514 4924 317 5795 711 254 757 1368 1933 2187 2727 3543 3936 4606 5202 5665 6420 7012 7421 8213 9045 9501 9777
30 4523 9594 4236 6864 2801 4446 2078 9792 17 535 5866 9610 7972 6366 8548 7652 427 955 1903 2706 3487 4615 5489 6180 6700 7025 7762 8272 8917 9676
30 1386 3247 7787 6294 16 3844 3272 5639 5350 2342 2087 3916 1629 6371 9941 308 874 1634 1966 2767 3292 3896 4543 5133 6003 6723 7632 8473 9087 9746
27 4115 8027 4393 456 9545 7692 5640 8363 2431 5044 21 154 648 1325 2287 3085 3878 4451 5423 6532 7377 7622 7926 8293 8783 9240 9554
29 8595 7984 8286 3201 6073 408 3297 1724 1698 9008 9297 3002 4516 1868 176 898 1715 2269 2878 3339 4354 5040 6036 6716 7204 7435 7932 8992 9882
30 719 4662 5077 1809 6351 2771 5439 1427 9526 4414 112 1714 2915 5561 65 751 1378 1657 2196 2914 3910 4667 5293 5544 6002 6512 7548 8147 9110 9490
33 8039 6154 5794 4436 6237 309 7800 2161 3797 1216 4308 2454 9064 8151 6301 387 567 1287 1962 2691 3307 3825 4620 5043 5695 6068 6581 6738 7604 8182 9048 9376 9993
28 6845 3496 2241 4937 4476 3380 6826 4444 7876 4443 2975 3946 2288 981 1656 2250 2866 3976 4534 4959 5472 6089 6263 6965 7840 8743 9351 9681
27 2265 7216 3259 2775 2331 4272 1742 3819 9659 5389 6195 4283 7192 7559 432 891 1716 2527 3646 4450 5063 5859 6449 6813 7432 8253 9140
29 3815 1424 4529 5182 2126 6872 4258 6758 6394 8672 5491 8768 4977 227 783 1672 2277 2811 3774 4294 4687 5260 5624 6485 7136 7748 8422 8860 9495
27 660 2864 2526 5448 689 3246 4118 2112 9018 2007 9481 62 828 1008 1310 2070 3013 4045 4493 5581 6101 6946 7689 8442 8748 9657 9977
25 3831 1492 6699 1600 3090 7032 9595 8763 7354 5950 6240 2451 1124 1685 2203 3052 3885 4786 5238 6353 6993 7850 8739 9384 9739
26 3216 1125 7235 487 3907 2279 4577 2216 3761 6934 155 2329 7540 386 1394 2251 2943 3807 4363 5175 5643 6917 7418 7603 8466 9414
29 4182 4805 9202 5914 8237 4530 9324 8042 7304 2826 564 1613 1479 98 333 986 1563 2185 3041 3327 4373 5069 5809 6299 6996 8076 8587 8842 9581
23 9688 1700 3430 9187 522 4814 1478 7923 573 4963 63 963 2247 3138 4139 4880 5879 6462 7058 7547 7983 8843 9870
29 2209 8090 436 6879 5938 4355 7009 2817 2697 942 5728 2054 6235 2436 925 1495 1987 2268 3028 3614 4427 5022 5451 6226 6486 7110 7660 8510 9611
33 9180 7382 523 6155 4639 745 4524 670 161 2040 5531 5629 181 2556 1773 11 329 721 1400 2130 2763 3450 4239 4900 5311 5926 6139 6704 7461 8056 8525 9270 9547
26 2586 9136 8399 9735 6580 8249 6145 4583 505 6126 5813 8061 4644 1064 1985 2387 3088 3799 4348 5128 5622 6260 7342 8201 9011 9734
29 152 352 2135 1203 4229 2286 8260 8142 1736 8321 4029 4881 4188 621 1255 1617 1940 2500 2849 3305 4062 4829 5658 6306 7039 7645 8692 8989 9647
31 6891 6543 7395 3278 173 3341 1585 3525 8041 1850 6673 496 168 357 785 1355 1671 2192 2837 3593 4101 4685 4995 5748 6274 7127 7541 8088 8274 8844 9373
31 5266 9960 3258 6258 1745 1994 8494 6764 6252 5909 244 162 9991 3808 7 613 1323 2197 3125 3383 3804 4290 5048 5538 5979 6408 6861 7290 8348 9019 9502
29 3384 3665 3005 7323 9241 2846 8617 5438 3029 7322 6511 396 871 1550 2042 2541 2832 3250 3461 4380 5155 6030 6444 7031 7307 8025 8885 9210 9651
29 2672 7343 6250 1293 194 7257 5426 1114 483 8059 6583 9962 8514 341 6164 240 881 1526 2348 3096 3710 4159 5068 5667 6092 6892 7413 8306 8976
27 7662 625 477 504 6519 4298 4410 6721 2796 2371 2809 3504 125 480 1399 1761 2445 3499 4036 4673 5757 6037 7002 7510 8029 8960 9458
27 8057 6754 5349 3811 6727 4190 7213 6998 3574 9108 9786 5273 32 508 999 1829 2466 3447 3931 4758 5210 5962 6731 7525 8051 8800 9515
28 2766 563 9052 7482 7872 1360 3705 3568 2564 3394 3140 6435 6179 6422 952 1580 2360 3182 3601 4304 4837 5793 6531 6973 7504 8185 8580 9476
30 934 596 9219 2337 3156 9126 7924 104 921 7520 4746 7478 9615 1651 424 1232 1576 2621 3415 4056 5158 5958 6481 6936 7167 7823 8229 8675 9277 9902
26 9435 687 3866 9719 2298 1609 258 7591 5335 6761 2514 3021 86 530 1288 2076 2705 3771 4531 5308 5611 6322 6955 7477 8780 9569
33 5959 9246 9506 4046 3680 393 6616 9310 5488 8775 1231 9926 3224 9900 2143 7608 3517 383 769 990 1494 2026 2547 3281 4092 4404 5047 5999 6283 6908 7325 8597 9169
29 3353 1187 5973 3781 7699 919 1238 8506 5781 7001 6039 2824 3059 4789 131 521 1366 2597 3238 3654 4136 4827 5400 6452 7013 7590 7979 8942 9832
29 8598 2351 5213 9416 4083 8413 7750 5359 9438 4268 3857 7577 489 1235 1664 2357 2788 3603 4163 4887 5501 5785 6228 6881 7772 8171 8950 9209 9737
28 2652 7115 2 879 4636 5568 9411 7129 3594 9929 8474 7717 8805 250 585 1322 2108 2759 3294 4102 4766 5378 5927 6739 7360 7940 8713 9542
29 7653 405 1014 9937 3587 9309 8254 6223 2910 9193 4337 5849 4678 728 1467 1920 2568 3093 3465 3848 4203 4778 5258 5960 6832 7856 8553 9273 9677
27 9211 7380 4697 7721 1549 8666 1453 9965 1397 363 1052 1545 2188 2699 3211 3798 4003 4457 4970 5845 6352 7074 7571 7848 8681 9292 9678
26 7674 2830 5846 3671 380 5425 2044 8509 1078 7602 6405 861 1721 2113 2836 3401 3760 4379 4743 4945 5841 6345 7201 7707 8557 9606
28 9014 2202 653 53 9909 5863 1007 5689 5221 7542 574 3101 3708 937 1319 1834 2718 3043 3786 4460 4633 5264 6178 6613 7776 8664 9463 9906
31 6430 3581 2713 1040 810 702 6657 4948 3130 3791 683 1636 5393 3773 4245 9914 935 1827 2495 2897 3619 4498 5142 5650 6451 6748 7128 7599 8236 8599 9383
26 4078 4757 6504 793 615 2520 5720 5715 8402 2518 806 1383 1789 2305 2610 3299 4351 5337 5983 6461 6847 7448 7864 8588 8958 9399
28 5057 8504 1768 3333 9130 6922 3508 4696 5200 57 5842 9849 8174 2716 4690 44 407 1265 2223 2816 3475 4359 4985 5733 6688 7546 8745 9575
31 3877 5492 8890 9489 5045 4223 2887 673 9893 6387 3572 1533 2561 3952 543 1266 1825 2285 2800 3498 4219 5086 5333 5858 6343 6970 7446 7826 8382 8795 9323
24 6975 2442 1398 5940 7061 8251 8638 1223 1357 889 7796 1258 1810 2295 2923 3455 4296 4826 5172 6095 7298 7916 9073 9666
28 962 281 1275 6304 8322 2835 3982 8900 8275 7498 5882 3197 9505 6804 588 1123 1986 2932 3685 4455 5188 5459 5942 6809 7383 8048 8761 9518
27 3611 4397 2228 6280 6634 5403 4215 7196 8459 235 7903 2894 906 1374 1852 2433 3199 3571 4149 4991 5414 6201 7090 7780 8451 9158 9855
28 1717 9360 89 3242 8222 8038 5230 7103 8340 3023 2505 2814 9346 1149 1784 2376 2677 3114 4187 4728 5884 6212 6586 7286 8268 8954 9492 9945
27 445 8432 2965 7598 2158 7670 4504 7702 315 8449 7970 9354 50 448 920 1814 2577 3418 4220 4765 5150 6070 6617 7518 8242 8674 9516
31 6428 1817 280 1909 2664 15 1095 4486 219 9179 2645 2110 4508 3988 5215 7775 166 859 1567 2075 2327 2959 3561 4266 4910 5347 5986 6966 7951 8970 9783
32 5876 2772 3902 5195 238 4724 3545 8007 4883 4859 2784 2434 2537 491 3580 9418 595 1644 2427 2863 3717 3977 4571 5009 5609 6085 6518 6992 7630 8280 9021 9805
32 1764 9756 8418 1592 9235 3785 4914 6696 8054 9521 6909 6053 4412 8195 2985 2249 5638 346 1022 1741 2171 2913 3435 4048 4847 5261 5752 6337 7112 7616 8221 9050
27 8653 6610 747 7436 7675 7072 2560 7081 6932 637 8631 1864 103 658 1405 2461 3129 3971 5083 5460 5737 6367 7119 7685 8212 9230 9804
31 1141 839 1250 4629 8423 8191 5108 4713 716 2700 3712 9620 5559 1071 5635 647 1233 2030 2640 3168 3474 3947 4495 5277 6054 6686 7225 7853 8884 9319 9987
28 8220 4922 7494 2365 4481 6278 6167 7369 92 3253 1180 5085 9847 6632 455 1404 2230 2797 3690 4260 4600 5146 6038 6594 6987 7962 8531 8940
26 8339 7976 7361 5533 4340 355 913 2787 4037 6587 237 794 1638 1975 2637 3206 3816 4196 4730 5528 6102 6689 7736 8325 8818 9560
32 1109 8983 8080 5855 9816 1133 2868 2947 6670 5978 903 748 7647 860 9138 1082 1794 2258 2425 2926 3649 4719 4971 5494 6314 7280 7666 8163 8779 9220 9699 9995
30 701 7297 5952 7496 3164 164 2687 833 3879 1702 3012 8633 4585 8311 1043 1422 1870 2529 2999 3757 4103 4744 5323 5901 6836 7289 7841 8498 8819 9444
27 1179 6152 5881 3405 5066 964 9808 8974 3494 2300 5295 4143 5513 2480 391 1451 2264 2948 4008 4993 5497 6373 7130 7824 8200 8639 9398
29 5919 6796 2140 3291 8575 1750 7441 6552 6772 5463 3933 3352 2618 3024 411 444 1013 1476 1820 2754 3495 4369 5374 6069 6329 6886 7610 8554 9239
28 3190 688 5984 1520 5910 8693 80 1435 8507 4603 1963 3535 8218 3386 500 1193 1584 2485 2944 3747 4756 5838 6334 6896 7250 8304 8863 9164
27 5832 2517 6778 3696 5506 3548 322 7064 2073 9206 9643 14 301 1020 2029 2974 4165 4544 5413 5719 6289 6834 7101 7896 8493 9385 9767
31 7613 1196 2604 1776 1659 4183 385 4638 9769 1886 7285 4297 7774 426 932 1511 2179 2686 3309 3606 4441 4863 5776 6674 7259 7515 7832 8145 8483 9093 9419
26 6812 551 9454 8991 9660 6138 6701 8804 8845 7817 5921 926 1401 1953 2726 3605 4209 4492 5112 5405 5834 6494 7742 8238 8742 9626
35 862 3656 5127 1197 81 1151 9178 2509 6238 9116 2014 5820 6418 5750 8682 6564 5211 561 778 1272 1647 2271 2723 3459 3743 4619 5018 5287 5893 6890 7846 8210 8630 9254 9552
30 6808 2381 4166 676 1907 7751 8318 3310 3065 6365 5099 6131 1475 6542 2507 988 1869 2321 3014 3793 4251 4424 5140 5784 6132 7524 8278 8695 9134 9821
30 4322 3505 1051 8699 4487 36 2132 6098 8512 6439 5495 2543 282 2901 7747 9895 1004 1403 1974 3119 3552 4018 4721 5443 6196 6714 7738 8460 9372 9867
29 5371 811 3149 3702 4942 8410 2499 1849 3194 4179 6026 7795 2634 6320 170 1089 1732 2416 3072 3489 4432 5235 5659 6025 6895 7486 8181 8731 9473
29 3198 498 2430 9139 5167 878 8982 3569 7821 732 5560 3422 5320 127 1093 1777 2468 3112 3392 3784 4212 5106 5836 6078 6703 7035 8064 8611 9177
25 9191 5130 5171 9549 1165 9675 4684 9448 1450 2883 2217 304 877 1337 2325 3372 4250 4506 4931 5722 6541 7163 8355 8697 9245
29 9328 6819 2352 1160 8488 2474 9024 5415 7895 4956 5410 124 215 809 1471 2310 2821 3616 3780 4127 4621 5523 6099 6547 7332 8159 8533 9207 9744
27 8097 7511 502 9428 356 8482 6432 6141 2885 4962 6202 709 1411 1688 2440 3248 3520 4613 5300 5853 6442 6894 7655 8241 8750 9349 9726
23 8346 8386 9095 2280 1948 8871 4653 2523 1369 1001 6491 1054 1876 2602 3245 4073 5004 5985 6622 7586 8179 9390 9731
31 4077 1512 4751 8547 837 771 6567 6225 584 1624 7819 5649 4741 7424 4331 742 1214 1992 2633 3068 3990 4514 4911 5409 6326 6660 6926 7473 8374 9057 9730
30 1415 7191 6177 4137 7709 3835 8815 382 4932 5452 2115 5231 4771 5033 82 392 884 1336 1900 2782 3317 4416 4772 5669 6675 7283 7803 8111 8536 9092
29 7782 4661 5532 6556 9537 569 9218 4365 3869 4670 2455 852 2781 7641 325 762 1388 2050 2977 3657 4128 5075 5709 6288 7147 7786 8257 9271 9839
26 8849 1942 8654 8327 184 9186 5121 8562 8707 7479 6008 4275 727 1090 1502 2095 2692 3402 4289 4770 5539 6607 7254 7672 8966 9305
32 586 7132 7569 6888 3410 6464 7467 9107 2009 9081 4207 5087 3053 6447 9558 268 822 1300 1590 1981 2745 3225 3697 4333 5023 5780 5829 6370 6981 8055 8391 9261
26 1769 8961 3560 9754 6618 1770 4732 8720 8622 641 9650 7886 55 495 1303 2601 3151 3730 4140 5081 5772 6269 6788 7500 8593 9426
26 6392 2583 2930 5496 4130 9434 8269 9493 3626 1697 4747 105 599 1202 1879 2674 3532 3927 4384 4955 6222 6724 7535 8544 9135 9617
32 1959 9764 5815 5668 970 5596 5382 4064 5219 9672 6146 8156 992 6465 9723 3080 4171 513 1484 2102 3061 3763 4390 4791 4997 5547 6276 6605 7034 7589 8390 9199
29 7006 6032 8651 5435 2679 51 6773 664 1019 7601 2257 3406 8629 486 1041 1858 2319 2799 3602 4081 5025 5217 5589 6241 6553 6920 7913 8704 9701
25 1788 8927 6211 6049 5433 6186 7007 639 5505 2312 8456 8918 5193 967 1941 2522 2951 3673 4547 5089 6010 7018 7423 8128 8702
33 9111 2086 7752 3932 1441 3802 1532 3863 3670 2643 8855 5839 4470 905 6020 7067 9379 9082 5344 2388 1077 1601 2219 2918 3631 3964 4745 5731 6863 7472 8021 8801 9326
32 7643 8502 1779 9974 4858 4889 1692 2629 5770 9118 3837 516 4590 9192 48 452 1173 1646 2446 2839 3463 3949 4700 5194 5840 6116 6850 7258 7915 8635 9457 9800
30 3968 5503 417 5244 678 3667 7412 4334 8813 1905 3600 814 3633 1363 484 1333 2083 2374 2545 3176 3954 4511 5164 5628 6127 6942 7462 8572 9415 9750
25 2452 4944 4217 7769 3348 8859 8352 8139 7490 9152 1911 533 1414 1883 2709 3293 4267 4733 5515 6239 6763 7339 8235 9196 9598
25 1965 7606 5653 2693 5201 3500 3686 64 9841 6051 713 1320 1973 2336 2969 3623 4061 4668 5811 6574 7220 7925 8279 9099 9567
26 1785 9890 3701 8910 1302 6630 4689 3512 8429 3157 951 694 1072 1957 2575 3583 4195 4740 5593 6401 6715 7121 8157 8333 8864 9807
26 9284 8026 2147 1677 4533 5828 6968 2953 1027 4345 3555 1921 401 1131 1713 2491 3009 3824 4565 5036 5907 6862 7564 8203 9132 9794
30 4141 5673 9037 2323 2920 3326 2525 2502 7157 580 6725 7140 114 2751 6279 54 370 995 1519 2340 2733 3295 3974 4798 5787 7146 7759 8414 9260 9810
34 102 9038 1442 2049 2221 8281 1412 2562 8889 3273 7623 7437 1859 9450 8596 6149 283 2659 326 880 1426 2081 2738 3136 3770 4842 5615 6558 6744 7392 7902 8535 8931 9716
31 666 7222 8850 4386 4221 2373 686 1552 4934 9016 8243 7618 6663 7527 1118 1669 2350 2735 3484 4413 5103 5567 5764 6621 7274 7818 8545 8706 9137 9668 9957
25 3387 6982 4773 1575 8728 8335 4402 649 6270 7362 3642 203 998 1952 2553 3528 4100 4618 5348 5768 6695 7646 8519 9146 9946
26 1587 766 3322 4323 9461 9035 6582 9996 8485 5398 6835 525 1045 2028 2489 3280 3789 4519 5247 5968 6523 7409 7789 8658 9119 9693
30 7584 8364 1704 3867 7986 443 7668 4874 1074 532 4591 5651 1729 5271 9265 6324 7492 944 1895 2596 2970 4024 4651 5218 6372 6620 7335 7879 9056 9880
27 3016 9194 5149 8481 2037 8569 1290 4440 1504 9570 3007 9819 9347 4300 857 1314 2057 2911 3578 4277 4811 5633 6307 7189 8177 8856 9667
30 7937 5097 4996 9520 6990 9437 6572 5592 7363 3184 4886 4012 1277 2712 1212 5885 1036 1503 2539 3385 3716 4244 4551 5076 5743 6354 7193 7955 8416 9264
26 2993 256 1380 5912 4734 5028 8035 6414 9715 6573 2681 614 1227 1782 2477 3121 3456 4425 4841 5509 6103 6694 7352 8192 9258 9758
34 5046 377 698 7694 1631 630 6979 6535 9862 6208 1625 8230 342 3948 8640 1851 2630 195 894 1513 2085 2888 3621 4417 4580 4988 5672 6661 7579 8040 8603 8897 9223 9685
29 4768 1831 5209 780 174 2281 8350 965 5250 6377 4683 4625 133 515 1112 1690 2317 2829 3222 3729 4228 4836 5614 6143 6593 7573 8144 8847 9436
30 3233 446 5867 6436 7267 8605 989 318 9656 6534 5774 5991 2367 303 478 1015 1544 2065 2617 2924 3396 4022 4832 5281 5939 6870 7957 8437 8904 9368
30 6669 3579 3350 4248 7379 7927 9664 8341 759 657 5437 224 7264 1321 2231 2363 2877 3454 3809 4295 4947 5440 6218 7076 7453 7881 8589 8988 9456 9759
32 6488 1531 7394 3122 8711 5079 8004 2370 225 6182 6904 4016 8136 1811 796 9555 6091 1324 2041 2731 3133 3719 3893 4532 4920 5601 6340 7109 7658 8606 9226 9781
27 526 4494 6231 768 7680 9736 3178 4437 6598 4361 1012 1483 2093 2473 2650 3659 4039 4699 5138 5384 6204 7174 7852 8209 8628 9098 9881
29 3236 4447 1468 5475 4777 7777 1166 1280 1706 8529 9749 1356 1396 1298 421 1017 1607 2175 2429 2856 3738 4658 5655 6318 6569 7451 8248 9066 9775
30 3516 1191 7695 2205 8937 1055 5759 9043 8373 4208 3727 2291 2956 9784 634 885 1561 2145 2827 3388 3698 4320 4877 5730 6247 7170 7825 8492 9252 9836
29 1577 6597 7650 8577 4247 1436 3790 7669 6305 8771 6173 4708 113 273 510 1443 1922 2399 2571 3290 3950 4156 4449 5510 6448 6961 7920 8921 9773
27 6933 1143 2069 9397 3267 117 2071 6954 4930 8684 5872 2737 9212 924 1755 2422 3370 3956 4299 4838 5466 6105 6566 7469 8621 9148 9994
29 1574 5967 2396 6027 9133 5198 1719 6691 948 5365 5690 197 349 1115 1684 2238 2570 3254 3411 3713 4471 5074 5804 6550 7262 7733 8232 9205 9915
28 2734 1030 7015 1139 5310 5005 6522 111 5332 4749 8578 4173 9637 2273 6207 1256 1982 2937 3725 3820 4332 4973 5996 6743 7457 8298 9022 9624
29 9392 3265 7337 7042 3275 7597 911 2151 9998 8542 7463 5526 419 679 1111 1331 1828 2521 3137 4411 4958 5654 6483 7400 8158 8718 8916 9293 9706
28 1434 9742 7397 1505 8250 4017 1971 428 5775 6802 5275 1268 7911 252 752 1708 2405 3115 4011 4430 5342 6259 6682 7166 7580 8389 9096 9583
28 3511 5049 9884 4175 7406 9121 4782 8821 9280 2006 2315 6774 2211 9307 1016 1593 2284 2710 3193 3938 4598 5115 5416 6243 6706 7585 9010 9539
32 4759 4989 2418 2212 949 4302 1477 1011 5379 52 8947 25 2059 9700 620 1384 1843 2118 2828 4082 4399 4666 5372 5954 6332 6500 6943 7928 8259 8774 9289 9702
27 6190 8166 9462 4174 9871 9935 3263 7182 1311 8776 1946 4964 723 1586 2283 2744 3097 3943 4825 5541 5994 6508 6780 6953 8002 8880 9338
30 691 482 8934 8471 7526 290 3839 2657 2757 7521 5779 6090 876 1144 1419 1837 2569 3160 3783 4422 4884 5556 5992 6368 6839 7231 7944 8328 9216 9970
29 3187 3169 6640 2239 2410 550 997 8908 8735 5812 6059 3375 209 374 1157 1881 2651 3159 3652 4233 5105 5450 6072 6545 7338 7807 8747 9181 9846
33 671 3534 8193 5587 4579 9857 2389 2413 5727 733 3045 5747 6974 9838 8351 9866 132 590 887 1709 2333 3063 3589 4153 4779 5550 6153 6913 7755 8362 8808 9156 9934
29 7609 6001 2890 1021 3694 7865 177 3127 4027 8941 5930 5007 1627 146 433 961 1602 2412 3191 4023 4400 4898 5677 6364 7142 7791 8331 9160 9924
24 957 8833 5680 6215 2068 1887 5002 2497 454 1222 1628 2908 3398 4060 4445 5270 6137 6484 7233 7370 7757 8560 9313 9576
33 9858 8472 8125 8297 8765 1194 4025 3158 6213 5356 8563 9603 8574 8240 6014 765 1391 1932 2144 2574 3244 4134 5024 5302 5663 6031 6944 7287 7919 8292 8505 9041 9464
23 3922 5583 6889 1964 6866 8122 3609 7200 7804 5107 1299 1695 2105 2905 3523 4034 4823 5421 5819 6667 7531 8838 9812
26 9738 7179 6756 4249 6681 5053 5297 4669 461 4269 6246 996 1514 2408 3141 3755 4480 5234 5947 6475 6712 7263 8016 8685 9285 9689
23 5465 552 1961 7393 2882 1456 3655 4058 9982 375 1183 1914 2886 4033 4640 5137 5712 6376 6877 7703 8537 9124 9904
32 3155 5245 4803 3476 1515 33 9482 8534 8313 6058 46 7938 8167 4364 5269 182 501 795 1349 1565 2229 2889 3699 4567 5274 5660 6244 6884 7974 8676 9221 9691
30 9872 7781 3417 7022 123 7888 4946 1591 4608 3421 9388 8670 581 1418 1862 2138 2722 3084 3978 4164 5152 5530 6107 6867 7391 8285 8637 9005 9612 9879
27 3448 1312 8017 6000 4032 7739 1409 3378 7094 3870 3 298 1670 2048 2675 3266 3586 4292 4929 5474 6181 7124 7405 7880 8357 9316 9959
27 1595 5965 6150 4186 4227 3234 4602 5016 7125 6952 2338 594 1189 1918 2166 2739 3081 4040 4787 5228 6162 6604 7489 7929 8397 8891 9705
28 8315 994 5134 9076 9989 3203 358 7000 5477 4438 440 7659 3436 631 1939 2465 3195 3792 4642 5229 5562 6075 6803 7044 7725 8448 9039 9586
26 4466 3235 1614 6221 9760 8095 4686 818 7930 2487 6730 179 690 1455 1951 2437 3330 4225 5113 5626 6232 6940 7785 8342 9074 9803
24 5777 1364 1924 4769 5478 3513 3507 2702 2773 2067 4256 3595 917 1873 2359 3047 4271 4979 5847 6266 7038 7730 8567 9085
26 3425 9445 2785 7151 5010 6460 6174 4288 2047 5216 6172 1000 1950 2432 2945 3754 4202 4951 5441 6193 7300 7829 8375 8585 9217 9607
26 746 6425 2169 158 1730 1661 7168 6907 6823 8412 9969 269 908 1334 2189 2698 3471 3939 5129 5584 6203 7003 7549 8552 9090 9980
26 9189 5325 5934 4917 3845 2129 9562 5827 8196 5276 3829 4915 340 976 1746 2458 3214 3872 4610 5469 6529 7239 7837 8539 8893 9259
30 9413 3482 8778 931 3647 9084 5329 8626 9374 441 2170 6810 2504 193 864 1500 1908 2318 3098 4035 4674 4868 5343 5892 6592 7249 8046 9020 9433 9789
34 8424 7047 2954 6474 7442 663 5742 3989 7935 3928 3737 3154 4643 3901 518 277 4539 212 611 1116 1947 2347 3308 3930 4485 5154 5760 6628 7096 7635 8083 8411 9237 9923
27 2851 4632 2858 1604 8417 7045 8677 609 7740 9409 7634 4155 3237 4998 3399 1297 2051 2979 3558 4135 4672 5253 5932 6972 7732 8723 9641
31 8995 9727 1556 8204 813 8006 74 5854 7172 3142 7905 5402 556 5591 824 2406 70 344 1259 1855 2303 3282 3846 4555 5123 5951 7104 7992 8521 9257 9566
32 9475 4581 2554 2252 7149 2774 9231 2484 834 1164 579 8803 9774 265 7272 285 744 1548 1979 2580 3357 3912 4382 4712 5546 6236 6824 7617 8244 8475 8926 9761
32 9670 601 4170 6234 7232 35 760 8256 4885 8755 3923 3287 1169 2660 624 4821 300 1161 1890 2512 3175 3591 4385 4892 5711 6005 6746 7302 8119 8452 9228 9801
28 7735 9538 4442 1236 6652 5420 5135 5943 5536 7997 2494 241 449 872 1630 2345 2578 3490 3997 4657 5279 5915 6292 6789 7726 8393 9113 9765
27 3183 4967 7901 9568 4309 4520 9250 3004 4968 8225 1289 1276 1830 2326 2862 3736 4545 5599 6113 6369 6767 6995 7464 7862 8620 8993 9844
26 9601 2335 2459 5868 6277 1226 8497 725 2907 3444 3227 1122 1710 2253 2903 3449 3984 4280 4873 5586 6463 6786 7367 8137 9065 9511
30 6261 4801 9887 928 3762 4718 800 4021 3377 5741 8110 5317 5050 9577 1033 1530 2464 3131 3862 4306 5224 5718 6434 6601 7176 7509 8094 8582 9143 9928
26 9053 4107 9236 167 1081 1754 7425 6159 4540 582 779 1281 1929 2181 3056 3955 4394 4784 5490 6233 6469 6855 7831 8344 8790 9644
31 1660 6668 9447 2005 7621 9406 7336 9233 1902 9101 8792 5432 9544 8715 6588 734 1370 1751 2045 2665 3161 3779 4129 4626 5168 6082 6766 7186 8316 8802 9342
29 5254 9718 9361 968 9590 4550 313 9389 1392 4656 3749 3906 9015 2611 217 640 1416 2306 2794 3393 4381 5265 5540 6165 6818 7278 8170 8837 9622
30 4052 1425 9942 1152 1342 2039 5064 4428 1126 3397 41 3345 3472 2267 3006 71 635 1270 1863 2761 3015 3658 4781 5716 6050 7252 7977 8441 8915 9694
29 3875 3756 1348 8872 8834 1735 2955 7863 7554 907 2949 9269 7854 4131 784 914 1792 2552 2968 3321 3722 4434 5338 5975 6733 7683 8647 9407 9911
29 4634 6857 4694 943 5314 1853 8087 9102 1153 1086 7194 3107 236 607 1284 1839 2255 2741 3366 3934 4645 5144 5612 6398 7288 8169 8662 9412 9966
27 2636 6765 7744 3139 9391 3429 213 9377 7741 5486 423 940 1345 1861 2608 3274 3588 3904 4403 5055 5373 6335 7051 7958 8455 8956 9563
27 5798 3765 9930 6374 6876 1198 2382 5073 5205 692 4605 6546 299 807 1578 2100 2567 3446 4009 4878 5675 5899 6988 7088 7385 8688 9703
29 5604 9340 9213 7011 4926 4867 9954 6338 148 7444 2199 4961 5507 7688 593 1506 2002 2988 3677 4206 4848 5600 6480 7126 7529 7966 8710 9424 9815
31 5835 6227 1893 656 9708 4278 311 8262 3364 5122 5565 9981 7582 1510 5678 7887 724 1182 1891 2845 3419 3613 4601 4876 5734 6285 7159 8012 8434 9002 9687
28 6197 9248 8971 4458 5826 91 3420 8874 1643 4226 8113 5285 3038 8909 368 817 1605 2270 3284 4648 5366 5981 6698 7408 7797 8912 9122 9679
32 4119 4469 6671 314 5156 7116 4983 7931 9029 8967 5577 6964 5061 6144 9353 2008 6639 9431 2103 777 1489 2079 2690 3889 4584 5641 6707 7202 7906 8538 8892 9778
28 8267 910 7636 7065 975 8794 9 3089 7019 4775 6627 1240 2010 2715 3100 3549 3957 4542 5186 6093 6417 6799 7294 7810 8495 9089 9367 9990
26 1938 2916 1429 8476 8591 669 9776 121 3074 6135 56 572 1094 1536 1969 2592 3229 4001 4990 5857 6562 6930 7723 8378 8978 9712
25 2635 1204 8952 220 2891 3983 797 5571 2349 1778 99 628 1253 1832 2683 3689 4538 5272 6293 7098 7516 8358 8806 9291 9875
27 3636 9157 9417 3099 2756 5 4185 7237 231 3897 8308 1470 5453 1158 1737 2240 3054 3814 4362 4879 5904 6349 7043 7754 8258 8953 9557
29 1472 6245 2971 2036 7513 8289 9877 3276 5179 3787 5361 900 297 763 1542 2056 2266 2606 3031 3469 4464 4952 5647 6117 6749 7799 8282 8652 9793
34 4753 3628 8566 1217 4356 7651 8602 3723 5971 8667 7372 3424 7508 8784 4419 5723 603 1343 1958 2550 3058 3335 3914 4116 4870 5454 5771 6158 6502 7184 8066 8668 9069 9852
26 3039 8394 4214 7980 1215 2276 2390 608 4594 263 645 1351 1757 2027 2515 3270 4006 4693 5481 6130 6692 7177 7861 8564 9522 9913
29 45 2648 6729 5740 3347 7869 991 249 9597 5871 6636 9170 8062 7215 384 1207 1823 2639 3381 4096 4790 5191 6087 6455 7057 7727 8520 9314 9854
29 9106 2091 9366 434 8266 8458 3553 8939 8336 4222 7471 101 677 897 1569 2072 2612 2896 3526 4007 4191 4549 5427 6189 6902 7171 8071 8689 9922
29 7426 7256 3720 5941 3412 7637 8649 4241 2780 7005 4752 6853 9341 9086 9468 7364 1263 2235 2673 3567 4199 5026 5818 6403 7008 7506 8367 9425 9985
33 2758 2146 27 2599 8261 462 7878 4194 954 5299 2663 4894 5995 566 5375 8216 6121 37 171 792 1725 2558 2906 3340 3994 4522 5119 5683 6385 7156 7833 8734 9843
32 1572 474 9891 7327 8541 1679 1352 5594 1645 9318 6659 6806 10 206 507 805 1800 2164 2424 2818 3192 4002 4755 5165 5493 6161 6327 7016 7416 8188 8550 9364
30 8450 3288 8468 2195 6869 7381 1354 3110 58 1142 8295 6045 7899 712 1662 2114 2392 2701 2997 3612 4350 4975 5502 6120 6735 7357 7812 8349 8998 9944
29 1711 5613 4311 1689 3905 59 4423 6492 4908 1254 7770 5644 328 875 1728 2572 2790 3134 3880 4273 4856 5288 5824 6450 7292 7625 8646 9296 9848
28 5482 4980 8073 2777 3331 1009 4472 6948 153 4727 7912 7433 661 9837 557 1155 1857 2654 3550 4286 4720 5721 6114 6585 7697 8161 8708 9247
34 3060 5801 5324 26 473 9184 4831 2243 2984 3963 9519 2498 7004 7718 531 409 1353 2061 2307 2671 3166 3700 4148 4518 5038 5522 5661 6206 6565 7195 7844 8439 9059 9605
25 5262 4259 6912 7105 7560 4546 5786 3231 3909 4512 3767 1039 1666 2415 3172 3473 4093 4738 5606 6391 6841 7299 7875 8777 9602
24 7545 6623 1053 4828 8878 5808 4663 6254 5870 75 575 1564 2215 2532 2972 3884 4649 5569 6554 7199 8082 8673 9203 9829
32 2038 7175 5997 4144 7028 8828 9222 2833 5676 1018 2991 439 6798 9163 4 253 775 1447 2533 3428 3733 3871 4395 4954 5969 6454 7169 8168 8499 8814 9034 9876
27 8948 336 2358 888 2055 3368 5485 1803 8405 4940 4965 6065 560 1221 1931 2463 2983 3629 4342 5120 6350 6752 7305 7843 8671 9112 9933
29 3171 3972 4957 6379 674 5411 6539 1640 8496 6325 4682 6055 72 404 623 1461 1943 2884 3632 4500 5020 5570 5800 6457 6811 7497 8353 9344 9713
29 7995 330 130 3300 7330 4819 6905 7600 9071 5551 4418 7907 40 218 527 1056 1528 1821 2591 3488 4192 4707 5223 5708 6885 7698 8106 9185 9820
32 3440 5645 4507 7481 5456 1462 3821 5802 2546 9588 9028 8749 8317 9556 106 414 918 1553 2214 2812 3438 4111 4527 5331 5993 6548 7273 7960 8377 9033 9422 9892
26 4974 476 8130 7870 6210 2148 7247 1135 3624 5225 3769 6148 1029 1642 2233 2981 3514 3969 4291 4748 5766 6346 7255 8428 9097 9766
25 7313 1573 1712 6815 319 2207 3565 2842 6526 7568 2107 1317 2385 3135 3759 4177 4717 5177 5906 6608 7428 7985 8524 9350 9948
28 4760 2765 1805 9559 5102 974 9067 1413 6080 714 8387 6088 946 77 425 1432 2082 2941 3204 3841 4265 5104 5980 6999 7664 8528 9127 9362
27 993 8143 9636 5052 7374 198 1507 9471 9512 442 3008 7936 369 863 1469 2420 3230 3643 4370 4792 5564 6185 6710 7376 8104 8857 9707
34 8858 1130 5889 7458 6718 7842 87 1102 9355 4482 9950 3842 1762 2749 1136 6133 9802 6647 107 367 1381 1915 2762 3046 3847 4597 5141 5974 6629 7087 7847 8655 8987 9908
31 3592 5595 7358 6459 1923 147 8877 2033 9513 3597 4536 8810 4461 6680 7315 537 24 597 1935 2409 3202 3888 4088 4987 5327 6297 6549 7387 8361 9162 9912
28 7678 9925 2191 9131 7528 6551 1174 7056 7532 6443 9682 3066 6947 7341 360 629 1350 2259 2935 3443 3874 4475 5169 5788 6825 7476 8556 9496
32 9159 2607 2793 6635 5797 1612 2838 7592 6310 7150 96 5754 1731 882 2016 3531 183 379 644 1529 2624 3433 4420 4846 5480 5806 6467 7092 7768 8224 8888 9593
31 327 1752 3575 9967 5313 221 2136 5512 261 5259 7615 5139 9572 7885 7649 1070 1815 2688 2940 3703 4554 5199 5900 6328 6732 7113 7624 8290 8741 9420 9757
33 2414 5476 3367 5542 675 6708 600 729 7053 7155 699 8146 5789 5717 5204 1990 12 274 605 1361 2447 2976 3635 4237 5032 5396 6115 6827 7706 8431 8785 9334 9865
25 9049 1833 6046 1499 3318 8189 1341 1454 7934 8470 4184 293 892 2127 3212 3664 3995 4231 4981 5791 6848 7657 8270 9144 9968
30 2711 3899 6275 3557 8968 987 9317 3313 8284 3662 5605 3900 1699 1705 6960 5065 403 1106 1904 2644 3050 3961 4715 5114 5946 6517 7677 8438 9114 9975
32 558 3128 6284 4566 7816 1389 7443 6006 1137 4439 9088 8789 3687 2786 9343 88 587 1279 1856 2224 2638 3035 3796 4824 5745 6643 6838 7480 8154 8746 9596 9917
29 8896 8781 7384 1835 7845 9078 2680 3416 2290 5685 362 9527 139 296 984 1557 2046 2720 3559 4374 5098 5753 6163 6759 6938 7873 8875 9665 9973
30 2823 4246 4802 3518 7117 83 1910 7303 9579 5698 1211 2530 3071 19 378 710 1176 1867 2225 2707 3538 4321 4854 5744 6685 7040 7696 8435 8944 9634
24 1377 416 9732 8829 941 5304 3102 3509 20 9697 6614 826 1200 1603 2544 3262 4389 5012 6034 6538 7137 8153 8827 9831
31 681 8299 6720 8870 1818 8462 2289 6378 3180 6066 8929 5021 9204 284 1002 1720 2190 2912 3598 3926 4631 5693 6064 6390 6776 6963 7798 8138 8656 9047 9621
29 602 2795 6871 9229 2194 5282 2017 5652 1156 6784 869 4014 7978 142 410 1681 2111 2764 3355 4026 4795 5429 6007 6609 7073 7767 8523 9001 9824
33 4960 5160 9104 659 2096 5964 3095 7346 305 9295 9972 1633 7523 6074 1678 126 6576 418 1167 1620 2457 3040 3627 4388 5319 5924 6470 7091 7505 8123 8822 9459 9845
29 7566 6935 3851 1525 1747 2354 3358 4762 7631 7422 4063 8194 136 400 1172 1759 2377 3109 4047 4857 5212 6033 6624 7429 8098 8716 8969 9322 9780
25 8980 1038 7060 8791 4293 4161 169 7221 1875 233 262 576 1087 2193 2616 3257 3556 4563 5566 6287 6941 7574 8406 8938 9683
27 1753 68 2472 9467 1680 1249 6175 830 7687 6157 1993 191 331 437 927 1878 2620 3022 3740 4568 4966 5773 6476 7083 8043 8986 9628
30 4398 6347 4327 7910 3427 7661 7419 4074 270 4013 79 5621 8009 450 1168 1738 2218 2859 3374 3502 4110 4834 5397 6219 6579 7197 7665 8433 9094 9809
28 5370 4501 49 4650 9268 3346 5916 4264 9363 7069 9813 6833 4897 1445 1286 1897 2162 2513 3329 3834 4313 4903 5498 6024 6821 7365 7909 9062
25 493 9662 8903 4560 743 947 6619 6011 6503 3092 7756 438 1088 1945 2880 3365 3745 4406 5091 5686 6381 6951 7556 8660 9684
26 3123 3209 1365 4607 9329 7390 6893 66 3173 2565 18 802 1242 1988 2555 3132 3812 4679 5017 5642 6645 7154 8022 8604 9345 9722
28 9141 9200 1675 9856 3541 4044 4882 5874 5816 3296 617 2791 267 1026 2012 2594 3087 3304 3917 4509 5236 5873 6602 7024 7466 8233 8911 9686
30 7822 846 3027 4200 5619 110 1228 2549 6220 6119 4623 335 2925 5517 850 1559 2168 2647 3445 4000 4641 5246 5471 5888 6722 7144 7410 8609 9147 9896
28 9054 7946 1113 8356 6516 1797 6719 2022 5449 9859 7583 8799 909 2213 2740 3289 3599 4114 4664 5821 6339 6779 6949 7282 8205 8430 9003 9938
32 4071 6683 3919 9817 4677 3479 7227 7629 8901 5880 4537 9631 6169 7089 3062 7996 7414 1186 1906 2708 3011 3638 3865 4587 5222 5543 6205 6919 7334 7990 8522 9658
29 8172 2996 23 6402 2401 6057 6800 9525 8817 7223 5897 6413 302 912 1379 1654 2456 3547 4178 4742 5445 6094 6497 6775 7246 8186 8754 9430 9883
28 4904 9791 2003 3186 6473 5749 1799 7059 1406 1606 4541 5280 7593 4347 808 1683 2573 2934 3843 4575 5060 5976 6458 6997 7499 8247 9105 9680
29 8407 1060 8273 4104 5170 832 4218 8643 3973 7734 5470 4097 239 847 1440 2244 2689 3389 4069 4517 4840 5579 6498 6874 7588 8036 8398 8930 9546
28 3363 7487 9336 3373 5574 1854 7268 2946 5479 4010 9530 4569 4042 8037 6479 1105 1616 2379 3431 3970 5124 5810 6633 7420 8115 8865 9287 9897
34 2921 4830 8366 5903 9352 7351 8714 9955 6256 5346 8973 8738 8632 8045 3758 8964 7066 144 840 1446 1760 2177 2646 3079 3617 4310 4698 4986 5458 6540 7378 8255 8907 9728
28 8946 3240 4303 7475 2394 1485 8089 8140 7570 5078 3800 2311 5240 28 693 1316 1836 2256 3073 4210 4895 5656 5891 6397 7203 8023 8616 9931
27 4611 9992 3903 8841 8766 6750 1694 7459 2453 5920 4270 5582 1596 412 1120 1693 2503 3731 4448 5131 6140 7102 7784 8047 8678 9182 9825
31 7324 6214 5898 6910 229 4005 9165 5878 8013 9964 361 5616 364 8096 163 731 1463 1796 2404 3219 3653 4491 4763 5700 5982 6794 7860 8457 8943 9183 9986
27 8786 2297 5608 544 1417 2101 3243 6160 7108 189 4806 8252 459 5257 5255 1119 1623 2402 2844 3881 4366 5431 6040 7219 8300 9303 9886
27 1813 4338 5632 8726 6697 9466 1308 958 9711 4558 4866 8696 339 902 1309 2220 2438 2789 3349 3935 4918 5905 6702 7438 8650 9238 9698
32 2805 8835 3460 4896 1996 8463 3055 4456 1458 475 5825 4675 9025 4978 334 804 1201 2324 2501 2792 3537 3945 4477 4835 5321 5699 6382 6994 7318 7943 8990 9833
26 4935 3991 8919 1241 3320 1919 3400 8868 6899 6631 5987 754 933 1997 2769 3241 3966 4317 4899 6047 6769 7320 7866 8454 9244 9936
32 3210 5031 6563 1898 190 5071 7503 115 8601 4845 180 3539 2831 9536 1327 9782 7326 899 1687 2121 2684 3221 3478 4019 4596 5508 6224 7284 7954 8527 9256 9952
31 207 528 9772 1283 6393 5434 7830 5627 2871 7788 7178 8114 34 494 1159 1582 2483 2806 3466 3813 4213 5369 5758 6248 6945 7771 8131 8271 8914 9046 9851
27 8044 6980 1956 7279 8701 7719 7450 8332 1376 1718 205 3818 856 1523 2460 3510 4284 4869 5394 6086 6383 7248 7982 8540 8867 9491 9869
29 8078 6687 7014 6928 2013 5390 7097 359 758 7963 9486 5294 1665 7722 307 1301 2092 2843 3739 4113 4652 5251 5887 6253 6388 7291 7898 8736 9639
25 9282 4057 8513 9806 1917 6976 8665 2982 7834 1978 9188 3082 1092 1541 1872 2752 3457 4274 4872 5519 6361 7356 8223 8751 9339
29 3452 2649 9787 7922 5534 5714 4785 4833 9673 5746 2362 7550 6916 2980 1147 1649 2356 2840 3467 4262 5118 5278 6426 6875 7519 7973 8758 9320 9609
24 9058 6257 1339 3126 2966 4788 8793 1046 618 7100 4793 2084 904 2098 2960 3836 4387 5289 5807 6612 7317 7801 8812 9472
24 7277 8183 1896 8906 6267 2538 6183 9830 1877 8180 8385 471 1220 1954 2364 3064 3675 4800 5732 6734 7884 8347 9142 9653
33 6198 8440 9747 1205 5860 1802 9311 3753 5468 5762 542 4907 6022 5392 242 798 1722 2481 2917 3486 4072 4729 5145 5877 6124 6656 6887 7340 7562 8319 8898 9012 9752
26 7138 2847 8464 627 8264 8135 7778 7143 2641 6415 447 178 506 982 1838 2964 3644 4429 5367 5948 6672 6985 7714 8486 9274 9779
34 4172 8372 5966 5237 9592 5148 8642 6666 8894 4090 1063 4860 776 5184 6431 9894 845 1177 228 704 1145 1967 2476 3113 3584 4367 5015 5923 6530 7145 7612 8478 9153 9835
32 1641 8383 2152 8003 8178 5578 5306 8129 5573 3714 668 9452 9873 9799 116 348 524 1170 1880 2471 2962 3596 4117 4725 5377 5844 6472 7386 8484 8627 9315 9671
30 3590 1062 5206 1558 1787 5796 9919 4992 7676 8825 6478 6012 6561 4871 6 520 821 1740 2443 3020 3661 4435 5447 5725 6360 7217 7765 8384 9332 9997
29 8551 5336 128 9640 1430 4089 7111 9798 2116 700 1006 4820 85 829 1358 1790 2119 2534 2986 3521 4624 5483 5702 6128 7054 8011 8517 9129 9889
32 6638 7720 6151 1560 3744 1243 3480 2426 2309 247 8444 9514 8219 7537 5707 312 1024 1457 1925 2386 3264 3524 3941 4197 4702 5286 6071 7107 8155 8576 9198 9751
28 3423 7539 3951 8820 851 4243 6438 4051 6525 8323 8555 8959 6626 503 1199 1047 1888 2626 3566 4242 4919 5805 6851 7296 8105 8764 9266 9971
29 6056 8644 4796 7871 2755 3049 9745 3794 7753 3891 5386 1508 451 1100 1983 2178 2855 3306 3563 4368 4726 5351 6083 6814 7269 7710 8199 8862 9661
29 3153 159 7183 2293 7679 3205 9395 6615 1292 2967 9276 7403 2987 5928 8636 842 1438 1968 2798 3344 4080 4617 5309 6100 6571 7270 7468 8368 9356
28 9151 5524 7329 7449 873 2232 5100 5869 2278 8614 1955 7533 5681 472 1132 1588 1848 2511 2938 4253 5330 6356 7123 7445 7967 8515 9449 9961
28 9488 4701 9743 8234 2021 8426 6957 2210 9201 9032 511 120 707 1224 1763 2519 2961 3432 3830 4479 5101 6004 6521 7070 8020 8338 9075 9878
25 9861 9166 5360 3018 3721 6291 2742 8955 9947 4502 6575 1230 1913 2242 2872 3999 4593 4982 5763 6194 6793 6986 8376 9242 9652
33 175 6330 2496 4754 69 291 2236 6359 4031 373 1262 6555 2074 47 4767 4916 539 1108 1448 2032 2557 3148 3908 4459 5132 5646 6109 7198 7628 8005 8661 8994 9578
26 5062 1271 5917 7575 420 4095 1023 650 8075 2623 255 790 1804 2186 3010 3618 4041 4588 5174 5850 6590 7122 7536 8420 8807 9649
23 9168 6600 8049 8532 1899 347 5178 7049 129 529 1234 2089 2595 3261 3996 4371 5207 5929 6878 7344 7712 8659 9474
32 8404 3929 5462 1562 5670 7981 9300 4902 9920 1162 8782 6755 1991 1653 7690 772 1474 1976 2419 3506 3986 4357 4912 5355 5755 5935 6389 7114 7663 7993 8883 9763
30 835 8698 1734 479 5151 3573 9571 468 3034 388 7783 4142 2588 7820 738 1274 1655 2703 2978 3501 3937 4154 5037 5444 6188 6829 7404 8197 8848 9535
32 2563 6931 8052 3620 1674 7316 257 1128 6453 6019 1874 1727 3188 2254 583 1423 1970 2341 2929 3886 4559 5283 5767 6399 6882 7209 7746 7889 8217 9061 9508 9842
27 9155 548 9190 1138 9818 5096 604 8302 2296 2957 214 509 1464 2060 2875 3312 3965 4396 4921 5751 6023 6514 6969 7512 8126 9174 9480
28 7080 8152 9408 4391 4627 6411 636 9325 1652 7530 4407 5284 819 353 959 1844 2441 3271 4108 4483 5080 5856 6591 7238 7813 8092 8928 9976
28 6440 4804 8590 422 4573 6437 2802 4774 3152 2449 3924 6577 8265 8694 549 1395 2227 2721 3940 4783 5256 6016 6795 7241 8133 8767 9439 9949
29 187 3827 275 8740 5436 3544 1493 6611 5111 6679 287 5208 490 853 1995 2559 3251 3833 4421 5003 5553 5864 6745 7161 7644 7802 8516 9060 9616
27 6507 4433 2933 5058 7988 9795 4315 7682 9674 6900 5054 7134 345 1264 1989 2820 3362 4132 4681 4972 5691 6790 7079 8031 8592 9145 9608
30 9321 188 1926 8445 9629 740 8913 8001 893 8691 9103 6108 3057 836 6537 22 289 922 1213 2062 2898 4055 4809 5563 6309 7389 7874 8530 9387 9901
28 654 5383 9695 3640 338 1098 546 7271 6662 1812 3958 3826 6441 467 1059 1481 1998 2397 3146 3691 4465 4938 5792 6445 7347 8190 8975 9874
23 3873 5241 4976 8727 6230 9381 9225 517 953 5738 761 1686 2753 3527 4346 5220 6062 6873 7868 8326 8732 9272 9963
29 9371 1247 5696 397 8840 7243 8148 4490 7654 7187 29 399 774 1146 1819 2615 3325 4158 4488 5227 5852 6317 6709 7309 8187 8963 9442 9619 9943
26 7828 6557 4122 5896 9864 4589 2656 756 8100 6650 1367 3048 97 1305 1984 2262 2963 3577 4714 5406 6028 6831 7454 8396 9000 9834
32 2150 3075 2090 612 8586 6410 1282 5862 3105 4776 2508 6678 3395 1570 2850 3876 143 562 972 1795 2322 2631 3669 4157 5197 5303 5990 6302 6644 7792 8846 9663
27 8141 3860 3361 9669 7605 1420 718 84 9455 8276 260 2810 3748 316 1328 2237 2865 3477 4276 4761 5163 6125 6880 7941 8882 9585 9822
30 750 4067 9484 7046 3637 2867 3303 8370 469 9503 1786 2807 6830 9600 1075 1791 2133 2825 3414 3915 4257 4604 5548 6015 6677 7561 8063 8427 9232 9788
30 4474 3302 9899 7430 3091 6395 5843 1598 100 9532 3032 6271 977 2582 140 938 1318 2308 3124 3854 4344 5088 5989 6362 7037 7587 7933 8408 9460 9978
32 1566 773 9584 667 4151 7086 9939 8477 855 5648 7023 737 192 6142 7162 453 1028 1571 2226 2779 3311 3515 4328 4799 5607 6412 6937 7640 8501 8866 9573 9999
